Using device: cuda
Conformer(
  (encoder): ConformerEncoder(
    (conv_subsample): Conv2dSubampling(
      (sequential): Sequential(
        (0): Conv2d(1, 128, kernel_size=(3, 3), stride=(2, 2))
        (1): ReLU()
        (2): Conv2d(128, 128, kernel_size=(3, 3), stride=(2, 2))
        (3): ReLU()
      )
    )
    (input_projection): Sequential(
      (0): Linear(
        (linear): Linear(in_features=2432, out_features=128, bias=True)
      )
      (1): Dropout(p=0.1, inplace=False)
    )
    (layers): ModuleList(
      (0): ConformerBlock(
        (sequential): Sequential(
          (0): ResidualConnectionModule(
            (module): FeedForwardModule(
              (sequential): Sequential(
                (0): LayerNorm((128,), eps=1e-05, elementwise_affine=True)
                (1): Linear(
                  (linear): Linear(in_features=128, out_features=512, bias=True)
                )
                (2): Swish()
                (3): Dropout(p=0.1, inplace=False)
                (4): Linear(
                  (linear): Linear(in_features=512, out_features=128, bias=True)
                )
                (5): Dropout(p=0.1, inplace=False)
              )
            )
          )
          (1): ResidualConnectionModule(
            (module): MultiHeadedSelfAttentionModule(
              (positional_encoding): RelPositionalEncoding()
              (layer_norm): LayerNorm((128,), eps=1e-05, elementwise_affine=True)
              (attention): RelativeMultiHeadAttention(
                (query_proj): Linear(
                  (linear): Linear(in_features=128, out_features=128, bias=True)
                )
                (key_proj): Linear(
                  (linear): Linear(in_features=128, out_features=128, bias=True)
                )
                (value_proj): Linear(
                  (linear): Linear(in_features=128, out_features=128, bias=True)
                )
                (pos_proj): Linear(
                  (linear): Linear(in_features=128, out_features=128, bias=False)
                )
                (dropout): Dropout(p=0.1, inplace=False)
                (out_proj): Linear(
                  (linear): Linear(in_features=128, out_features=128, bias=True)
                )
              )
              (dropout): Dropout(p=0.1, inplace=False)
            )
          )
          (2): ResidualConnectionModule(
            (module): ConformerConvModule(
              (sequential): Sequential(
                (0): LayerNorm((128,), eps=1e-05, elementwise_affine=True)
                (1): Transpose()
                (2): PointwiseConv1d(
                  (conv): Conv1d(128, 256, kernel_size=(1,), stride=(1,))
                )
                (3): GLU()
                (4): DepthwiseConv1d(
                  (conv): Conv1d(128, 128, kernel_size=(31,), stride=(1,), padding=(15,), groups=128, bias=False)
                )
                (5): BatchNorm1d(128, eps=1e-05, momentum=0.1, affine=True, track_running_stats=True)
                (6): Swish()
                (7): PointwiseConv1d(
                  (conv): Conv1d(128, 128, kernel_size=(1,), stride=(1,))
                )
                (8): Dropout(p=0.1, inplace=False)
              )
            )
          )
          (3): ResidualConnectionModule(
            (module): FeedForwardModule(
              (sequential): Sequential(
                (0): LayerNorm((128,), eps=1e-05, elementwise_affine=True)
                (1): Linear(
                  (linear): Linear(in_features=128, out_features=512, bias=True)
                )
                (2): Swish()
                (3): Dropout(p=0.1, inplace=False)
                (4): Linear(
                  (linear): Linear(in_features=512, out_features=128, bias=True)
                )
                (5): Dropout(p=0.1, inplace=False)
              )
            )
          )
          (4): LayerNorm((128,), eps=1e-05, elementwise_affine=True)
        )
      )
      (1): ConformerBlock(
        (sequential): Sequential(
          (0): ResidualConnectionModule(
            (module): FeedForwardModule(
              (sequential): Sequential(
                (0): LayerNorm((128,), eps=1e-05, elementwise_affine=True)
                (1): Linear(
                  (linear): Linear(in_features=128, out_features=512, bias=True)
                )
                (2): Swish()
                (3): Dropout(p=0.1, inplace=False)
                (4): Linear(
                  (linear): Linear(in_features=512, out_features=128, bias=True)
                )
                (5): Dropout(p=0.1, inplace=False)
              )
            )
          )
          (1): ResidualConnectionModule(
            (module): MultiHeadedSelfAttentionModule(
              (positional_encoding): RelPositionalEncoding()
              (layer_norm): LayerNorm((128,), eps=1e-05, elementwise_affine=True)
              (attention): RelativeMultiHeadAttention(
                (query_proj): Linear(
                  (linear): Linear(in_features=128, out_features=128, bias=True)
                )
                (key_proj): Linear(
                  (linear): Linear(in_features=128, out_features=128, bias=True)
                )
                (value_proj): Linear(
                  (linear): Linear(in_features=128, out_features=128, bias=True)
                )
                (pos_proj): Linear(
                  (linear): Linear(in_features=128, out_features=128, bias=False)
                )
                (dropout): Dropout(p=0.1, inplace=False)
                (out_proj): Linear(
                  (linear): Linear(in_features=128, out_features=128, bias=True)
                )
              )
              (dropout): Dropout(p=0.1, inplace=False)
            )
          )
          (2): ResidualConnectionModule(
            (module): ConformerConvModule(
              (sequential): Sequential(
                (0): LayerNorm((128,), eps=1e-05, elementwise_affine=True)
                (1): Transpose()
                (2): PointwiseConv1d(
                  (conv): Conv1d(128, 256, kernel_size=(1,), stride=(1,))
                )
                (3): GLU()
                (4): DepthwiseConv1d(
                  (conv): Conv1d(128, 128, kernel_size=(31,), stride=(1,), padding=(15,), groups=128, bias=False)
                )
                (5): BatchNorm1d(128, eps=1e-05, momentum=0.1, affine=True, track_running_stats=True)
                (6): Swish()
                (7): PointwiseConv1d(
                  (conv): Conv1d(128, 128, kernel_size=(1,), stride=(1,))
                )
                (8): Dropout(p=0.1, inplace=False)
              )
            )
          )
          (3): ResidualConnectionModule(
            (module): FeedForwardModule(
              (sequential): Sequential(
                (0): LayerNorm((128,), eps=1e-05, elementwise_affine=True)
                (1): Linear(
                  (linear): Linear(in_features=128, out_features=512, bias=True)
                )
                (2): Swish()
                (3): Dropout(p=0.1, inplace=False)
                (4): Linear(
                  (linear): Linear(in_features=512, out_features=128, bias=True)
                )
                (5): Dropout(p=0.1, inplace=False)
              )
            )
          )
          (4): LayerNorm((128,), eps=1e-05, elementwise_affine=True)
        )
      )
    )
  )
  (fc): Linear(
    (linear): Linear(in_features=128, out_features=35, bias=False)
  )
)
[Info] 初始模型權重已從 ./checkpoints/h0.pt 加載。
[Info] 保存檢查點到 ./checkpoints/20250105_213429

Epoch 1/20
Step 0, Loss: 1.9446
Step 10, Loss: 1.8674
Step 20, Loss: 1.8752
Step 30, Loss: 1.9213
Step 40, Loss: 1.9472
Step 50, Loss: 1.8974
Step 60, Loss: 1.8068
Step 70, Loss: 1.8701
Step 80, Loss: 1.8104
Step 90, Loss: 1.8395
Step 100, Loss: 1.8146
Step 110, Loss: 1.8179
Step 120, Loss: 1.8615
Step 130, Loss: 1.7202
Step 140, Loss: 1.8532
Step 150, Loss: 1.7427
Step 160, Loss: 1.7304
Step 170, Loss: 1.8027
Step 180, Loss: 1.7569
Step 190, Loss: 1.7264
Step 200, Loss: 1.7767
Step 210, Loss: 1.8013
Step 220, Loss: 1.8353
Step 230, Loss: 1.8424
Step 240, Loss: 1.8945
Step 250, Loss: 1.7965
Step 260, Loss: 1.7301
Step 270, Loss: 1.7052
Step 280, Loss: 1.8008
Step 290, Loss: 1.7735
Step 300, Loss: 1.8020
Step 310, Loss: 1.7848
Step 320, Loss: 1.8435
Step 330, Loss: 1.7472
Step 340, Loss: 1.7692
Step 350, Loss: 1.8212
Step 360, Loss: 1.6598
Step 370, Loss: 1.7191
Step 380, Loss: 1.6707
Step 390, Loss: 1.8003
Step 400, Loss: 1.7057
Step 410, Loss: 1.7208
Step 420, Loss: 1.7554
Step 430, Loss: 1.7887
Step 440, Loss: 1.7865
Step 450, Loss: 1.7415
Step 460, Loss: 1.7298
Step 470, Loss: 1.7144
Step 480, Loss: 1.6686
Step 490, Loss: 1.8113
Step 500, Loss: 1.7559
Step 510, Loss: 1.7559
Step 520, Loss: 1.9159
Step 530, Loss: 1.8265
Step 540, Loss: 1.7750
Step 550, Loss: 1.7565
Step 560, Loss: 1.7358
Step 570, Loss: 1.6654
Step 580, Loss: 1.7783
Step 590, Loss: 1.7729
Step 600, Loss: 1.7444
Step 610, Loss: 1.6166
Step 620, Loss: 1.7181
Step 630, Loss: 1.7808
Step 640, Loss: 1.6921
Step 650, Loss: 1.8151
Step 660, Loss: 1.6965
Step 670, Loss: 1.8065
Step 680, Loss: 1.7355
Step 690, Loss: 1.8772
Step 700, Loss: 1.7227
Step 710, Loss: 1.6521
Step 720, Loss: 1.7312
Step 730, Loss: 1.6903
Step 740, Loss: 1.6780
Step 750, Loss: 1.7280
Step 760, Loss: 1.8202
Step 770, Loss: 1.7699
Step 780, Loss: 1.7730
Step 790, Loss: 1.6730
Step 800, Loss: 1.8656
Step 810, Loss: 1.7990
Step 820, Loss: 1.8355
Step 830, Loss: 1.6166
Step 840, Loss: 1.6457
Step 850, Loss: 1.6875
Step 860, Loss: 1.7455
Step 870, Loss: 1.7011
Step 880, Loss: 1.8231
Step 890, Loss: 1.7195
Step 900, Loss: 1.7370
Step 910, Loss: 1.7038
Step 920, Loss: 1.6772
Step 930, Loss: 1.6349
Step 940, Loss: 1.7507
Step 950, Loss: 1.7142
Step 960, Loss: 1.8015
Step 970, Loss: 1.7846
Step 980, Loss: 1.7825
Step 990, Loss: 1.6806
Epoch 1, Average Loss: 1.7593
[Info] 模型檢查點已保存至 ./checkpoints/20250105_213429/epoch_1.pt

Epoch 2/20
Step 0, Loss: 1.7632
Step 10, Loss: 1.6308
Step 20, Loss: 1.7421
Step 30, Loss: 1.7304
Step 40, Loss: 1.7291
Step 50, Loss: 1.7325
Step 60, Loss: 1.7432
Step 70, Loss: 1.6730
Step 80, Loss: 1.7575
Step 90, Loss: 1.7269
Step 100, Loss: 1.6686
Step 110, Loss: 1.8570
Step 120, Loss: 1.6444
Step 130, Loss: 1.6448
Step 140, Loss: 1.7092
Step 150, Loss: 1.6796
Step 160, Loss: 1.6893
Step 170, Loss: 1.7030
Step 180, Loss: 1.7104
Step 190, Loss: 1.6967
Step 200, Loss: 1.6979
Step 210, Loss: 1.6912
Step 220, Loss: 2.0109
Step 230, Loss: 1.6896
Step 240, Loss: 1.7798
Step 250, Loss: 1.8261
Step 260, Loss: 1.7550
Step 270, Loss: 1.6438
Step 280, Loss: 1.5980
Step 290, Loss: 1.6542
Step 300, Loss: 1.7837
Step 310, Loss: 1.7427
Step 320, Loss: 1.7596
Step 330, Loss: 1.6918
Step 340, Loss: 1.6140
Step 350, Loss: 1.7682
Step 360, Loss: 1.6058
Step 370, Loss: 1.6595
Step 380, Loss: 1.6932
Step 390, Loss: 1.6738
Step 400, Loss: 1.6369
Step 410, Loss: 1.5937
Step 420, Loss: 1.6800
Step 430, Loss: 1.6966
Step 440, Loss: 1.6726
Step 450, Loss: 1.6687
Step 460, Loss: 1.6192
Step 470, Loss: 1.6918
Step 480, Loss: 1.5953
Step 490, Loss: 1.7695
Step 500, Loss: 1.7148
Step 510, Loss: 1.8601
Step 520, Loss: 1.8001
Step 530, Loss: 1.7006
Step 540, Loss: 1.6898
Step 550, Loss: 1.6702
Step 560, Loss: 1.6329
Step 570, Loss: 1.7112
Step 580, Loss: 1.7847
Step 590, Loss: 1.6899
Step 600, Loss: 1.7338
Step 610, Loss: 1.6181
Step 620, Loss: 1.7802
Step 630, Loss: 1.6696
Step 640, Loss: 1.6652
Step 650, Loss: 1.6924
Step 660, Loss: 1.6217
Step 670, Loss: 1.8522
Step 680, Loss: 1.7356
Step 690, Loss: 1.7661
Step 700, Loss: 1.6844
Step 710, Loss: 1.6782
Step 720, Loss: 1.7828
Step 730, Loss: 1.6221
Step 740, Loss: 1.6390
Step 750, Loss: 1.6935
Step 760, Loss: 1.7576
Step 770, Loss: 1.6928
Step 780, Loss: 1.6513
Step 790, Loss: 1.6852
Step 800, Loss: 1.7496
Step 810, Loss: 1.7287
Step 820, Loss: 1.6706
Step 830, Loss: 1.6330
Step 840, Loss: 1.6804
Step 850, Loss: 1.6512
Step 860, Loss: 1.6794
Step 870, Loss: 1.7147
Step 880, Loss: 1.7886
Step 890, Loss: 1.6532
Step 900, Loss: 1.6807
Step 910, Loss: 1.6474
Step 920, Loss: 1.6519
Step 930, Loss: 1.6240
Step 940, Loss: 1.6985
Step 950, Loss: 1.7025
Step 960, Loss: 1.7373
Step 970, Loss: 1.7230
Step 980, Loss: 1.7323
Step 990, Loss: 1.6224
Epoch 2, Average Loss: 1.7019
[Info] 模型檢查點已保存至 ./checkpoints/20250105_213429/epoch_2.pt

Epoch 3/20
Step 0, Loss: 1.7602
Step 10, Loss: 1.6945
Step 20, Loss: 1.6854
Step 30, Loss: 1.7184
Step 40, Loss: 1.7373
Step 50, Loss: 1.6715
Step 60, Loss: 1.7302
Step 70, Loss: 1.6547
Step 80, Loss: 1.7255
Step 90, Loss: 1.7328
Step 100, Loss: 1.6784
Step 110, Loss: 1.8108
Step 120, Loss: 1.7063
Step 130, Loss: 1.7156
Step 140, Loss: 1.7207
Step 150, Loss: 1.5957
Step 160, Loss: 1.6670
Step 170, Loss: 1.6081
Step 180, Loss: 1.6484
Step 190, Loss: 1.6196
Step 200, Loss: 1.6858
Step 210, Loss: 1.5828
Step 220, Loss: 1.7675
Step 230, Loss: 1.7005
Step 240, Loss: 1.7873
Step 250, Loss: 1.8021
Step 260, Loss: 1.7380
Step 270, Loss: 1.6005
Step 280, Loss: 1.6124
Step 290, Loss: 1.5757
Step 300, Loss: 1.6454
Step 310, Loss: 1.7315
Step 320, Loss: 1.7073
Step 330, Loss: 1.6122
Step 340, Loss: 1.5704
Step 350, Loss: 1.7148
Step 360, Loss: 1.5758
Step 370, Loss: 1.6048
Step 380, Loss: 1.6509
Step 390, Loss: 1.6509
Step 400, Loss: 1.5828
Step 410, Loss: 1.5789
Step 420, Loss: 1.6981
Step 430, Loss: 1.6285
Step 440, Loss: 1.6250
Step 450, Loss: 1.5975
Step 460, Loss: 1.6132
Step 470, Loss: 1.6583
Step 480, Loss: 1.6071
Step 490, Loss: 1.7285
Step 500, Loss: 1.6862
Step 510, Loss: 1.7738
Step 520, Loss: 1.7176
Step 530, Loss: 1.6333
Step 540, Loss: 1.7091
Step 550, Loss: 1.6343
Step 560, Loss: 1.5802
Step 570, Loss: 1.6448
Step 580, Loss: 1.6933
Step 590, Loss: 1.6480
Step 600, Loss: 1.7225
Step 610, Loss: 1.5868
Step 620, Loss: 1.7308
Step 630, Loss: 1.6937
Step 640, Loss: 1.6351
Step 650, Loss: 1.6907
Step 660, Loss: 1.6070
Step 670, Loss: 1.8165
Step 680, Loss: 1.7507
Step 690, Loss: 1.6672
Step 700, Loss: 1.6407
Step 710, Loss: 1.6880
Step 720, Loss: 1.7522
Step 730, Loss: 1.6162
Step 740, Loss: 1.6769
Step 750, Loss: 1.6191
Step 760, Loss: 1.6513
Step 770, Loss: 1.7229
Step 780, Loss: 1.6144
Step 790, Loss: 1.6858
Step 800, Loss: 1.6935
Step 810, Loss: 1.7013
Step 820, Loss: 1.6739
Step 830, Loss: 1.6428
Step 840, Loss: 1.6544
Step 850, Loss: 1.6160
Step 860, Loss: 1.5826
Step 870, Loss: 1.7133
Step 880, Loss: 1.7255
Step 890, Loss: 1.6034
Step 900, Loss: 1.7007
Step 910, Loss: 1.6317
Step 920, Loss: 1.6230
Step 930, Loss: 1.6092
Step 940, Loss: 1.6067
Step 950, Loss: 1.7632
Step 960, Loss: 1.5874
Step 970, Loss: 1.7784
Step 980, Loss: 1.7095
Step 990, Loss: 1.6121
Epoch 3, Average Loss: 1.6820
[Info] 模型檢查點已保存至 ./checkpoints/20250105_213429/epoch_3.pt

Epoch 4/20
Step 0, Loss: 1.6960
Step 10, Loss: 1.6166
Step 20, Loss: 1.6633
Step 30, Loss: 1.7182
Step 40, Loss: 1.7782
Step 50, Loss: 1.6669
Step 60, Loss: 1.7051
Step 70, Loss: 1.7136
Step 80, Loss: 1.6276
Step 90, Loss: 1.7455
Step 100, Loss: 1.6972
Step 110, Loss: 1.6134
Step 120, Loss: 1.6761
Step 130, Loss: 1.6915
Step 140, Loss: 1.5771
Step 150, Loss: 1.7086
Step 160, Loss: 1.6445
Step 170, Loss: 1.5646
Step 180, Loss: 1.6819
Step 190, Loss: 1.6261
Step 200, Loss: 1.6259
Step 210, Loss: 1.5785
Step 220, Loss: 1.8102
Step 230, Loss: 1.5714
Step 240, Loss: 1.8014
Step 250, Loss: 1.7529
Step 260, Loss: 1.6630
Step 270, Loss: 1.6377
Step 280, Loss: 1.5335
Step 290, Loss: 1.6464
Step 300, Loss: 1.7111
Step 310, Loss: 1.7276
Step 320, Loss: 1.6962
Step 330, Loss: 1.6371
Step 340, Loss: 1.5487
Step 350, Loss: 1.7110
Step 360, Loss: 1.5721
Step 370, Loss: 1.5950
Step 380, Loss: 1.6306
Step 390, Loss: 1.6968
Step 400, Loss: 1.5649
Step 410, Loss: 1.5514
Step 420, Loss: 1.6653
Step 430, Loss: 1.6136
Step 440, Loss: 1.5082
Step 450, Loss: 1.6318
Step 460, Loss: 1.5853
Step 470, Loss: 1.6590
Step 480, Loss: 1.6006
Step 490, Loss: 1.7184
Step 500, Loss: 1.6672
Step 510, Loss: 1.9058
Step 520, Loss: 1.6362
Step 530, Loss: 1.6187
Step 540, Loss: 1.7157
Step 550, Loss: 1.6484
Step 560, Loss: 1.6054
Step 570, Loss: 1.6943
Step 580, Loss: 1.6491
Step 590, Loss: 1.6485
Step 600, Loss: 1.7619
Step 610, Loss: 1.5981
Step 620, Loss: 1.7610
Step 630, Loss: 1.7319
Step 640, Loss: 1.6466
Step 650, Loss: 1.6887
Step 660, Loss: 1.5868
Step 670, Loss: 1.7392
Step 680, Loss: 1.7774
Step 690, Loss: 1.7186
Step 700, Loss: 1.6377
Step 710, Loss: 1.7118
Step 720, Loss: 1.6903
Step 730, Loss: 1.5950
Step 740, Loss: 1.6446
Step 750, Loss: 1.6470
Step 760, Loss: 1.6894
Step 770, Loss: 1.7076
Step 780, Loss: 1.5896
Step 790, Loss: 1.5778
Step 800, Loss: 1.7147
Step 810, Loss: 1.6608
Step 820, Loss: 1.6708
Step 830, Loss: 1.6550
Step 840, Loss: 1.6747
Step 850, Loss: 1.6415
Step 860, Loss: 1.5341
Step 870, Loss: 1.7003
Step 880, Loss: 1.7120
Step 890, Loss: 1.6379
Step 900, Loss: 1.5963
Step 910, Loss: 1.6666
Step 920, Loss: 1.5842
Step 930, Loss: 1.5750
Step 940, Loss: 1.5734
Step 950, Loss: 1.7113
Step 960, Loss: 1.6338
Step 970, Loss: 1.8174
Step 980, Loss: 1.6229
Step 990, Loss: 1.6219
Epoch 4, Average Loss: 1.6682
[Info] 模型檢查點已保存至 ./checkpoints/20250105_213429/epoch_4.pt

Epoch 5/20
Step 0, Loss: 1.6890
Step 10, Loss: 1.5813
Step 20, Loss: 1.7604
Step 30, Loss: 1.7027
Step 40, Loss: 1.7327
Step 50, Loss: 1.6846
Step 60, Loss: 1.6940
Step 70, Loss: 1.6967
Step 80, Loss: 1.6536
Step 90, Loss: 1.7053
Step 100, Loss: 1.6387
Step 110, Loss: 1.7272
Step 120, Loss: 1.6690
Step 130, Loss: 1.6255
Step 140, Loss: 1.5892
Step 150, Loss: 1.6904
Step 160, Loss: 1.6341
Step 170, Loss: 1.5560
Step 180, Loss: 1.6798
Step 190, Loss: 1.6568
Step 200, Loss: 1.6121
Step 210, Loss: 1.6126
Step 220, Loss: 1.6952
Step 230, Loss: 1.6303
Step 240, Loss: 1.7201
Step 250, Loss: 1.7133
Step 260, Loss: 1.7275
Step 270, Loss: 1.6238
Step 280, Loss: 1.5301
Step 290, Loss: 1.5914
Step 300, Loss: 1.6794
Step 310, Loss: 1.7282
Step 320, Loss: 1.6679
Step 330, Loss: 1.5937
Step 340, Loss: 1.6143
Step 350, Loss: 1.6754
Step 360, Loss: 1.5709
Step 370, Loss: 1.6114
Step 380, Loss: 1.6554
Step 390, Loss: 1.6716
Step 400, Loss: 1.5654
Step 410, Loss: 1.5305
Step 420, Loss: 1.6594
Step 430, Loss: 1.6174
Step 440, Loss: 1.5481
Step 450, Loss: 1.5884
Step 460, Loss: 1.6260
Step 470, Loss: 1.5910
Step 480, Loss: 1.5545
Step 490, Loss: 1.6906
Step 500, Loss: 1.6818
Step 510, Loss: 1.7990
Step 520, Loss: 1.7140
Step 530, Loss: 1.6257
Step 540, Loss: 1.7208
Step 550, Loss: 1.6453
Step 560, Loss: 1.5966
Step 570, Loss: 1.7009
Step 580, Loss: 1.6471
Step 590, Loss: 1.6340
Step 600, Loss: 1.7026
Step 610, Loss: 1.5783
Step 620, Loss: 1.7502
Step 630, Loss: 1.7007
Step 640, Loss: 1.6476
Step 650, Loss: 1.7115
Step 660, Loss: 1.5733
Step 670, Loss: 1.7018
Step 680, Loss: 1.7193
Step 690, Loss: 1.6002
Step 700, Loss: 1.7527
Step 710, Loss: 1.6931
Step 720, Loss: 1.6901
Step 730, Loss: 1.6071
Step 740, Loss: 1.5802
Step 750, Loss: 1.6417
Step 760, Loss: 1.6271
Step 770, Loss: 1.6995
Step 780, Loss: 1.5825
Step 790, Loss: 1.6492
Step 800, Loss: 1.6609
Step 810, Loss: 1.7348
Step 820, Loss: 1.6161
Step 830, Loss: 1.6387
Step 840, Loss: 1.6334
Step 850, Loss: 1.6324
Step 860, Loss: 1.5881
Step 870, Loss: 1.6095
Step 880, Loss: 1.6993
Step 890, Loss: 1.6565
Step 900, Loss: 1.6821
Step 910, Loss: 1.6219
Step 920, Loss: 1.6228
Step 930, Loss: 1.5789
Step 940, Loss: 1.6359
Step 950, Loss: 1.6944
Step 960, Loss: 1.6413
Step 970, Loss: 1.7511
Step 980, Loss: 1.6452
Step 990, Loss: 1.5888
Epoch 5, Average Loss: 1.6607
[Info] 模型檢查點已保存至 ./checkpoints/20250105_213429/epoch_5.pt

Epoch 6/20
Step 0, Loss: 1.7304
Step 10, Loss: 1.6122
Step 20, Loss: 1.7406
Step 30, Loss: 1.7116
Step 40, Loss: 1.7042
Step 50, Loss: 1.7251
Step 60, Loss: 1.6712
Step 70, Loss: 1.7244
Step 80, Loss: 1.5881
Step 90, Loss: 1.6873
Step 100, Loss: 1.6803
Step 110, Loss: 1.6589
Step 120, Loss: 1.6690
Step 130, Loss: 1.6451
Step 140, Loss: 1.6067
Step 150, Loss: 1.7191
Step 160, Loss: 1.6262
Step 170, Loss: 1.5121
Step 180, Loss: 1.6884
Step 190, Loss: 1.6486
Step 200, Loss: 1.6150
Step 210, Loss: 1.5917
Step 220, Loss: 1.7901
Step 230, Loss: 1.6154
Step 240, Loss: 1.7613
Step 250, Loss: 1.7667
Step 260, Loss: 1.7138
Step 270, Loss: 1.5751
Step 280, Loss: 1.5322
Step 290, Loss: 1.5864
Step 300, Loss: 1.6253
Step 310, Loss: 1.6976
Step 320, Loss: 1.6397
Step 330, Loss: 1.6104
Step 340, Loss: 1.5438
Step 350, Loss: 1.6538
Step 360, Loss: 1.5672
Step 370, Loss: 1.6004
Step 380, Loss: 1.6517
Step 390, Loss: 1.6945
Step 400, Loss: 1.5730
Step 410, Loss: 1.5087
Step 420, Loss: 1.6921
Step 430, Loss: 1.6105
Step 440, Loss: 1.5507
Step 450, Loss: 1.6516
Step 460, Loss: 1.5572
Step 470, Loss: 1.6098
Step 480, Loss: 1.5519
Step 490, Loss: 1.7237
Step 500, Loss: 1.6579
Step 510, Loss: 1.7143
Step 520, Loss: 1.6870
Step 530, Loss: 1.6072
Step 540, Loss: 1.7440
Step 550, Loss: 1.6512
Step 560, Loss: 1.6271
Step 570, Loss: 1.7057
Step 580, Loss: 1.6401
Step 590, Loss: 1.6532
Step 600, Loss: 1.6311
Step 610, Loss: 1.5584
Step 620, Loss: 1.7558
Step 630, Loss: 1.6618
Step 640, Loss: 1.6555
Step 650, Loss: 1.6612
Step 660, Loss: 1.5731
Step 670, Loss: 1.7451
Step 680, Loss: 1.7413
Step 690, Loss: 1.6180
Step 700, Loss: 1.6575
Step 710, Loss: 1.6858
Step 720, Loss: 1.7427
Step 730, Loss: 1.5565
Step 740, Loss: 1.5833
Step 750, Loss: 1.6493
Step 760, Loss: 1.6175
Step 770, Loss: 1.7255
Step 780, Loss: 1.5795
Step 790, Loss: 1.5908
Step 800, Loss: 1.6795
Step 810, Loss: 1.6357
Step 820, Loss: 1.6453
Step 830, Loss: 1.6053
Step 840, Loss: 1.6704
Step 850, Loss: 1.6261
Step 860, Loss: 1.5865
Step 870, Loss: 1.6159
Step 880, Loss: 1.7488
Step 890, Loss: 1.6583
Step 900, Loss: 1.6092
Step 910, Loss: 1.6167
Step 920, Loss: 1.6640
Step 930, Loss: 1.5969
Step 940, Loss: 1.5602
Step 950, Loss: 1.7199
Step 960, Loss: 1.5718
Step 970, Loss: 1.7806
Step 980, Loss: 1.6512
Step 990, Loss: 1.6267
Epoch 6, Average Loss: 1.6536
[Info] 模型檢查點已保存至 ./checkpoints/20250105_213429/epoch_6.pt

Epoch 7/20
Step 0, Loss: 1.7906
Step 10, Loss: 1.6100
Step 20, Loss: 1.7677
Step 30, Loss: 1.7413
Step 40, Loss: 1.7323
Step 50, Loss: 1.6922
Step 60, Loss: 1.6369
Step 70, Loss: 1.7255
Step 80, Loss: 1.6103
Step 90, Loss: 1.6873
Step 100, Loss: 1.6995
Step 110, Loss: 1.6805
Step 120, Loss: 1.6437
Step 130, Loss: 1.6102
Step 140, Loss: 1.5693
Step 150, Loss: 1.6993
Step 160, Loss: 1.6025
Step 170, Loss: 1.5308
Step 180, Loss: 1.6714
Step 190, Loss: 1.5997
Step 200, Loss: 1.5956
Step 210, Loss: 1.5676
Step 220, Loss: 1.7229
Step 230, Loss: 1.6334
Step 240, Loss: 1.7519
Step 250, Loss: 1.7348
Step 260, Loss: 1.6528
Step 270, Loss: 1.5920
Step 280, Loss: 1.5315
Step 290, Loss: 1.6197
Step 300, Loss: 1.6234
Step 310, Loss: 1.6885
Step 320, Loss: 1.6470
Step 330, Loss: 1.6192
Step 340, Loss: 1.5501
Step 350, Loss: 1.5990
Step 360, Loss: 1.5662
Step 370, Loss: 1.6031
Step 380, Loss: 1.6529
Step 390, Loss: 1.6671
Step 400, Loss: 1.5568
Step 410, Loss: 1.5109
Step 420, Loss: 1.6677
Step 430, Loss: 1.6328
Step 440, Loss: 1.5049
Step 450, Loss: 1.6263
Step 460, Loss: 1.5859
Step 470, Loss: 1.5859
Step 480, Loss: 1.5300
Step 490, Loss: 1.7501
Step 500, Loss: 1.6591
Step 510, Loss: 1.7050
Step 520, Loss: 1.7064
Step 530, Loss: 1.6103
Step 540, Loss: 1.7238
Step 550, Loss: 1.6552
Step 560, Loss: 1.5297
Step 570, Loss: 1.6481
Step 580, Loss: 1.6490
Step 590, Loss: 1.6349
Step 600, Loss: 1.6600
Step 610, Loss: 1.5518
Step 620, Loss: 1.6261
Step 630, Loss: 1.6330
Step 640, Loss: 1.6076
Step 650, Loss: 1.6598
Step 660, Loss: 1.5808
Step 670, Loss: 1.7739
Step 680, Loss: 1.6899
Step 690, Loss: 1.6038
Step 700, Loss: 1.6677
Step 710, Loss: 1.7001
Step 720, Loss: 1.7506
Step 730, Loss: 1.5976
Step 740, Loss: 1.5925
Step 750, Loss: 1.6588
Step 760, Loss: 1.6280
Step 770, Loss: 1.6747
Step 780, Loss: 1.5663
Step 790, Loss: 1.6054
Step 800, Loss: 1.6933
Step 810, Loss: 1.5894
Step 820, Loss: 1.6186
Step 830, Loss: 1.5943
Step 840, Loss: 1.6442
Step 850, Loss: 1.5957
Step 860, Loss: 1.5327
Step 870, Loss: 1.6640
Step 880, Loss: 1.6602
Step 890, Loss: 1.7036
Step 900, Loss: 1.6546
Step 910, Loss: 1.6260
Step 920, Loss: 1.6061
Step 930, Loss: 1.5456
Step 940, Loss: 1.6117
Step 950, Loss: 1.7070
Step 960, Loss: 1.5827
Step 970, Loss: 1.7323
Step 980, Loss: 1.6489
Step 990, Loss: 1.5854
Epoch 7, Average Loss: 1.6488
[Info] 模型檢查點已保存至 ./checkpoints/20250105_213429/epoch_7.pt

Epoch 8/20
Step 0, Loss: 1.7491
Step 10, Loss: 1.5939
Step 20, Loss: 1.6699
Step 30, Loss: 1.7173
Step 40, Loss: 1.7337
Step 50, Loss: 1.7077
Step 60, Loss: 1.6635
Step 70, Loss: 1.7000
Step 80, Loss: 1.5540
Step 90, Loss: 1.7309
Step 100, Loss: 1.6721
Step 110, Loss: 1.5922
Step 120, Loss: 1.6879
Step 130, Loss: 1.6471
Step 140, Loss: 1.5839
Step 150, Loss: 1.6994
Step 160, Loss: 1.7054
Step 170, Loss: 1.5678
Step 180, Loss: 1.6279
Step 190, Loss: 1.6213
Step 200, Loss: 1.5955
Step 210, Loss: 1.5866
Step 220, Loss: 1.7529
Step 230, Loss: 1.6249
Step 240, Loss: 1.7499
Step 250, Loss: 1.7654
Step 260, Loss: 1.6468
Step 270, Loss: 1.5918
Step 280, Loss: 1.5286
Step 290, Loss: 1.6257
Step 300, Loss: 1.6038
Step 310, Loss: 1.6691
Step 320, Loss: 1.6715
Step 330, Loss: 1.6503
Step 340, Loss: 1.5699
Step 350, Loss: 1.6130
Step 360, Loss: 1.5537
Step 370, Loss: 1.5890
Step 380, Loss: 1.6559
Step 390, Loss: 1.6705
Step 400, Loss: 1.5553
Step 410, Loss: 1.5127
Step 420, Loss: 1.7211
Step 430, Loss: 1.5872
Step 440, Loss: 1.5246
Step 450, Loss: 1.5961
Step 460, Loss: 1.5958
Step 470, Loss: 1.6400
Step 480, Loss: 1.6085
Step 490, Loss: 1.7105
Step 500, Loss: 1.6698
Step 510, Loss: 1.6539
Step 520, Loss: 1.7268
Step 530, Loss: 1.6297
Step 540, Loss: 1.7139
Step 550, Loss: 1.6527
Step 560, Loss: 1.5634
Step 570, Loss: 1.6722
Step 580, Loss: 1.6749
Step 590, Loss: 1.6437
Step 600, Loss: 1.6637
Step 610, Loss: 1.5324
Step 620, Loss: 1.6980
Step 630, Loss: 1.6164
Step 640, Loss: 1.6582
Step 650, Loss: 1.6511
Step 660, Loss: 1.5942
Step 670, Loss: 1.6316
Step 680, Loss: 1.6997
Step 690, Loss: 1.6747
Step 700, Loss: 1.6473
Step 710, Loss: 1.6676
Step 720, Loss: 1.7314
Step 730, Loss: 1.5925
Step 740, Loss: 1.5402
Step 750, Loss: 1.6660
Step 760, Loss: 1.6082
Step 770, Loss: 1.7238
Step 780, Loss: 1.5695
Step 790, Loss: 1.5791
Step 800, Loss: 1.6691
Step 810, Loss: 1.5899
Step 820, Loss: 1.6694
Step 830, Loss: 1.6085
Step 840, Loss: 1.6056
Step 850, Loss: 1.6095
Step 860, Loss: 1.6096
Step 870, Loss: 1.6313
Step 880, Loss: 1.6841
Step 890, Loss: 1.6829
Step 900, Loss: 1.6346
Step 910, Loss: 1.6321
Step 920, Loss: 1.6275
Step 930, Loss: 1.5829
Step 940, Loss: 1.6246
Step 950, Loss: 1.7290
Step 960, Loss: 1.5857
Step 970, Loss: 1.7848
Step 980, Loss: 1.6659
Step 990, Loss: 1.6162
Epoch 8, Average Loss: 1.6484
[Info] 模型檢查點已保存至 ./checkpoints/20250105_213429/epoch_8.pt

Epoch 9/20
Step 0, Loss: 1.7942
Step 10, Loss: 1.6480
Step 20, Loss: 1.7705
Step 30, Loss: 1.7786
Step 40, Loss: 1.8134
Step 50, Loss: 1.6542
Step 60, Loss: 1.6516
Step 70, Loss: 1.7360
Step 80, Loss: 1.5853
Step 90, Loss: 1.6930
Step 100, Loss: 1.6704
Step 110, Loss: 1.6565
Step 120, Loss: 1.6559
Step 130, Loss: 1.6383
Step 140, Loss: 1.5861
Step 150, Loss: 1.7144
Step 160, Loss: 1.6692
Step 170, Loss: 1.5289
Step 180, Loss: 1.6243
Step 190, Loss: 1.6289
Step 200, Loss: 1.5831
Step 210, Loss: 1.6018
Step 220, Loss: 1.7337
Step 230, Loss: 1.6174
Step 240, Loss: 1.7286
Step 250, Loss: 1.7339
Step 260, Loss: 1.6366
Step 270, Loss: 1.5761
Step 280, Loss: 1.5598
Step 290, Loss: 1.6963
Step 300, Loss: 1.5979
Step 310, Loss: 1.6418
Step 320, Loss: 1.6496
Step 330, Loss: 1.6738
Step 340, Loss: 1.5296
Step 350, Loss: 1.6047
Step 360, Loss: 1.5493
Step 370, Loss: 1.5926
Step 380, Loss: 1.6295
Step 390, Loss: 1.6608
Step 400, Loss: 1.5963
Step 410, Loss: 1.5226
Step 420, Loss: 1.6604
Step 430, Loss: 1.6013
Step 440, Loss: 1.5667
Step 450, Loss: 1.6376
Step 460, Loss: 1.5437
Step 470, Loss: 1.6265
Step 480, Loss: 1.5517
Step 490, Loss: 1.7122
Step 500, Loss: 1.6736
Step 510, Loss: 1.7335
Step 520, Loss: 1.6732
Step 530, Loss: 1.6335
Step 540, Loss: 1.6770
Step 550, Loss: 1.6348
Step 560, Loss: 1.5576
Step 570, Loss: 1.6501
Step 580, Loss: 1.6713
Step 590, Loss: 1.6360
Step 600, Loss: 1.6335
Step 610, Loss: 1.5542
Step 620, Loss: 1.7216
Step 630, Loss: 1.6190
Step 640, Loss: 1.6382
Step 650, Loss: 1.6832
Step 660, Loss: 1.5958
Step 670, Loss: 1.6551
Step 680, Loss: 1.6522
Step 690, Loss: 1.6321
Step 700, Loss: 1.6590
Step 710, Loss: 1.6811
Step 720, Loss: 1.7215
Step 730, Loss: 1.5921
Step 740, Loss: 1.5987
Step 750, Loss: 1.7508
Step 760, Loss: 1.6698
Step 770, Loss: 1.7064
Step 780, Loss: 1.6063
Step 790, Loss: 1.5748
Step 800, Loss: 1.6273
Step 810, Loss: 1.6137
Step 820, Loss: 1.6243
Step 830, Loss: 1.6347
Step 840, Loss: 1.6641
Step 850, Loss: 1.6056
Step 860, Loss: 1.6110
Step 870, Loss: 1.6622
Step 880, Loss: 1.6226
Step 890, Loss: 1.6386
Step 900, Loss: 1.6161
Step 910, Loss: 1.6258
Step 920, Loss: 1.5670
Step 930, Loss: 1.5280
Step 940, Loss: 1.6522
Step 950, Loss: 1.6361
Step 960, Loss: 1.5459
Step 970, Loss: 1.7727
Step 980, Loss: 1.6852
Step 990, Loss: 1.6457
Epoch 9, Average Loss: 1.6491
[Info] 模型檢查點已保存至 ./checkpoints/20250105_213429/epoch_9.pt

Epoch 10/20
Step 0, Loss: 1.7705
Step 10, Loss: 1.5874
Step 20, Loss: 1.7026
Step 30, Loss: 1.7060
Step 40, Loss: 1.7032
Step 50, Loss: 1.6553
Step 60, Loss: 1.6612
Step 70, Loss: 1.6907
Step 80, Loss: 1.6236
Step 90, Loss: 1.7046
Step 100, Loss: 1.6816
Step 110, Loss: 1.6007
Step 120, Loss: 1.6789
Step 130, Loss: 1.6904
Step 140, Loss: 1.6030
Step 150, Loss: 1.6886
Step 160, Loss: 1.6462
Step 170, Loss: 1.5289
Step 180, Loss: 1.5985
Step 190, Loss: 1.6438
Step 200, Loss: 1.6166
Step 210, Loss: 1.5651
Step 220, Loss: 1.6772
Step 230, Loss: 1.5742
Step 240, Loss: 1.8195
Step 250, Loss: 1.7422
Step 260, Loss: 1.6471
Step 270, Loss: 1.6118
Step 280, Loss: 1.5279
Step 290, Loss: 1.6671
Step 300, Loss: 1.6402
Step 310, Loss: 1.6779
Step 320, Loss: 1.6505
Step 330, Loss: 1.6669
Step 340, Loss: 1.5032
Step 350, Loss: 1.5598
Step 360, Loss: 1.5617
Step 370, Loss: 1.5932
Step 380, Loss: 1.7037
Step 390, Loss: 1.6500
Step 400, Loss: 1.5433
Step 410, Loss: 1.5068
Step 420, Loss: 1.7137
Step 430, Loss: 1.5902
Step 440, Loss: 1.5053
Step 450, Loss: 1.6271
Step 460, Loss: 1.5631
Step 470, Loss: 1.5956
Step 480, Loss: 1.6060
Step 490, Loss: 1.6434
Step 500, Loss: 1.6453
Step 510, Loss: 1.7011
Step 520, Loss: 1.7075
Step 530, Loss: 1.5970
Step 540, Loss: 1.7010
Step 550, Loss: 1.6308
Step 560, Loss: 1.5593
Step 570, Loss: 1.6722
Step 580, Loss: 1.6352
Step 590, Loss: 1.6022
Step 600, Loss: 1.6626
Step 610, Loss: 1.5540
Step 620, Loss: 1.6781
Step 630, Loss: 1.5833
Step 640, Loss: 1.6137
Step 650, Loss: 1.7050
Step 660, Loss: 1.5728
Step 670, Loss: 1.7426
Step 680, Loss: 1.7448
Step 690, Loss: 1.5993
Step 700, Loss: 1.6567
Step 710, Loss: 1.6781
Step 720, Loss: 1.7061
Step 730, Loss: 1.6155
Step 740, Loss: 1.5742
Step 750, Loss: 1.7170
Step 760, Loss: 1.6589
Step 770, Loss: 1.7239
Step 780, Loss: 1.5954
Step 790, Loss: 1.5780
Step 800, Loss: 1.6276
Step 810, Loss: 1.6140
Step 820, Loss: 1.6581
Step 830, Loss: 1.6274
Step 840, Loss: 1.5855
Step 850, Loss: 1.6431
Step 860, Loss: 1.5613
Step 870, Loss: 1.6948
Step 880, Loss: 1.6234
Step 890, Loss: 1.6628
Step 900, Loss: 1.5854
Step 910, Loss: 1.6362
Step 920, Loss: 1.6413
Step 930, Loss: 1.5322
Step 940, Loss: 1.6278
Step 950, Loss: 1.7484
Step 960, Loss: 1.5760
Step 970, Loss: 1.6972
Step 980, Loss: 1.7024
Step 990, Loss: 1.6150
Epoch 10, Average Loss: 1.6470
[Info] 模型檢查點已保存至 ./checkpoints/20250105_213429/epoch_10.pt

Epoch 11/20
Step 0, Loss: 1.7518
Step 10, Loss: 1.6674
Step 20, Loss: 1.7444
Step 30, Loss: 1.6931
Step 40, Loss: 1.7620
Step 50, Loss: 1.7054
Step 60, Loss: 1.6426
Step 70, Loss: 1.7665
Step 80, Loss: 1.6063
Step 90, Loss: 1.6435
Step 100, Loss: 1.6130
Step 110, Loss: 1.6101
Step 120, Loss: 1.6421
Step 130, Loss: 1.5655
Step 140, Loss: 1.5883
Step 150, Loss: 1.6867
Step 160, Loss: 1.5836
Step 170, Loss: 1.5119
Step 180, Loss: 1.6159
Step 190, Loss: 1.6178
Step 200, Loss: 1.5936
Step 210, Loss: 1.6004
Step 220, Loss: 1.6571
Step 230, Loss: 1.5852
Step 240, Loss: 1.7282
Step 250, Loss: 1.6886
Step 260, Loss: 1.6887
Step 270, Loss: 1.5693
Step 280, Loss: 1.5270
Step 290, Loss: 1.6325
Step 300, Loss: 1.6705
Step 310, Loss: 1.6249
Step 320, Loss: 1.6443
Step 330, Loss: 1.6603
Step 340, Loss: 1.5109
Step 350, Loss: 1.6460
Step 360, Loss: 1.5675
Step 370, Loss: 1.5492
Step 380, Loss: 1.6516
Step 390, Loss: 1.7316
Step 400, Loss: 1.5969
Step 410, Loss: 1.6273
Step 420, Loss: 1.6599
Step 430, Loss: 1.6195
Step 440, Loss: 1.5061
Step 450, Loss: 1.6204
Step 460, Loss: 1.6136
Step 470, Loss: 1.6649
Step 480, Loss: 1.5696
Step 490, Loss: 1.7618
Step 500, Loss: 1.7009
Step 510, Loss: 1.7227
Step 520, Loss: 1.6979
Step 530, Loss: 1.6067
Step 540, Loss: 1.7173
Step 550, Loss: 1.6577
Step 560, Loss: 1.5577
Step 570, Loss: 1.6392
Step 580, Loss: 1.6594
Step 590, Loss: 1.6275
Step 600, Loss: 1.6627
Step 610, Loss: 1.5756
Step 620, Loss: 1.6998
Step 630, Loss: 1.6660
Step 640, Loss: 1.5988
Step 650, Loss: 1.6907
Step 660, Loss: 1.6077
Step 670, Loss: 1.6627
Step 680, Loss: 1.6752
Step 690, Loss: 1.6393
Step 700, Loss: 1.6000
Step 710, Loss: 1.6903
Step 720, Loss: 1.6584
Step 730, Loss: 1.5878
Step 740, Loss: 1.5477
Step 750, Loss: 1.7457
Step 760, Loss: 1.6368
Step 770, Loss: 1.6750
Step 780, Loss: 1.5744
Step 790, Loss: 1.5778
Step 800, Loss: 1.6552
Step 810, Loss: 1.6107
Step 820, Loss: 1.6166
Step 830, Loss: 1.6278
Step 840, Loss: 1.5784
Step 850, Loss: 1.6538
Step 860, Loss: 1.5626
Step 870, Loss: 1.6558
Step 880, Loss: 1.6671
Step 890, Loss: 1.6737
Step 900, Loss: 1.5643
Step 910, Loss: 1.6453
Step 920, Loss: 1.6066
Step 930, Loss: 1.5838
Step 940, Loss: 1.5884
Step 950, Loss: 1.6859
Step 960, Loss: 1.5616
Step 970, Loss: 1.8139
Step 980, Loss: 1.6599
Step 990, Loss: 1.6218
Epoch 11, Average Loss: 1.6417
[Info] 模型檢查點已保存至 ./checkpoints/20250105_213429/epoch_11.pt

Epoch 12/20
Step 0, Loss: 1.7345
Step 10, Loss: 1.5802
Step 20, Loss: 1.7190
Step 30, Loss: 1.6715
Step 40, Loss: 1.7617
Step 50, Loss: 1.6333
Step 60, Loss: 1.7207
Step 70, Loss: 1.6973
Step 80, Loss: 1.5424
Step 90, Loss: 1.7033
Step 100, Loss: 1.6301
Step 110, Loss: 1.6214
Step 120, Loss: 1.6486
Step 130, Loss: 1.6519
Step 140, Loss: 1.5665
Step 150, Loss: 1.6889
Step 160, Loss: 1.6449
Step 170, Loss: 1.5010
Step 180, Loss: 1.6246
Step 190, Loss: 1.5682
Step 200, Loss: 1.5986
Step 210, Loss: 1.6193
Step 220, Loss: 1.7893
Step 230, Loss: 1.5648
Step 240, Loss: 1.7427
Step 250, Loss: 1.6184
Step 260, Loss: 1.7221
Step 270, Loss: 1.5723
Step 280, Loss: 1.5549
Step 290, Loss: 1.6056
Step 300, Loss: 1.6073
Step 310, Loss: 1.6203
Step 320, Loss: 1.6312
Step 330, Loss: 1.5874
Step 340, Loss: 1.5220
Step 350, Loss: 1.6009
Step 360, Loss: 1.5691
Step 370, Loss: 1.6254
Step 380, Loss: 1.6157
Step 390, Loss: 1.7037
Step 400, Loss: 1.5372
Step 410, Loss: 1.5094
Step 420, Loss: 1.6719
Step 430, Loss: 1.6270
Step 440, Loss: 1.5033
Step 450, Loss: 1.6219
Step 460, Loss: 1.5755
Step 470, Loss: 1.5696
Step 480, Loss: 1.5474
Step 490, Loss: 1.6677
Step 500, Loss: 1.6591
Step 510, Loss: 1.7414
Step 520, Loss: 1.6233
Step 530, Loss: 1.6534
Step 540, Loss: 1.7279
Step 550, Loss: 1.6245
Step 560, Loss: 1.5277
Step 570, Loss: 1.6449
Step 580, Loss: 1.5741
Step 590, Loss: 1.5934
Step 600, Loss: 1.6768
Step 610, Loss: 1.5569
Step 620, Loss: 1.7135
Step 630, Loss: 1.7121
Step 640, Loss: 1.6516
Step 650, Loss: 1.6606
Step 660, Loss: 1.6332
Step 670, Loss: 1.6588
Step 680, Loss: 1.6146
Step 690, Loss: 1.6048
Step 700, Loss: 1.6554
Step 710, Loss: 1.7266
Step 720, Loss: 1.6891
Step 730, Loss: 1.5945
Step 740, Loss: 1.5542
Step 750, Loss: 1.7080
Step 760, Loss: 1.6385
Step 770, Loss: 1.6990
Step 780, Loss: 1.5984
Step 790, Loss: 1.6127
Step 800, Loss: 1.6273
Step 810, Loss: 1.6760
Step 820, Loss: 1.6180
Step 830, Loss: 1.6319
Step 840, Loss: 1.6126
Step 850, Loss: 1.5893
Step 860, Loss: 1.6019
Step 870, Loss: 1.6713
Step 880, Loss: 1.6577
Step 890, Loss: 1.7214
Step 900, Loss: 1.5869
Step 910, Loss: 1.6159
Step 920, Loss: 1.6112
Step 930, Loss: 1.5904
Step 940, Loss: 1.6084
Step 950, Loss: 1.6991
Step 960, Loss: 1.6020
Step 970, Loss: 1.6474
Step 980, Loss: 1.6817
Step 990, Loss: 1.5648
Epoch 12, Average Loss: 1.6409
[Info] 模型檢查點已保存至 ./checkpoints/20250105_213429/epoch_12.pt

Epoch 13/20
Step 0, Loss: 1.7277
Step 10, Loss: 1.6080
Step 20, Loss: 1.6546
Step 30, Loss: 1.6937
Step 40, Loss: 1.7827
Step 50, Loss: 1.6906
Step 60, Loss: 1.6763
Step 70, Loss: 1.7060
Step 80, Loss: 1.6127
Step 90, Loss: 1.6788
Step 100, Loss: 1.6888
Step 110, Loss: 1.6341
Step 120, Loss: 1.6798
Step 130, Loss: 1.6108
Step 140, Loss: 1.5892
Step 150, Loss: 1.6909
Step 160, Loss: 1.6801
Step 170, Loss: 1.5683
Step 180, Loss: 1.6954
Step 190, Loss: 1.5635
Step 200, Loss: 1.5999
Step 210, Loss: 1.6261
Step 220, Loss: 1.6362
Step 230, Loss: 1.6126
Step 240, Loss: 1.7094
Step 250, Loss: 1.6351
Step 260, Loss: 1.6786
Step 270, Loss: 1.5536
Step 280, Loss: 1.5259
Step 290, Loss: 1.6222
Step 300, Loss: 1.5969
Step 310, Loss: 1.6678
Step 320, Loss: 1.6334
Step 330, Loss: 1.6040
Step 340, Loss: 1.5417
Step 350, Loss: 1.6437
Step 360, Loss: 1.5823
Step 370, Loss: 1.5958
Step 380, Loss: 1.6990
Step 390, Loss: 1.6760
Step 400, Loss: 1.5490
Step 410, Loss: 1.5040
Step 420, Loss: 1.7210
Step 430, Loss: 1.6070
Step 440, Loss: 1.5042
Step 450, Loss: 1.6017
Step 460, Loss: 1.6156
Step 470, Loss: 1.6355
Step 480, Loss: 1.5806
Step 490, Loss: 1.6276
Step 500, Loss: 1.6635
Step 510, Loss: 1.7729
Step 520, Loss: 1.6899
Step 530, Loss: 1.6110
Step 540, Loss: 1.6745
Step 550, Loss: 1.6610
Step 560, Loss: 1.5504
Step 570, Loss: 1.6273
Step 580, Loss: 1.7270
Step 590, Loss: 1.6620
Step 600, Loss: 1.6825
Step 610, Loss: 1.5424
Step 620, Loss: 1.7688
Step 630, Loss: 1.6305
Step 640, Loss: 1.6262
Step 650, Loss: 1.6450
Step 660, Loss: 1.5690
Step 670, Loss: 1.6536
Step 680, Loss: 1.6426
Step 690, Loss: 1.5810
Step 700, Loss: 1.6460
Step 710, Loss: 1.6838
Step 720, Loss: 1.7120
Step 730, Loss: 1.6058
Step 740, Loss: 1.5567
Step 750, Loss: 1.6647
Step 760, Loss: 1.6501
Step 770, Loss: 1.6452
Step 780, Loss: 1.6000
Step 790, Loss: 1.6025
Step 800, Loss: 1.5818
Step 810, Loss: 1.6842
Step 820, Loss: 1.6109
Step 830, Loss: 1.6271
Step 840, Loss: 1.6578
Step 850, Loss: 1.6115
Step 860, Loss: 1.5494
Step 870, Loss: 1.6045
Step 880, Loss: 1.6624
Step 890, Loss: 1.6523
Step 900, Loss: 1.6198
Step 910, Loss: 1.6324
Step 920, Loss: 1.6034
Step 930, Loss: 1.5726
Step 940, Loss: 1.6058
Step 950, Loss: 1.7226
Step 960, Loss: 1.5686
Step 970, Loss: 1.6986
Step 980, Loss: 1.6390
Step 990, Loss: 1.6111
Epoch 13, Average Loss: 1.6384
[Info] 模型檢查點已保存至 ./checkpoints/20250105_213429/epoch_13.pt

Epoch 14/20
Step 0, Loss: 1.6899
Step 10, Loss: 1.5498
Step 20, Loss: 1.7158
Step 30, Loss: 1.7137
Step 40, Loss: 1.7769
Step 50, Loss: 1.6585
Step 60, Loss: 1.6345
Step 70, Loss: 1.7156
Step 80, Loss: 1.5732
Step 90, Loss: 1.6694
Step 100, Loss: 1.6746
Step 110, Loss: 1.6431
Step 120, Loss: 1.7145
Step 130, Loss: 1.6094
Step 140, Loss: 1.5856
Step 150, Loss: 1.6501
Step 160, Loss: 1.6450
Step 170, Loss: 1.5030
Step 180, Loss: 1.5778
Step 190, Loss: 1.6263
Step 200, Loss: 1.6101
Step 210, Loss: 1.5739
Step 220, Loss: 1.6541
Step 230, Loss: 1.5974
Step 240, Loss: 1.8048
Step 250, Loss: 1.5847
Step 260, Loss: 1.6774
Step 270, Loss: 1.5696
Step 280, Loss: 1.5270
Step 290, Loss: 1.5715
Step 300, Loss: 1.6975
Step 310, Loss: 1.6773
Step 320, Loss: 1.6186
Step 330, Loss: 1.6041
Step 340, Loss: 1.5296
Step 350, Loss: 1.5873
Step 360, Loss: 1.5592
Step 370, Loss: 1.5930
Step 380, Loss: 1.6160
Step 390, Loss: 1.7345
Step 400, Loss: 1.5528
Step 410, Loss: 1.5317
Step 420, Loss: 1.7025
Step 430, Loss: 1.6022
Step 440, Loss: 1.5221
Step 450, Loss: 1.6194
Step 460, Loss: 1.6164
Step 470, Loss: 1.6018
Step 480, Loss: 1.5699
Step 490, Loss: 1.6424
Step 500, Loss: 1.6778
Step 510, Loss: 1.6757
Step 520, Loss: 1.7232
Step 530, Loss: 1.6383
Step 540, Loss: 1.6648
Step 550, Loss: 1.6609
Step 560, Loss: 1.5607
Step 570, Loss: 1.6202
Step 580, Loss: 1.7227
Step 590, Loss: 1.6509
Step 600, Loss: 1.6327
Step 610, Loss: 1.5417
Step 620, Loss: 1.7404
Step 630, Loss: 1.5994
Step 640, Loss: 1.5971
Step 650, Loss: 1.6798
Step 660, Loss: 1.5666
Step 670, Loss: 1.6775
Step 680, Loss: 1.6514
Step 690, Loss: 1.6341
Step 700, Loss: 1.6626
Step 710, Loss: 1.7013
Step 720, Loss: 1.6861
Step 730, Loss: 1.6263
Step 740, Loss: 1.5451
Step 750, Loss: 1.7222
Step 760, Loss: 1.6265
Step 770, Loss: 1.6594
Step 780, Loss: 1.5777
Step 790, Loss: 1.5844
Step 800, Loss: 1.6647
Step 810, Loss: 1.6357
Step 820, Loss: 1.6060
Step 830, Loss: 1.6250
Step 840, Loss: 1.5577
Step 850, Loss: 1.6309
Step 860, Loss: 1.5471
Step 870, Loss: 1.6284
Step 880, Loss: 1.6615
Step 890, Loss: 1.6421
Step 900, Loss: 1.6139
Step 910, Loss: 1.6264
Step 920, Loss: 1.5704
Step 930, Loss: 1.5349
Step 940, Loss: 1.6138
Step 950, Loss: 1.6878
Step 960, Loss: 1.5845
Step 970, Loss: 1.7104
Step 980, Loss: 1.6902
Step 990, Loss: 1.5848
Epoch 14, Average Loss: 1.6381
[Info] 模型檢查點已保存至 ./checkpoints/20250105_213429/epoch_14.pt

Epoch 15/20
Step 0, Loss: 1.7964
Step 10, Loss: 1.6028
Step 20, Loss: 1.7146
Step 30, Loss: 1.6676
Step 40, Loss: 1.6891
Step 50, Loss: 1.6896
Step 60, Loss: 1.6785
Step 70, Loss: 1.7048
Step 80, Loss: 1.5741
Step 90, Loss: 1.6643
Step 100, Loss: 1.6612
Step 110, Loss: 1.6705
Step 120, Loss: 1.6440
Step 130, Loss: 1.6158
Step 140, Loss: 1.5511
Step 150, Loss: 1.6679
Step 160, Loss: 1.5807
Step 170, Loss: 1.5143
Step 180, Loss: 1.5993
Step 190, Loss: 1.6195
Step 200, Loss: 1.6045
Step 210, Loss: 1.6165
Step 220, Loss: 1.6865
Step 230, Loss: 1.5745
Step 240, Loss: 1.7645
Step 250, Loss: 1.6756
Step 260, Loss: 1.6682
Step 270, Loss: 1.5511
Step 280, Loss: 1.5531
Step 290, Loss: 1.6251
Step 300, Loss: 1.6751
Step 310, Loss: 1.6754
Step 320, Loss: 1.6428
Step 330, Loss: 1.6565
Step 340, Loss: 1.5663
Step 350, Loss: 1.6013
Step 360, Loss: 1.5528
Step 370, Loss: 1.5740
Step 380, Loss: 1.6302
Step 390, Loss: 1.6965
Step 400, Loss: 1.5315
Step 410, Loss: 1.5264
Step 420, Loss: 1.6598
Step 430, Loss: 1.6033
Step 440, Loss: 1.5026
Step 450, Loss: 1.6558
Step 460, Loss: 1.6253
Step 470, Loss: 1.6144
Step 480, Loss: 1.5977
Step 490, Loss: 1.6363
Step 500, Loss: 1.6680
Step 510, Loss: 1.7226
Step 520, Loss: 1.6315
Step 530, Loss: 1.6000
Step 540, Loss: 1.7798
Step 550, Loss: 1.6571
Step 560, Loss: 1.5289
Step 570, Loss: 1.6430
Step 580, Loss: 1.5875
Step 590, Loss: 1.6108
Step 600, Loss: 1.6117
Step 610, Loss: 1.5549
Step 620, Loss: 1.8092
Step 630, Loss: 1.6987
Step 640, Loss: 1.6373
Step 650, Loss: 1.5985
Step 660, Loss: 1.5937
Step 670, Loss: 1.7098
Step 680, Loss: 1.6682
Step 690, Loss: 1.6244
Step 700, Loss: 1.6474
Step 710, Loss: 1.6798
Step 720, Loss: 1.6958
Step 730, Loss: 1.6262
Step 740, Loss: 1.5539
Step 750, Loss: 1.6752
Step 760, Loss: 1.6358
Step 770, Loss: 1.6614
Step 780, Loss: 1.5709
Step 790, Loss: 1.5864
Step 800, Loss: 1.6274
Step 810, Loss: 1.6114
Step 820, Loss: 1.6072
Step 830, Loss: 1.6160
Step 840, Loss: 1.6214
Step 850, Loss: 1.6188
Step 860, Loss: 1.5652
Step 870, Loss: 1.6841
Step 880, Loss: 1.6729
Step 890, Loss: 1.6412
Step 900, Loss: 1.5749
Step 910, Loss: 1.6502
Step 920, Loss: 1.5815
Step 930, Loss: 1.5317
Step 940, Loss: 1.6150
Step 950, Loss: 1.6409
Step 960, Loss: 1.5831
Step 970, Loss: 1.7679
Step 980, Loss: 1.6657
Step 990, Loss: 1.6379
Epoch 15, Average Loss: 1.6365
[Info] 模型檢查點已保存至 ./checkpoints/20250105_213429/epoch_15.pt

Epoch 16/20
Step 0, Loss: 1.6946
Step 10, Loss: 1.5960
Step 20, Loss: 1.7140
Step 30, Loss: 1.7054
Step 40, Loss: 1.6620
Step 50, Loss: 1.6268
Step 60, Loss: 1.6728
Step 70, Loss: 1.6990
Step 80, Loss: 1.5723
Step 90, Loss: 1.6809
Step 100, Loss: 1.6364
Step 110, Loss: 1.6741
Step 120, Loss: 1.7231
Step 130, Loss: 1.6396
Step 140, Loss: 1.5559
Step 150, Loss: 1.6490
Step 160, Loss: 1.5947
Step 170, Loss: 1.5042
Step 180, Loss: 1.6375
Step 190, Loss: 1.6455
Step 200, Loss: 1.6147
Step 210, Loss: 1.5657
Step 220, Loss: 1.7162
Step 230, Loss: 1.5713
Step 240, Loss: 1.6925
Step 250, Loss: 1.7150
Step 260, Loss: 1.6288
Step 270, Loss: 1.5672
Step 280, Loss: 1.5265
Step 290, Loss: 1.6739
Step 300, Loss: 1.6383
Step 310, Loss: 1.6636
Step 320, Loss: 1.6433
Step 330, Loss: 1.5933
Step 340, Loss: 1.5222
Step 350, Loss: 1.5961
Step 360, Loss: 1.5658
Step 370, Loss: 1.5701
Step 380, Loss: 1.7084
Step 390, Loss: 1.6856
Step 400, Loss: 1.5556
Step 410, Loss: 1.5382
Step 420, Loss: 1.6814
Step 430, Loss: 1.6013
Step 440, Loss: 1.5584
Step 450, Loss: 1.6070
Step 460, Loss: 1.6213
Step 470, Loss: 1.6661
Step 480, Loss: 1.5706
Step 490, Loss: 1.6286
Step 500, Loss: 1.6672
Step 510, Loss: 1.7490
Step 520, Loss: 1.6117
Step 530, Loss: 1.6003
Step 540, Loss: 1.7251
Step 550, Loss: 1.6192
Step 560, Loss: 1.5876
Step 570, Loss: 1.6677
Step 580, Loss: 1.6497
Step 590, Loss: 1.6280
Step 600, Loss: 1.6492
Step 610, Loss: 1.5614
Step 620, Loss: 1.7284
Step 630, Loss: 1.6050
Step 640, Loss: 1.5677
Step 650, Loss: 1.6820
Step 660, Loss: 1.5848
Step 670, Loss: 1.6784
Step 680, Loss: 1.6511
Step 690, Loss: 1.7069
Step 700, Loss: 1.6320
Step 710, Loss: 1.6920
Step 720, Loss: 1.6270
Step 730, Loss: 1.6037
Step 740, Loss: 1.5623
Step 750, Loss: 1.6957
Step 760, Loss: 1.6551
Step 770, Loss: 1.6532
Step 780, Loss: 1.5929
Step 790, Loss: 1.5863
Step 800, Loss: 1.6171
Step 810, Loss: 1.5858
Step 820, Loss: 1.6155
Step 830, Loss: 1.6516
Step 840, Loss: 1.5678
Step 850, Loss: 1.6146
Step 860, Loss: 1.5643
Step 870, Loss: 1.6254
Step 880, Loss: 1.6066
Step 890, Loss: 1.6165
Step 900, Loss: 1.5750
Step 910, Loss: 1.6176
Step 920, Loss: 1.6723
Step 930, Loss: 1.5683
Step 940, Loss: 1.6210
Step 950, Loss: 1.7057
Step 960, Loss: 1.5782
Step 970, Loss: 1.7049
Step 980, Loss: 1.6756
Step 990, Loss: 1.6387
Epoch 16, Average Loss: 1.6340
[Info] 模型檢查點已保存至 ./checkpoints/20250105_213429/epoch_16.pt

Epoch 17/20
Step 0, Loss: 1.7762
Step 10, Loss: 1.5902
Step 20, Loss: 1.6986
Step 30, Loss: 1.6693
Step 40, Loss: 1.6917
Step 50, Loss: 1.6382
Step 60, Loss: 1.6361
Step 70, Loss: 1.7674
Step 80, Loss: 1.5790
Step 90, Loss: 1.6520
Step 100, Loss: 1.6099
Step 110, Loss: 1.6449
Step 120, Loss: 1.6465
Step 130, Loss: 1.5879
Step 140, Loss: 1.5974
Step 150, Loss: 1.6471
Step 160, Loss: 1.6388
Step 170, Loss: 1.5052
Step 180, Loss: 1.6692
Step 190, Loss: 1.5952
Step 200, Loss: 1.6172
Step 210, Loss: 1.5960
Step 220, Loss: 1.8611
Step 230, Loss: 1.5957
Step 240, Loss: 1.6757
Step 250, Loss: 1.6852
Step 260, Loss: 1.6036
Step 270, Loss: 1.5807
Step 280, Loss: 1.5254
Step 290, Loss: 1.6447
Step 300, Loss: 1.5962
Step 310, Loss: 1.7127
Step 320, Loss: 1.6480
Step 330, Loss: 1.6487
Step 340, Loss: 1.5289
Step 350, Loss: 1.6295
Step 360, Loss: 1.5544
Step 370, Loss: 1.5722
Step 380, Loss: 1.6504
Step 390, Loss: 1.6413
Step 400, Loss: 1.5586
Step 410, Loss: 1.5058
Step 420, Loss: 1.7098
Step 430, Loss: 1.6061
Step 440, Loss: 1.5047
Step 450, Loss: 1.6244
Step 460, Loss: 1.6048
Step 470, Loss: 1.5951
Step 480, Loss: 1.5855
Step 490, Loss: 1.7065
Step 500, Loss: 1.6848
Step 510, Loss: 1.7659
Step 520, Loss: 1.6156
Step 530, Loss: 1.6303
Step 540, Loss: 1.7181
Step 550, Loss: 1.6038
Step 560, Loss: 1.5538
Step 570, Loss: 1.6479
Step 580, Loss: 1.6425
Step 590, Loss: 1.6391
Step 600, Loss: 1.6607
Step 610, Loss: 1.5619
Step 620, Loss: 1.7339
Step 630, Loss: 1.5914
Step 640, Loss: 1.5758
Step 650, Loss: 1.6599
Step 660, Loss: 1.5693
Step 670, Loss: 1.6928
Step 680, Loss: 1.6076
Step 690, Loss: 1.6096
Step 700, Loss: 1.6413
Step 710, Loss: 1.7007
Step 720, Loss: 1.6073
Step 730, Loss: 1.6083
Step 740, Loss: 1.5852
Step 750, Loss: 1.6556
Step 760, Loss: 1.6339
Step 770, Loss: 1.6539
Step 780, Loss: 1.5755
Step 790, Loss: 1.5807
Step 800, Loss: 1.6231
Step 810, Loss: 1.5963
Step 820, Loss: 1.6288
Step 830, Loss: 1.6293
Step 840, Loss: 1.5683
Step 850, Loss: 1.6301
Step 860, Loss: 1.5302
Step 870, Loss: 1.5975
Step 880, Loss: 1.6313
Step 890, Loss: 1.6471
Step 900, Loss: 1.5955
Step 910, Loss: 1.6447
Step 920, Loss: 1.6219
Step 930, Loss: 1.5583
Step 940, Loss: 1.5871
Step 950, Loss: 1.7124
Step 960, Loss: 1.6073
Step 970, Loss: 1.6969
Step 980, Loss: 1.6595
Step 990, Loss: 1.5854
Epoch 17, Average Loss: 1.6336
[Info] 模型檢查點已保存至 ./checkpoints/20250105_213429/epoch_17.pt

Epoch 18/20
Step 0, Loss: 1.6428
Step 10, Loss: 1.5684
Step 20, Loss: 1.6957
Step 30, Loss: 1.6864
Step 40, Loss: 1.7282
Step 50, Loss: 1.7601
Step 60, Loss: 1.6884
Step 70, Loss: 1.7404
Step 80, Loss: 1.5252
Step 90, Loss: 1.6586
Step 100, Loss: 1.6028
Step 110, Loss: 1.6366
Step 120, Loss: 1.6430
Step 130, Loss: 1.5934
Step 140, Loss: 1.5591
Step 150, Loss: 1.6698
Step 160, Loss: 1.6165
Step 170, Loss: 1.5042
Step 180, Loss: 1.6085
Step 190, Loss: 1.6254
Step 200, Loss: 1.6035
Step 210, Loss: 1.5921
Step 220, Loss: 1.6901
Step 230, Loss: 1.5646
Step 240, Loss: 1.6961
Step 250, Loss: 1.6952
Step 260, Loss: 1.6178
Step 270, Loss: 1.5364
Step 280, Loss: 1.5420
Step 290, Loss: 1.6284
Step 300, Loss: 1.6786
Step 310, Loss: 1.6395
Step 320, Loss: 1.6155
Step 330, Loss: 1.6236
Step 340, Loss: 1.5304
Step 350, Loss: 1.6491
Step 360, Loss: 1.5510
Step 370, Loss: 1.6100
Step 380, Loss: 1.6857
Step 390, Loss: 1.6822
Step 400, Loss: 1.5431
Step 410, Loss: 1.5032
Step 420, Loss: 1.7418
Step 430, Loss: 1.5806
Step 440, Loss: 1.5016
Step 450, Loss: 1.6156
Step 460, Loss: 1.5895
Step 470, Loss: 1.6112
Step 480, Loss: 1.5642
Step 490, Loss: 1.6544
Step 500, Loss: 1.6656
Step 510, Loss: 1.7587
Step 520, Loss: 1.6765
Step 530, Loss: 1.5771
Step 540, Loss: 1.7139
Step 550, Loss: 1.6181
Step 560, Loss: 1.5497
Step 570, Loss: 1.6716
Step 580, Loss: 1.6513
Step 590, Loss: 1.6241
Step 600, Loss: 1.5976
Step 610, Loss: 1.5506
Step 620, Loss: 1.7256
Step 630, Loss: 1.5883
Step 640, Loss: 1.5588
Step 650, Loss: 1.6665
Step 660, Loss: 1.5800
Step 670, Loss: 1.7173
Step 680, Loss: 1.6108
Step 690, Loss: 1.6230
Step 700, Loss: 1.6535
Step 710, Loss: 1.7092
Step 720, Loss: 1.6167
Step 730, Loss: 1.6062
Step 740, Loss: 1.5813
Step 750, Loss: 1.6606
Step 760, Loss: 1.6175
Step 770, Loss: 1.6590
Step 780, Loss: 1.5439
Step 790, Loss: 1.5694
Step 800, Loss: 1.6023
Step 810, Loss: 1.6225
Step 820, Loss: 1.5955
Step 830, Loss: 1.6054
Step 840, Loss: 1.5275
Step 850, Loss: 1.6609
Step 860, Loss: 1.5629
Step 870, Loss: 1.6316
Step 880, Loss: 1.5932
Step 890, Loss: 1.6558
Step 900, Loss: 1.5929
Step 910, Loss: 1.6440
Step 920, Loss: 1.6576
Step 930, Loss: 1.5920
Step 940, Loss: 1.5903
Step 950, Loss: 1.6421
Step 960, Loss: 1.5817
Step 970, Loss: 1.6946
Step 980, Loss: 1.6782
Step 990, Loss: 1.5836
Epoch 18, Average Loss: 1.6307
[Info] 模型檢查點已保存至 ./checkpoints/20250105_213429/epoch_18.pt

Epoch 19/20
Step 0, Loss: 1.6936
Step 10, Loss: 1.5991
Step 20, Loss: 1.6681
Step 30, Loss: 1.6734
Step 40, Loss: 1.7677
Step 50, Loss: 1.6458
Step 60, Loss: 1.6571
Step 70, Loss: 1.6961
Step 80, Loss: 1.5798
Step 90, Loss: 1.6590
Step 100, Loss: 1.6044
Step 110, Loss: 1.6719
Step 120, Loss: 1.6937
Step 130, Loss: 1.5934
Step 140, Loss: 1.5653
Step 150, Loss: 1.6338
Step 160, Loss: 1.6068
Step 170, Loss: 1.5221
Step 180, Loss: 1.6076
Step 190, Loss: 1.6616
Step 200, Loss: 1.5977
Step 210, Loss: 1.5791
Step 220, Loss: 1.7035
Step 230, Loss: 1.5502
Step 240, Loss: 1.7596
Step 250, Loss: 1.7174
Step 260, Loss: 1.6222
Step 270, Loss: 1.5826
Step 280, Loss: 1.5252
Step 290, Loss: 1.5988
Step 300, Loss: 1.6678
Step 310, Loss: 1.6713
Step 320, Loss: 1.6147
Step 330, Loss: 1.6256
Step 340, Loss: 1.5201
Step 350, Loss: 1.6149
Step 360, Loss: 1.5602
Step 370, Loss: 1.6106
Step 380, Loss: 1.6143
Step 390, Loss: 1.6665
Step 400, Loss: 1.5411
Step 410, Loss: 1.5096
Step 420, Loss: 1.7145
Step 430, Loss: 1.6054
Step 440, Loss: 1.5028
Step 450, Loss: 1.6397
Step 460, Loss: 1.5717
Step 470, Loss: 1.5987
Step 480, Loss: 1.5450
Step 490, Loss: 1.7519
Step 500, Loss: 1.6755
Step 510, Loss: 1.7007
Step 520, Loss: 1.6878
Step 530, Loss: 1.6165
Step 540, Loss: 1.6820
Step 550, Loss: 1.6502
Step 560, Loss: 1.5263
Step 570, Loss: 1.6606
Step 580, Loss: 1.6003
Step 590, Loss: 1.6230
Step 600, Loss: 1.6036
Step 610, Loss: 1.5392
Step 620, Loss: 1.7152
Step 630, Loss: 1.5647
Step 640, Loss: 1.5423
Step 650, Loss: 1.6541
Step 660, Loss: 1.5839
Step 670, Loss: 1.6960
Step 680, Loss: 1.6177
Step 690, Loss: 1.5870
Step 700, Loss: 1.6807
Step 710, Loss: 1.6707
Step 720, Loss: 1.7924
Step 730, Loss: 1.5619
Step 740, Loss: 1.6049
Step 750, Loss: 1.6713
Step 760, Loss: 1.6603
Step 770, Loss: 1.6473
Step 780, Loss: 1.5661
Step 790, Loss: 1.5702
Step 800, Loss: 1.6553
Step 810, Loss: 1.6136
Step 820, Loss: 1.5940
Step 830, Loss: 1.5988
Step 840, Loss: 1.6426
Step 850, Loss: 1.6132
Step 860, Loss: 1.5442
Step 870, Loss: 1.6319
Step 880, Loss: 1.7003
Step 890, Loss: 1.6343
Step 900, Loss: 1.6070
Step 910, Loss: 1.6407
Step 920, Loss: 1.6297
Step 930, Loss: 1.5687
Step 940, Loss: 1.6129
Step 950, Loss: 1.7021
Step 960, Loss: 1.6341
Step 970, Loss: 1.6677
Step 980, Loss: 1.6431
Step 990, Loss: 1.5750
Epoch 19, Average Loss: 1.6312
[Info] 模型檢查點已保存至 ./checkpoints/20250105_213429/epoch_19.pt

Epoch 20/20
Step 0, Loss: 1.6930
Step 10, Loss: 1.5843
Step 20, Loss: 1.6787
Step 30, Loss: 1.6699
Step 40, Loss: 1.7955
Step 50, Loss: 1.7278
Step 60, Loss: 1.6531
Step 70, Loss: 1.7078
Step 80, Loss: 1.5692
Step 90, Loss: 1.7166
Step 100, Loss: 1.6656
Step 110, Loss: 1.6536
Step 120, Loss: 1.6491
Step 130, Loss: 1.5974
Step 140, Loss: 1.5515
Step 150, Loss: 1.6646
Step 160, Loss: 1.6513
Step 170, Loss: 1.5041
Step 180, Loss: 1.6429
Step 190, Loss: 1.6729
Step 200, Loss: 1.6072
Step 210, Loss: 1.6076
Step 220, Loss: 1.6597
Step 230, Loss: 1.5746
Step 240, Loss: 1.6669
Step 250, Loss: 1.6518
Step 260, Loss: 1.6301
Step 270, Loss: 1.5867
Step 280, Loss: 1.5249
Step 290, Loss: 1.6074
Step 300, Loss: 1.6202
Step 310, Loss: 1.6342
Step 320, Loss: 1.6607
Step 330, Loss: 1.6075
Step 340, Loss: 1.5333
Step 350, Loss: 1.6063
Step 360, Loss: 1.5448
Step 370, Loss: 1.5879
Step 380, Loss: 1.6328
Step 390, Loss: 1.7127
Step 400, Loss: 1.5327
Step 410, Loss: 1.5057
Step 420, Loss: 1.7130
Step 430, Loss: 1.5973
Step 440, Loss: 1.5005
Step 450, Loss: 1.6189
Step 460, Loss: 1.5606
Step 470, Loss: 1.5978
Step 480, Loss: 1.5488
Step 490, Loss: 1.7046
Step 500, Loss: 1.6516
Step 510, Loss: 1.7439
Step 520, Loss: 1.6525
Step 530, Loss: 1.6254
Step 540, Loss: 1.6974
Step 550, Loss: 1.6322
Step 560, Loss: 1.5261
Step 570, Loss: 1.6371
Step 580, Loss: 1.6669
Step 590, Loss: 1.6119
Step 600, Loss: 1.6878
Step 610, Loss: 1.5473
Step 620, Loss: 1.6303
Step 630, Loss: 1.5561
Step 640, Loss: 1.5906
Step 650, Loss: 1.6462
Step 660, Loss: 1.5792
Step 670, Loss: 1.7585
Step 680, Loss: 1.5848
Step 690, Loss: 1.6063
Step 700, Loss: 1.6585
Step 710, Loss: 1.6923
Step 720, Loss: 1.7096
Step 730, Loss: 1.5907
Step 740, Loss: 1.5455
Step 750, Loss: 1.6701
Step 760, Loss: 1.6376
Step 770, Loss: 1.6662
Step 780, Loss: 1.5652
Step 790, Loss: 1.5706
Step 800, Loss: 1.6092
Step 810, Loss: 1.5809
Step 820, Loss: 1.6141
Step 830, Loss: 1.5897
Step 840, Loss: 1.5519
Step 850, Loss: 1.6392
Step 860, Loss: 1.5842
Step 870, Loss: 1.5624
Step 880, Loss: 1.5983
Step 890, Loss: 1.6529
Step 900, Loss: 1.5749
Step 910, Loss: 1.6283
Step 920, Loss: 1.6465
Step 930, Loss: 1.5661
Step 940, Loss: 1.6167
Step 950, Loss: 1.6582
Step 960, Loss: 1.5449
Step 970, Loss: 1.7548
Step 980, Loss: 1.6740
Step 990, Loss: 1.6378
Epoch 20, Average Loss: 1.6303
[Info] 模型檢查點已保存至 ./checkpoints/20250105_213429/epoch_20.pt
