Using device: cuda
Conformer(
  (encoder): ConformerEncoder(
    (conv_subsample): Conv2dSubampling(
      (sequential): Sequential(
        (0): Conv2d(1, 128, kernel_size=(3, 3), stride=(2, 2))
        (1): ReLU()
        (2): Conv2d(128, 128, kernel_size=(3, 3), stride=(2, 2))
        (3): ReLU()
      )
    )
    (input_projection): Sequential(
      (0): Linear(
        (linear): Linear(in_features=2432, out_features=128, bias=True)
      )
      (1): Dropout(p=0.1, inplace=False)
    )
    (layers): ModuleList(
      (0): ConformerBlock(
        (sequential): Sequential(
          (0): ResidualConnectionModule(
            (module): FeedForwardModule(
              (sequential): Sequential(
                (0): LayerNorm((128,), eps=1e-05, elementwise_affine=True)
                (1): Linear(
                  (linear): Linear(in_features=128, out_features=512, bias=True)
                )
                (2): Swish()
                (3): Dropout(p=0.1, inplace=False)
                (4): Linear(
                  (linear): Linear(in_features=512, out_features=128, bias=True)
                )
                (5): Dropout(p=0.1, inplace=False)
              )
            )
          )
          (1): ResidualConnectionModule(
            (module): MultiHeadedSelfAttentionModule(
              (positional_encoding): RelPositionalEncoding()
              (layer_norm): LayerNorm((128,), eps=1e-05, elementwise_affine=True)
              (attention): RelativeMultiHeadAttention(
                (query_proj): Linear(
                  (linear): Linear(in_features=128, out_features=128, bias=True)
                )
                (key_proj): Linear(
                  (linear): Linear(in_features=128, out_features=128, bias=True)
                )
                (value_proj): Linear(
                  (linear): Linear(in_features=128, out_features=128, bias=True)
                )
                (pos_proj): Linear(
                  (linear): Linear(in_features=128, out_features=128, bias=False)
                )
                (dropout): Dropout(p=0.1, inplace=False)
                (out_proj): Linear(
                  (linear): Linear(in_features=128, out_features=128, bias=True)
                )
              )
              (dropout): Dropout(p=0.1, inplace=False)
            )
          )
          (2): ResidualConnectionModule(
            (module): ConformerConvModule(
              (sequential): Sequential(
                (0): LayerNorm((128,), eps=1e-05, elementwise_affine=True)
                (1): Transpose()
                (2): PointwiseConv1d(
                  (conv): Conv1d(128, 256, kernel_size=(1,), stride=(1,))
                )
                (3): GLU()
                (4): DepthwiseConv1d(
                  (conv): Conv1d(128, 128, kernel_size=(31,), stride=(1,), padding=(15,), groups=128, bias=False)
                )
                (5): BatchNorm1d(128, eps=1e-05, momentum=0.1, affine=True, track_running_stats=True)
                (6): Swish()
                (7): PointwiseConv1d(
                  (conv): Conv1d(128, 128, kernel_size=(1,), stride=(1,))
                )
                (8): Dropout(p=0.1, inplace=False)
              )
            )
          )
          (3): ResidualConnectionModule(
            (module): FeedForwardModule(
              (sequential): Sequential(
                (0): LayerNorm((128,), eps=1e-05, elementwise_affine=True)
                (1): Linear(
                  (linear): Linear(in_features=128, out_features=512, bias=True)
                )
                (2): Swish()
                (3): Dropout(p=0.1, inplace=False)
                (4): Linear(
                  (linear): Linear(in_features=512, out_features=128, bias=True)
                )
                (5): Dropout(p=0.1, inplace=False)
              )
            )
          )
          (4): LayerNorm((128,), eps=1e-05, elementwise_affine=True)
        )
      )
      (1): ConformerBlock(
        (sequential): Sequential(
          (0): ResidualConnectionModule(
            (module): FeedForwardModule(
              (sequential): Sequential(
                (0): LayerNorm((128,), eps=1e-05, elementwise_affine=True)
                (1): Linear(
                  (linear): Linear(in_features=128, out_features=512, bias=True)
                )
                (2): Swish()
                (3): Dropout(p=0.1, inplace=False)
                (4): Linear(
                  (linear): Linear(in_features=512, out_features=128, bias=True)
                )
                (5): Dropout(p=0.1, inplace=False)
              )
            )
          )
          (1): ResidualConnectionModule(
            (module): MultiHeadedSelfAttentionModule(
              (positional_encoding): RelPositionalEncoding()
              (layer_norm): LayerNorm((128,), eps=1e-05, elementwise_affine=True)
              (attention): RelativeMultiHeadAttention(
                (query_proj): Linear(
                  (linear): Linear(in_features=128, out_features=128, bias=True)
                )
                (key_proj): Linear(
                  (linear): Linear(in_features=128, out_features=128, bias=True)
                )
                (value_proj): Linear(
                  (linear): Linear(in_features=128, out_features=128, bias=True)
                )
                (pos_proj): Linear(
                  (linear): Linear(in_features=128, out_features=128, bias=False)
                )
                (dropout): Dropout(p=0.1, inplace=False)
                (out_proj): Linear(
                  (linear): Linear(in_features=128, out_features=128, bias=True)
                )
              )
              (dropout): Dropout(p=0.1, inplace=False)
            )
          )
          (2): ResidualConnectionModule(
            (module): ConformerConvModule(
              (sequential): Sequential(
                (0): LayerNorm((128,), eps=1e-05, elementwise_affine=True)
                (1): Transpose()
                (2): PointwiseConv1d(
                  (conv): Conv1d(128, 256, kernel_size=(1,), stride=(1,))
                )
                (3): GLU()
                (4): DepthwiseConv1d(
                  (conv): Conv1d(128, 128, kernel_size=(31,), stride=(1,), padding=(15,), groups=128, bias=False)
                )
                (5): BatchNorm1d(128, eps=1e-05, momentum=0.1, affine=True, track_running_stats=True)
                (6): Swish()
                (7): PointwiseConv1d(
                  (conv): Conv1d(128, 128, kernel_size=(1,), stride=(1,))
                )
                (8): Dropout(p=0.1, inplace=False)
              )
            )
          )
          (3): ResidualConnectionModule(
            (module): FeedForwardModule(
              (sequential): Sequential(
                (0): LayerNorm((128,), eps=1e-05, elementwise_affine=True)
                (1): Linear(
                  (linear): Linear(in_features=128, out_features=512, bias=True)
                )
                (2): Swish()
                (3): Dropout(p=0.1, inplace=False)
                (4): Linear(
                  (linear): Linear(in_features=512, out_features=128, bias=True)
                )
                (5): Dropout(p=0.1, inplace=False)
              )
            )
          )
          (4): LayerNorm((128,), eps=1e-05, elementwise_affine=True)
        )
      )
    )
  )
  (fc): Linear(
    (linear): Linear(in_features=128, out_features=35, bias=False)
  )
)
[Info] 初始模型權重已從 ./checkpoints/h0.pt 加載。
[Info] 保存檢查點到 ./checkpoints/20250105_202131

Epoch 1/20
Step 0, Loss: 1.9455
Step 10, Loss: 1.8854
Step 20, Loss: 1.9459
Step 30, Loss: 1.9459
Step 40, Loss: 1.9459
Step 50, Loss: 1.9458
Step 60, Loss: 1.9400
Step 70, Loss: 1.8257
Step 80, Loss: 1.7813
Step 90, Loss: 1.9326
Step 100, Loss: 1.7963
Step 110, Loss: 1.8563
Step 120, Loss: 1.8690
Step 130, Loss: 1.7437
Step 140, Loss: 1.8735
Step 150, Loss: 1.8082
Step 160, Loss: 1.7862
Step 170, Loss: 1.7666
Step 180, Loss: 1.7323
Step 190, Loss: 1.7093
Step 200, Loss: 1.7470
Step 210, Loss: 1.7170
Step 220, Loss: 1.8805
Step 230, Loss: 1.8743
Step 240, Loss: 1.8980
Step 250, Loss: 1.7979
Step 260, Loss: 1.7871
Step 270, Loss: 1.6806
Step 280, Loss: 1.7623
Step 290, Loss: 1.7509
Step 300, Loss: 1.7596
Step 310, Loss: 1.7746
Step 320, Loss: 1.7862
Step 330, Loss: 1.7548
Step 340, Loss: 1.8987
Step 350, Loss: 1.8435
Step 360, Loss: 1.6346
Step 370, Loss: 1.7077
Step 380, Loss: 1.7508
Step 390, Loss: 1.7085
Step 400, Loss: 1.6806
Step 410, Loss: 1.7385
Step 420, Loss: 1.7198
Step 430, Loss: 1.7956
Step 440, Loss: 1.7751
Step 450, Loss: 1.7113
Step 460, Loss: 1.7221
Step 470, Loss: 1.6446
Step 480, Loss: 1.6775
Step 490, Loss: 1.7712
Step 500, Loss: 1.7369
Step 510, Loss: 1.8104
Step 520, Loss: 1.7788
Step 530, Loss: 1.7817
Step 540, Loss: 1.7628
Step 550, Loss: 1.7631
Step 560, Loss: 1.7163
Step 570, Loss: 1.6587
Step 580, Loss: 1.7746
Step 590, Loss: 1.8246
Step 600, Loss: 1.8431
Step 610, Loss: 1.6533
Step 620, Loss: 1.7954
Step 630, Loss: 1.8135
Step 640, Loss: 1.6719
Step 650, Loss: 1.7187
Step 660, Loss: 1.6702
Step 670, Loss: 1.8259
Step 680, Loss: 1.7784
Step 690, Loss: 1.8724
Step 700, Loss: 1.7169
Step 710, Loss: 1.6506
Step 720, Loss: 1.7771
Step 730, Loss: 1.6813
Step 740, Loss: 1.7339
Step 750, Loss: 1.7546
Step 760, Loss: 1.7246
Step 770, Loss: 1.7443
Step 780, Loss: 1.7295
Step 790, Loss: 1.6415
Step 800, Loss: 1.8597
Step 810, Loss: 1.8319
Step 820, Loss: 1.7861
Step 830, Loss: 1.6867
Step 840, Loss: 1.6950
Step 850, Loss: 1.6278
Step 860, Loss: 1.7536
Step 870, Loss: 1.7244
Step 880, Loss: 1.8384
Step 890, Loss: 1.7285
Step 900, Loss: 1.7026
Step 910, Loss: 1.6931
Step 920, Loss: 1.6895
Step 930, Loss: 1.5998
Step 940, Loss: 1.7272
Step 950, Loss: 1.7467
Step 960, Loss: 1.7577
Step 970, Loss: 1.7394
Step 980, Loss: 1.7650
Step 990, Loss: 1.6612
Epoch 1, Average Loss: 1.7637
[Info] 模型檢查點已保存至 ./checkpoints/20250105_202131/epoch_1.pt

Epoch 2/20
Step 0, Loss: 1.8111
Step 10, Loss: 1.6566
Step 20, Loss: 1.6714
Step 30, Loss: 1.7270
Step 40, Loss: 1.6969
Step 50, Loss: 1.7757
Step 60, Loss: 1.7219
Step 70, Loss: 1.6299
Step 80, Loss: 1.7140
Step 90, Loss: 1.7187
Step 100, Loss: 1.7148
Step 110, Loss: 1.8012
Step 120, Loss: 1.7489
Step 130, Loss: 1.6786
Step 140, Loss: 1.7320
Step 150, Loss: 1.6479
Step 160, Loss: 1.6964
Step 170, Loss: 1.6480
Step 180, Loss: 1.6981
Step 190, Loss: 1.7193
Step 200, Loss: 1.6744
Step 210, Loss: 1.6970
Step 220, Loss: 1.9507
Step 230, Loss: 1.7906
Step 240, Loss: 1.8174
Step 250, Loss: 1.8173
Step 260, Loss: 1.7734
Step 270, Loss: 1.6556
Step 280, Loss: 1.6622
Step 290, Loss: 1.7845
Step 300, Loss: 1.7211
Step 310, Loss: 1.7568
Step 320, Loss: 1.7230
Step 330, Loss: 1.8024
Step 340, Loss: 1.7574
Step 350, Loss: 1.6922
Step 360, Loss: 1.6174
Step 370, Loss: 1.5898
Step 380, Loss: 1.6106
Step 390, Loss: 1.7645
Step 400, Loss: 1.8305
Step 410, Loss: 1.7120
Step 420, Loss: 1.7044
Step 430, Loss: 1.6125
Step 440, Loss: 1.6717
Step 450, Loss: 1.6990
Step 460, Loss: 1.7206
Step 470, Loss: 1.7478
Step 480, Loss: 1.6636
Step 490, Loss: 1.7231
Step 500, Loss: 1.6809
Step 510, Loss: 1.7051
Step 520, Loss: 1.7240
Step 530, Loss: 1.7755
Step 540, Loss: 1.7742
Step 550, Loss: 1.8098
Step 560, Loss: 1.5983
Step 570, Loss: 1.7365
Step 580, Loss: 1.6581
Step 590, Loss: 1.6132
Step 600, Loss: 1.7882
Step 610, Loss: 1.6532
Step 620, Loss: 1.6798
Step 630, Loss: 1.5829
Step 640, Loss: 1.5953
Step 650, Loss: 1.7398
Step 660, Loss: 1.6969
Step 670, Loss: 1.6612
Step 680, Loss: 1.7133
Step 690, Loss: 1.7802
Step 700, Loss: 1.6640
Step 710, Loss: 1.7292
Step 720, Loss: 1.7701
Step 730, Loss: 1.6599
Step 740, Loss: 1.6378
Step 750, Loss: 1.7347
Step 760, Loss: 1.6891
Step 770, Loss: 1.6964
Step 780, Loss: 1.5942
Step 790, Loss: 1.6396
Step 800, Loss: 1.7140
Step 810, Loss: 1.5667
Step 820, Loss: 1.6312
Step 830, Loss: 1.6786
Step 840, Loss: 1.5928
Step 850, Loss: 1.6559
Step 860, Loss: 1.6749
Step 870, Loss: 1.7308
Step 880, Loss: 1.7310
Step 890, Loss: 1.7442
Step 900, Loss: 1.6550
Step 910, Loss: 1.7489
Step 920, Loss: 1.6384
Step 930, Loss: 1.6057
Step 940, Loss: 1.7071
Step 950, Loss: 1.6467
Step 960, Loss: 1.7027
Step 970, Loss: 1.6421
Step 980, Loss: 1.6434
Step 990, Loss: 1.6484
Epoch 2, Average Loss: 1.7058
[Info] 模型檢查點已保存至 ./checkpoints/20250105_202131/epoch_2.pt

Epoch 3/20
Step 0, Loss: 1.5792
Step 10, Loss: 1.6094
Step 20, Loss: 1.7464
Step 30, Loss: 1.6810
Step 40, Loss: 1.5914
Step 50, Loss: 1.7000
Step 60, Loss: 1.7576
Step 70, Loss: 1.7141
Step 80, Loss: 1.6704
Step 90, Loss: 1.8001
Step 100, Loss: 1.7847
Step 110, Loss: 1.6864
Step 120, Loss: 1.7311
Step 130, Loss: 1.7838
Step 140, Loss: 1.6906
Step 150, Loss: 1.7137
Step 160, Loss: 1.6642
Step 170, Loss: 1.7282
Step 180, Loss: 1.6734
Step 190, Loss: 1.7687
Step 200, Loss: 1.6300
Step 210, Loss: 1.5965
Step 220, Loss: 1.6261
Step 230, Loss: 1.8168
Step 240, Loss: 1.7483
Step 250, Loss: 1.6400
Step 260, Loss: 1.6102
Step 270, Loss: 1.6509
Step 280, Loss: 1.7204
Step 290, Loss: 1.8673
Step 300, Loss: 1.6951
Step 310, Loss: 1.8404
Step 320, Loss: 1.7720
Step 330, Loss: 1.6837
Step 340, Loss: 1.6729
Step 350, Loss: 1.5700
Step 360, Loss: 1.6260
Step 370, Loss: 1.5844
Step 380, Loss: 1.6093
Step 390, Loss: 1.7635
Step 400, Loss: 1.7075
Step 410, Loss: 1.6819
Step 420, Loss: 1.7585
Step 430, Loss: 1.6005
Step 440, Loss: 1.6081
Step 450, Loss: 1.7532
Step 460, Loss: 1.7055
Step 470, Loss: 1.7713
Step 480, Loss: 1.6574
Step 490, Loss: 1.6420
Step 500, Loss: 1.7235
Step 510, Loss: 1.6635
Step 520, Loss: 1.6972
Step 530, Loss: 1.7443
Step 540, Loss: 1.7722
Step 550, Loss: 1.7577
Step 560, Loss: 1.5894
Step 570, Loss: 1.7066
Step 580, Loss: 1.6628
Step 590, Loss: 1.5764
Step 600, Loss: 1.7755
Step 610, Loss: 1.5872
Step 620, Loss: 1.6280
Step 630, Loss: 1.5838
Step 640, Loss: 1.5532
Step 650, Loss: 1.6686
Step 660, Loss: 1.6402
Step 670, Loss: 1.6747
Step 680, Loss: 1.6634
Step 690, Loss: 1.6993
Step 700, Loss: 1.6442
Step 710, Loss: 1.6949
Step 720, Loss: 1.7280
Step 730, Loss: 1.5918
Step 740, Loss: 1.5858
Step 750, Loss: 1.6755
Step 760, Loss: 1.6550
Step 770, Loss: 1.7048
Step 780, Loss: 1.5472
Step 790, Loss: 1.5904
Step 800, Loss: 1.7333
Step 810, Loss: 1.5964
Step 820, Loss: 1.5585
Step 830, Loss: 1.6298
Step 840, Loss: 1.5885
Step 850, Loss: 1.6215
Step 860, Loss: 1.6372
Step 870, Loss: 1.7451
Step 880, Loss: 1.6684
Step 890, Loss: 1.7119
Step 900, Loss: 1.6611
Step 910, Loss: 1.6804
Step 920, Loss: 1.6995
Step 930, Loss: 1.6196
Step 940, Loss: 1.6693
Step 950, Loss: 1.6608
Step 960, Loss: 1.6521
Step 970, Loss: 1.6957
Step 980, Loss: 1.6556
Step 990, Loss: 1.6274
Epoch 3, Average Loss: 1.6787
[Info] 模型檢查點已保存至 ./checkpoints/20250105_202131/epoch_3.pt

Epoch 4/20
Step 0, Loss: 1.6204
Step 10, Loss: 1.5762
Step 20, Loss: 1.7094
Step 30, Loss: 1.7198
Step 40, Loss: 1.6881
Step 50, Loss: 1.7308
Step 60, Loss: 1.6886
Step 70, Loss: 1.6751
Step 80, Loss: 1.6104
Step 90, Loss: 1.8318
Step 100, Loss: 1.7507
Step 110, Loss: 1.6844
Step 120, Loss: 1.6906
Step 130, Loss: 1.7492
Step 140, Loss: 1.7358
Step 150, Loss: 1.6675
Step 160, Loss: 1.6807
Step 170, Loss: 1.7099
Step 180, Loss: 1.6514
Step 190, Loss: 1.7937
Step 200, Loss: 1.6443
Step 210, Loss: 1.6303
Step 220, Loss: 1.6845
Step 230, Loss: 1.7218
Step 240, Loss: 1.7076
Step 250, Loss: 1.5600
Step 260, Loss: 1.6037
Step 270, Loss: 1.6476
Step 280, Loss: 1.6663
Step 290, Loss: 1.8656
Step 300, Loss: 1.6841
Step 310, Loss: 1.7491
Step 320, Loss: 1.6999
Step 330, Loss: 1.7048
Step 340, Loss: 1.6956
Step 350, Loss: 1.6085
Step 360, Loss: 1.6558
Step 370, Loss: 1.5334
Step 380, Loss: 1.5939
Step 390, Loss: 1.6979
Step 400, Loss: 1.7079
Step 410, Loss: 1.7060
Step 420, Loss: 1.7754
Step 430, Loss: 1.5738
Step 440, Loss: 1.6607
Step 450, Loss: 1.6850
Step 460, Loss: 1.6623
Step 470, Loss: 1.7722
Step 480, Loss: 1.6775
Step 490, Loss: 1.6472
Step 500, Loss: 1.6362
Step 510, Loss: 1.6373
Step 520, Loss: 1.6884
Step 530, Loss: 1.7643
Step 540, Loss: 1.7896
Step 550, Loss: 1.7686
Step 560, Loss: 1.5413
Step 570, Loss: 1.6804
Step 580, Loss: 1.6385
Step 590, Loss: 1.5807
Step 600, Loss: 1.8099
Step 610, Loss: 1.6106
Step 620, Loss: 1.6375
Step 630, Loss: 1.5640
Step 640, Loss: 1.5909
Step 650, Loss: 1.7463
Step 660, Loss: 1.6397
Step 670, Loss: 1.6750
Step 680, Loss: 1.6993
Step 690, Loss: 1.6909
Step 700, Loss: 1.6926
Step 710, Loss: 1.6908
Step 720, Loss: 1.7956
Step 730, Loss: 1.6157
Step 740, Loss: 1.6016
Step 750, Loss: 1.6897
Step 760, Loss: 1.6758
Step 770, Loss: 1.7108
Step 780, Loss: 1.5931
Step 790, Loss: 1.5800
Step 800, Loss: 1.7635
Step 810, Loss: 1.5720
Step 820, Loss: 1.5982
Step 830, Loss: 1.6218
Step 840, Loss: 1.5733
Step 850, Loss: 1.6357
Step 860, Loss: 1.5989
Step 870, Loss: 1.7604
Step 880, Loss: 1.6513
Step 890, Loss: 1.7043
Step 900, Loss: 1.6529
Step 910, Loss: 1.6860
Step 920, Loss: 1.6355
Step 930, Loss: 1.5969
Step 940, Loss: 1.6843
Step 950, Loss: 1.6053
Step 960, Loss: 1.6400
Step 970, Loss: 1.7030
Step 980, Loss: 1.6471
Step 990, Loss: 1.5968
Epoch 4, Average Loss: 1.6697
[Info] 模型檢查點已保存至 ./checkpoints/20250105_202131/epoch_4.pt

Epoch 5/20
Step 0, Loss: 1.5594
Step 10, Loss: 1.5664
Step 20, Loss: 1.7290
Step 30, Loss: 1.6653
Step 40, Loss: 1.6679
Step 50, Loss: 1.6528
Step 60, Loss: 1.6650
Step 70, Loss: 1.6497
Step 80, Loss: 1.6586
Step 90, Loss: 1.7998
Step 100, Loss: 1.7568
Step 110, Loss: 1.7373
Step 120, Loss: 1.7715
Step 130, Loss: 1.7942
Step 140, Loss: 1.6521
Step 150, Loss: 1.6939
Step 160, Loss: 1.6717
Step 170, Loss: 1.6765
Step 180, Loss: 1.6672
Step 190, Loss: 1.7607
Step 200, Loss: 1.6372
Step 210, Loss: 1.6785
Step 220, Loss: 1.6511
Step 230, Loss: 1.7388
Step 240, Loss: 1.7533
Step 250, Loss: 1.5893
Step 260, Loss: 1.6234
Step 270, Loss: 1.6469
Step 280, Loss: 1.6704
Step 290, Loss: 1.7998
Step 300, Loss: 1.6412
Step 310, Loss: 1.7699
Step 320, Loss: 1.6599
Step 330, Loss: 1.6637
Step 340, Loss: 1.6605
Step 350, Loss: 1.5656
Step 360, Loss: 1.6153
Step 370, Loss: 1.5942
Step 380, Loss: 1.6013
Step 390, Loss: 1.6934
Step 400, Loss: 1.6975
Step 410, Loss: 1.6641
Step 420, Loss: 1.6636
Step 430, Loss: 1.5828
Step 440, Loss: 1.6396
Step 450, Loss: 1.6654
Step 460, Loss: 1.6505
Step 470, Loss: 1.7262
Step 480, Loss: 1.6235
Step 490, Loss: 1.5977
Step 500, Loss: 1.6492
Step 510, Loss: 1.6100
Step 520, Loss: 1.6690
Step 530, Loss: 1.6991
Step 540, Loss: 1.7741
Step 550, Loss: 1.7797
Step 560, Loss: 1.5672
Step 570, Loss: 1.6699
Step 580, Loss: 1.6305
Step 590, Loss: 1.5876
Step 600, Loss: 1.7919
Step 610, Loss: 1.5560
Step 620, Loss: 1.6722
Step 630, Loss: 1.5837
Step 640, Loss: 1.5628
Step 650, Loss: 1.6624
Step 660, Loss: 1.6434
Step 670, Loss: 1.7044
Step 680, Loss: 1.6674
Step 690, Loss: 1.7440
Step 700, Loss: 1.6721
Step 710, Loss: 1.6537
Step 720, Loss: 1.7004
Step 730, Loss: 1.5999
Step 740, Loss: 1.5841
Step 750, Loss: 1.6629
Step 760, Loss: 1.7057
Step 770, Loss: 1.6248
Step 780, Loss: 1.5123
Step 790, Loss: 1.6384
Step 800, Loss: 1.6773
Step 810, Loss: 1.5555
Step 820, Loss: 1.5815
Step 830, Loss: 1.6302
Step 840, Loss: 1.6183
Step 850, Loss: 1.6823
Step 860, Loss: 1.6629
Step 870, Loss: 1.7251
Step 880, Loss: 1.6393
Step 890, Loss: 1.7213
Step 900, Loss: 1.6856
Step 910, Loss: 1.6634
Step 920, Loss: 1.6581
Step 930, Loss: 1.5779
Step 940, Loss: 1.6066
Step 950, Loss: 1.6530
Step 960, Loss: 1.6373
Step 970, Loss: 1.6865
Step 980, Loss: 1.6133
Step 990, Loss: 1.5866
Epoch 5, Average Loss: 1.6632
[Info] 模型檢查點已保存至 ./checkpoints/20250105_202131/epoch_5.pt

Epoch 6/20
Step 0, Loss: 1.6377
Step 10, Loss: 1.5453
Step 20, Loss: 1.7073
Step 30, Loss: 1.6330
Step 40, Loss: 1.6157
Step 50, Loss: 1.6928
Step 60, Loss: 1.6973
Step 70, Loss: 1.6302
Step 80, Loss: 1.6284
Step 90, Loss: 1.8105
Step 100, Loss: 1.6590
Step 110, Loss: 1.6636
Step 120, Loss: 1.6526
Step 130, Loss: 1.7279
Step 140, Loss: 1.6589
Step 150, Loss: 1.6944
Step 160, Loss: 1.7024
Step 170, Loss: 1.6555
Step 180, Loss: 1.6823
Step 190, Loss: 1.7229
Step 200, Loss: 1.6448
Step 210, Loss: 1.6571
Step 220, Loss: 1.6426
Step 230, Loss: 1.7515
Step 240, Loss: 1.7845
Step 250, Loss: 1.6325
Step 260, Loss: 1.6208
Step 270, Loss: 1.6765
Step 280, Loss: 1.6319
Step 290, Loss: 1.7267
Step 300, Loss: 1.6486
Step 310, Loss: 1.7747
Step 320, Loss: 1.6956
Step 330, Loss: 1.6048
Step 340, Loss: 1.6788
Step 350, Loss: 1.5510
Step 360, Loss: 1.6070
Step 370, Loss: 1.5743
Step 380, Loss: 1.5936
Step 390, Loss: 1.7328
Step 400, Loss: 1.7311
Step 410, Loss: 1.6858
Step 420, Loss: 1.7503
Step 430, Loss: 1.5871
Step 440, Loss: 1.6661
Step 450, Loss: 1.6920
Step 460, Loss: 1.6672
Step 470, Loss: 1.7234
Step 480, Loss: 1.6881
Step 490, Loss: 1.6565
Step 500, Loss: 1.6122
Step 510, Loss: 1.6165
Step 520, Loss: 1.6292
Step 530, Loss: 1.7519
Step 540, Loss: 1.7186
Step 550, Loss: 1.7816
Step 560, Loss: 1.5829
Step 570, Loss: 1.6955
Step 580, Loss: 1.6360
Step 590, Loss: 1.5966
Step 600, Loss: 1.8105
Step 610, Loss: 1.5771
Step 620, Loss: 1.7361
Step 630, Loss: 1.5519
Step 640, Loss: 1.5930
Step 650, Loss: 1.6289
Step 660, Loss: 1.5966
Step 670, Loss: 1.6473
Step 680, Loss: 1.6420
Step 690, Loss: 1.7157
Step 700, Loss: 1.6661
Step 710, Loss: 1.6650
Step 720, Loss: 1.7334
Step 730, Loss: 1.6372
Step 740, Loss: 1.5861
Step 750, Loss: 1.6586
Step 760, Loss: 1.6956
Step 770, Loss: 1.6462
Step 780, Loss: 1.5103
Step 790, Loss: 1.5881
Step 800, Loss: 1.7011
Step 810, Loss: 1.5461
Step 820, Loss: 1.5733
Step 830, Loss: 1.6296
Step 840, Loss: 1.5712
Step 850, Loss: 1.6294
Step 860, Loss: 1.6085
Step 870, Loss: 1.6854
Step 880, Loss: 1.6193
Step 890, Loss: 1.7225
Step 900, Loss: 1.6878
Step 910, Loss: 1.6622
Step 920, Loss: 1.6702
Step 930, Loss: 1.6114
Step 940, Loss: 1.6572
Step 950, Loss: 1.6659
Step 960, Loss: 1.6128
Step 970, Loss: 1.6469
Step 980, Loss: 1.6329
Step 990, Loss: 1.6309
Epoch 6, Average Loss: 1.6575
[Info] 模型檢查點已保存至 ./checkpoints/20250105_202131/epoch_6.pt

Epoch 7/20
Step 0, Loss: 1.5542
Step 10, Loss: 1.5490
Step 20, Loss: 1.7026
Step 30, Loss: 1.6136
Step 40, Loss: 1.6222
Step 50, Loss: 1.7291
Step 60, Loss: 1.6645
Step 70, Loss: 1.6544
Step 80, Loss: 1.6217
Step 90, Loss: 1.8168
Step 100, Loss: 1.7558
Step 110, Loss: 1.6672
Step 120, Loss: 1.6602
Step 130, Loss: 1.7069
Step 140, Loss: 1.6702
Step 150, Loss: 1.6939
Step 160, Loss: 1.6728
Step 170, Loss: 1.6548
Step 180, Loss: 1.6509
Step 190, Loss: 1.7582
Step 200, Loss: 1.6331
Step 210, Loss: 1.6393
Step 220, Loss: 1.6889
Step 230, Loss: 1.7712
Step 240, Loss: 1.7437
Step 250, Loss: 1.6279
Step 260, Loss: 1.6420
Step 270, Loss: 1.6336
Step 280, Loss: 1.6742
Step 290, Loss: 1.7848
Step 300, Loss: 1.6662
Step 310, Loss: 1.6967
Step 320, Loss: 1.6889
Step 330, Loss: 1.6348
Step 340, Loss: 1.6699
Step 350, Loss: 1.5416
Step 360, Loss: 1.6246
Step 370, Loss: 1.5408
Step 380, Loss: 1.5927
Step 390, Loss: 1.6938
Step 400, Loss: 1.7081
Step 410, Loss: 1.7458
Step 420, Loss: 1.7437
Step 430, Loss: 1.5986
Step 440, Loss: 1.7291
Step 450, Loss: 1.6878
Step 460, Loss: 1.6203
Step 470, Loss: 1.7356
Step 480, Loss: 1.7191
Step 490, Loss: 1.6593
Step 500, Loss: 1.6072
Step 510, Loss: 1.6144
Step 520, Loss: 1.6492
Step 530, Loss: 1.7361
Step 540, Loss: 1.6484
Step 550, Loss: 1.7838
Step 560, Loss: 1.5640
Step 570, Loss: 1.6401
Step 580, Loss: 1.6221
Step 590, Loss: 1.6047
Step 600, Loss: 1.7719
Step 610, Loss: 1.5595
Step 620, Loss: 1.7260
Step 630, Loss: 1.6190
Step 640, Loss: 1.5353
Step 650, Loss: 1.6493
Step 660, Loss: 1.5666
Step 670, Loss: 1.6195
Step 680, Loss: 1.6249
Step 690, Loss: 1.6435
Step 700, Loss: 1.6394
Step 710, Loss: 1.7296
Step 720, Loss: 1.6902
Step 730, Loss: 1.5805
Step 740, Loss: 1.6193
Step 750, Loss: 1.6636
Step 760, Loss: 1.7074
Step 770, Loss: 1.6348
Step 780, Loss: 1.5102
Step 790, Loss: 1.5688
Step 800, Loss: 1.6594
Step 810, Loss: 1.5568
Step 820, Loss: 1.6360
Step 830, Loss: 1.6067
Step 840, Loss: 1.5964
Step 850, Loss: 1.5829
Step 860, Loss: 1.6093
Step 870, Loss: 1.7033
Step 880, Loss: 1.6640
Step 890, Loss: 1.7462
Step 900, Loss: 1.6526
Step 910, Loss: 1.6566
Step 920, Loss: 1.5903
Step 930, Loss: 1.5676
Step 940, Loss: 1.6356
Step 950, Loss: 1.6577
Step 960, Loss: 1.6234
Step 970, Loss: 1.6584
Step 980, Loss: 1.6092
Step 990, Loss: 1.5875
Epoch 7, Average Loss: 1.6554
[Info] 模型檢查點已保存至 ./checkpoints/20250105_202131/epoch_7.pt

Epoch 8/20
Step 0, Loss: 1.6142
Step 10, Loss: 1.5988
Step 20, Loss: 1.6825
Step 30, Loss: 1.6374
Step 40, Loss: 1.6303
Step 50, Loss: 1.6885