PyTorch 版本: 1.12.1
Using device: cuda
Grouping data by WORD...
ConformerEncoder(
  (conv_subsample): Conv2dSubampling(
    (sequential): Sequential(
      (0): Conv2d(1, 64, kernel_size=(3, 3), stride=(2, 2))
      (1): ReLU()
      (2): Conv2d(64, 64, kernel_size=(3, 3), stride=(2, 2))
      (3): ReLU()
    )
  )
  (input_projection): Sequential(
    (0): Linear(
      (linear): Linear(in_features=576, out_features=64, bias=True)
    )
    (1): Dropout(p=0.1, inplace=False)
  )
  (layers): ModuleList(
    (0): ConformerBlock(
      (sequential): Sequential(
        (0): ResidualConnectionModule(
          (module): FeedForwardModule(
            (sequential): Sequential(
              (0): LayerNorm((64,), eps=1e-05, elementwise_affine=True)
              (1): Linear(
                (linear): Linear(in_features=64, out_features=256, bias=True)
              )
              (2): Swish()
              (3): Dropout(p=0.1, inplace=False)
              (4): Linear(
                (linear): Linear(in_features=256, out_features=64, bias=True)
              )
              (5): Dropout(p=0.1, inplace=False)
            )
          )
        )
        (1): ResidualConnectionModule(
          (module): MultiHeadedSelfAttentionModule(
            (positional_encoding): RelPositionalEncoding()
            (layer_norm): LayerNorm((64,), eps=1e-05, elementwise_affine=True)
            (attention): RelativeMultiHeadAttention(
              (query_proj): Linear(
                (linear): Linear(in_features=64, out_features=64, bias=True)
              )
              (key_proj): Linear(
                (linear): Linear(in_features=64, out_features=64, bias=True)
              )
              (value_proj): Linear(
                (linear): Linear(in_features=64, out_features=64, bias=True)
              )
              (pos_proj): Linear(
                (linear): Linear(in_features=64, out_features=64, bias=False)
              )
              (dropout): Dropout(p=0.1, inplace=False)
              (out_proj): Linear(
                (linear): Linear(in_features=64, out_features=64, bias=True)
              )
            )
            (dropout): Dropout(p=0.1, inplace=False)
          )
        )
        (2): ResidualConnectionModule(
          (module): ConformerConvModule(
            (sequential): Sequential(
              (0): LayerNorm((64,), eps=1e-05, elementwise_affine=True)
              (1): Transpose()
              (2): PointwiseConv1d(
                (conv): Conv1d(64, 128, kernel_size=(1,), stride=(1,))
              )
              (3): GLU()
              (4): DepthwiseConv1d(
                (conv): Conv1d(64, 64, kernel_size=(31,), stride=(1,), padding=(15,), groups=64, bias=False)
              )
              (5): BatchNorm1d(64, eps=1e-05, momentum=0.1, affine=True, track_running_stats=True)
              (6): Swish()
              (7): PointwiseConv1d(
                (conv): Conv1d(64, 64, kernel_size=(1,), stride=(1,))
              )
              (8): Dropout(p=0.1, inplace=False)
            )
          )
        )
        (3): ResidualConnectionModule(
          (module): FeedForwardModule(
            (sequential): Sequential(
              (0): LayerNorm((64,), eps=1e-05, elementwise_affine=True)
              (1): Linear(
                (linear): Linear(in_features=64, out_features=256, bias=True)
              )
              (2): Swish()
              (3): Dropout(p=0.1, inplace=False)
              (4): Linear(
                (linear): Linear(in_features=256, out_features=64, bias=True)
              )
              (5): Dropout(p=0.1, inplace=False)
            )
          )
        )
        (4): LayerNorm((64,), eps=1e-05, elementwise_affine=True)
      )
    )
  )
)
[Info] 初始模型權重已保存至 ./checkpoints/40_64_1_1.pt

Epoch 1/15
Selected words: ['gum', 'steal', 'cornerback', 'oakley', 'cyndi', 'nike', 'realms', 'generals']
Step 0, Loss: 1.9355
Selected words: ['infuriated', 'leaf', 'discontinued', 'abington', 'prism', 'pioneered', 'responded', 'chancel']
Selected words: ['bristol', 'hobs', 'farmland', 'cricket', 'englishman', 'expanded', 'shade', 'emoticons']
Selected words: ['mozilla', 'bidding', 'paisley', 'whole', 'distributor', 'sol', 'encourages', 'hobson']
Selected words: ['harmonies', 'missions', 'eyesight', 'australians', 'annexed', 'information', 'conflicting', 'hazardous']
Selected words: ['ghostly', 'stool', 'lawsuits', 'receiving', 'dorset', 'levee', 'emerged', 'shoulder']
Selected words: ['allies', 'ferns', 'exemption', 'humorous', 'communication', 'fearing', 'supplements', 'die']
Selected words: ['concession', 'dismantle', 'tubular', 'herd', 'repetition', 'proving', 'airstrip', 'hog']
Selected words: ['marked', 'gliders', 'harland', 'gerard', 'seizing', 'unofficial', 'seasons', 'stole']
Selected words: ['panting', 'storm', 'bugs', 'israeli', 'hartford', 'muslims', 'shoots', 'beard']
Selected words: ['financed', 'traumatic', 'wives', 'rap', 'nile', 'faithful', 'timothy', 'distribute']
Step 10, Loss: 1.7179
Selected words: ['mechanical', 'melissa', 'lifts', 'eton', 'diagram', 'passenger', 'residency', 'forecasts']
Selected words: ['aching', 'laboratories', 'churches', 'playgrounds', 'receive', 'yard', 'cause', 'casino']
Selected words: ['prefixes', 'eighteen', 'organise', 'nepal', 'filmmakers', 'roaring', 'nostalgia', 'poll']
Selected words: ['spacecraft', 'raided', 'photographers', 'ponds', 'design', 'consequences', 'performing', 'functions']
Selected words: ['screw', 'eccentric', 'layout', 'twittering', 'relief', 'regulation', 'continuously', 'bands']
Selected words: ['shipwreck', 'concerns', 'behalf', 'finds', 'integers', 'luckily', 'match', 'immaculate']
Selected words: ['soils', 'smooth', 'holes', 'webster', 'jock', 'swiftly', 'bust', 'shah']
Selected words: ['rsi', 'rowing', 'mending', 'les', 'futuristic', 'philosophers', 'opacity', 'ufos']
Selected words: ['nigel', 'derive', 'clog', 'rode', 'seriously', 'caucasian', 'meditate', 'diligent']
Selected words: ['invention', 'incumbent', 'killing', 'unorthodox', 'mini', 'relegated', 'trains', 'forgot']
Step 20, Loss: 1.4269
Selected words: ['gary', 'hardness', 'rounds', 'imaginary', 'volunteered', 'fond', 'willow', 'meek']
Selected words: ['bolton', 'joel', 'disagree', 'risen', 'prima', 'texts', 'illustrator', 'killer']
Selected words: ['tasmania', 'restaurants', 'terminology', 'hops', 'bind', 'inspection', 'imaginative', 'royal']
Selected words: ['bacteria', 'humpty', 'agreements', 'burmese', 'jesuits', 'unreasonable', 'dispersion', 'acquainted']
Selected words: ['hopped', 'sights', 'navigation', 'reiterated', 'plane', 'razors', 'sanitation', 'cindy']
Selected words: ['communicated', 'history', 'observers', 'bloomfield', 'popcorn', 'shy', 'life', 'click']
Selected words: ['broadly', 'stairway', 'hines', 'remaining', 'towels', 'luca', 'slavic', 'bradley']
Selected words: ['isolate', 'dust', 'wishes', 'roland', 'its', 'postgraduate', 'vickers', 'rushed']
Selected words: ['readily', 'neurons', 'professions', 'shaft', 'gorge', 'alchemy', 'vast', 'garlic']
Selected words: ['sham', 'lifts', 'messing', 'gaps', 'gainesville', 'missionaries', 'bumming', 'direct']
Step 30, Loss: 1.5439
Selected words: ['massage', 'cottage', 'sedative', 'reorder', 'patients', 'entered', 'beheaded', 'closest']
Selected words: ['merchants', 'harmless', 'crockett', 'connecting', 'campaigns', 'highways', 'caramels', 'inferred']
Selected words: ['canal', 'shelters', 'mcmillan', 'backpacking', 'hulls', 'mouth', 'keyboards', 'entrepreneur']
Selected words: ['garfield', 'homo', 'supporting', 'mission', 'holly', 'accompanying', 'pete', 'charter']
Selected words: ['stared', 'asterisk', 'rota', 'greens', 'contain', 'amongst', 'heinrich', 'frequency']
Selected words: ['kindness', 'lowdown', 'sprang', 'snow', 'droplet', 'rocky', 'vanderbilt', 'huey']
Selected words: ['alteration', 'stated', 'quarks', 'flickered', 'rhodes', 'foster', 'moncton', 'turnout']
Selected words: ['dicaprio', 'cody', 'ovens', 'pamela', 'rabbits', 'give', 'eroded', 'grips']
Selected words: ['flagged', 'refuted', 'pattern', 'drip', 'blackmails', 'jerseys', 'dome', 'suffolk']
