Using device: cuda
Conformer(
  (encoder): ConformerEncoder(
    (conv_subsample): Conv2dSubampling(
      (sequential): Sequential(
        (0): Conv2d(1, 128, kernel_size=(3, 3), stride=(2, 2))
        (1): ReLU()
        (2): Conv2d(128, 128, kernel_size=(3, 3), stride=(2, 2))
        (3): ReLU()
      )
    )
    (input_projection): Sequential(
      (0): Linear(
        (linear): Linear(in_features=2432, out_features=128, bias=True)
      )
      (1): Dropout(p=0.1, inplace=False)
    )
    (layers): ModuleList(
      (0): ConformerBlock(
        (sequential): Sequential(
          (0): ResidualConnectionModule(
            (module): FeedForwardModule(
              (sequential): Sequential(
                (0): LayerNorm((128,), eps=1e-05, elementwise_affine=True)
                (1): Linear(
                  (linear): Linear(in_features=128, out_features=512, bias=True)
                )
                (2): Swish()
                (3): Dropout(p=0.1, inplace=False)
                (4): Linear(
                  (linear): Linear(in_features=512, out_features=128, bias=True)
                )
                (5): Dropout(p=0.1, inplace=False)
              )
            )
          )
          (1): ResidualConnectionModule(
            (module): MultiHeadedSelfAttentionModule(
              (positional_encoding): RelPositionalEncoding()
              (layer_norm): LayerNorm((128,), eps=1e-05, elementwise_affine=True)
              (attention): RelativeMultiHeadAttention(
                (query_proj): Linear(
                  (linear): Linear(in_features=128, out_features=128, bias=True)
                )
                (key_proj): Linear(
                  (linear): Linear(in_features=128, out_features=128, bias=True)
                )
                (value_proj): Linear(
                  (linear): Linear(in_features=128, out_features=128, bias=True)
                )
                (pos_proj): Linear(
                  (linear): Linear(in_features=128, out_features=128, bias=False)
                )
                (dropout): Dropout(p=0.1, inplace=False)
                (out_proj): Linear(
                  (linear): Linear(in_features=128, out_features=128, bias=True)
                )
              )
              (dropout): Dropout(p=0.1, inplace=False)
            )
          )
          (2): ResidualConnectionModule(
            (module): ConformerConvModule(
              (sequential): Sequential(
                (0): LayerNorm((128,), eps=1e-05, elementwise_affine=True)
                (1): Transpose()
                (2): PointwiseConv1d(
                  (conv): Conv1d(128, 256, kernel_size=(1,), stride=(1,))
                )
                (3): GLU()
                (4): DepthwiseConv1d(
                  (conv): Conv1d(128, 128, kernel_size=(31,), stride=(1,), padding=(15,), groups=128, bias=False)
                )
                (5): BatchNorm1d(128, eps=1e-05, momentum=0.1, affine=True, track_running_stats=True)
                (6): Swish()
                (7): PointwiseConv1d(
                  (conv): Conv1d(128, 128, kernel_size=(1,), stride=(1,))
                )
                (8): Dropout(p=0.1, inplace=False)
              )
            )
          )
          (3): ResidualConnectionModule(
            (module): FeedForwardModule(
              (sequential): Sequential(
                (0): LayerNorm((128,), eps=1e-05, elementwise_affine=True)
                (1): Linear(
                  (linear): Linear(in_features=128, out_features=512, bias=True)
                )
                (2): Swish()
                (3): Dropout(p=0.1, inplace=False)
                (4): Linear(
                  (linear): Linear(in_features=512, out_features=128, bias=True)
                )
                (5): Dropout(p=0.1, inplace=False)
              )
            )
          )
          (4): LayerNorm((128,), eps=1e-05, elementwise_affine=True)
        )
      )
      (1): ConformerBlock(
        (sequential): Sequential(
          (0): ResidualConnectionModule(
            (module): FeedForwardModule(
              (sequential): Sequential(
                (0): LayerNorm((128,), eps=1e-05, elementwise_affine=True)
                (1): Linear(
                  (linear): Linear(in_features=128, out_features=512, bias=True)
                )
                (2): Swish()
                (3): Dropout(p=0.1, inplace=False)
                (4): Linear(
                  (linear): Linear(in_features=512, out_features=128, bias=True)
                )
                (5): Dropout(p=0.1, inplace=False)
              )
            )
          )
          (1): ResidualConnectionModule(
            (module): MultiHeadedSelfAttentionModule(
              (positional_encoding): RelPositionalEncoding()
              (layer_norm): LayerNorm((128,), eps=1e-05, elementwise_affine=True)
              (attention): RelativeMultiHeadAttention(
                (query_proj): Linear(
                  (linear): Linear(in_features=128, out_features=128, bias=True)
                )
                (key_proj): Linear(
                  (linear): Linear(in_features=128, out_features=128, bias=True)
                )
                (value_proj): Linear(
                  (linear): Linear(in_features=128, out_features=128, bias=True)
                )
                (pos_proj): Linear(
                  (linear): Linear(in_features=128, out_features=128, bias=False)
                )
                (dropout): Dropout(p=0.1, inplace=False)
                (out_proj): Linear(
                  (linear): Linear(in_features=128, out_features=128, bias=True)
                )
              )
              (dropout): Dropout(p=0.1, inplace=False)
            )
          )
          (2): ResidualConnectionModule(
            (module): ConformerConvModule(
              (sequential): Sequential(
                (0): LayerNorm((128,), eps=1e-05, elementwise_affine=True)
                (1): Transpose()
                (2): PointwiseConv1d(
                  (conv): Conv1d(128, 256, kernel_size=(1,), stride=(1,))
                )
                (3): GLU()
                (4): DepthwiseConv1d(
                  (conv): Conv1d(128, 128, kernel_size=(31,), stride=(1,), padding=(15,), groups=128, bias=False)
                )
                (5): BatchNorm1d(128, eps=1e-05, momentum=0.1, affine=True, track_running_stats=True)
                (6): Swish()
                (7): PointwiseConv1d(
                  (conv): Conv1d(128, 128, kernel_size=(1,), stride=(1,))
                )
                (8): Dropout(p=0.1, inplace=False)
              )
            )
          )
          (3): ResidualConnectionModule(
            (module): FeedForwardModule(
              (sequential): Sequential(
                (0): LayerNorm((128,), eps=1e-05, elementwise_affine=True)
                (1): Linear(
                  (linear): Linear(in_features=128, out_features=512, bias=True)
                )
                (2): Swish()
                (3): Dropout(p=0.1, inplace=False)
                (4): Linear(
                  (linear): Linear(in_features=512, out_features=128, bias=True)
                )
                (5): Dropout(p=0.1, inplace=False)
              )
            )
          )
          (4): LayerNorm((128,), eps=1e-05, elementwise_affine=True)
        )
      )
    )
  )
  (fc): Linear(
    (linear): Linear(in_features=128, out_features=35, bias=False)
  )
)
[Info] 初始模型權重已從 ./checkpoints/h0.pt 加載。
[Info] 保存檢查點到 ./checkpoints/20250107_101201

Epoch 1/20
Step 0, Loss: 1.9454
Step 10, Loss: 1.8809
Step 20, Loss: 1.9254
Step 30, Loss: 1.8853
Step 40, Loss: 1.8153
Step 50, Loss: 1.9234
Step 60, Loss: 1.7926
Step 70, Loss: 1.7707
Step 80, Loss: 1.7649
Step 90, Loss: 1.8268
Step 100, Loss: 1.7578
Step 110, Loss: 1.8180
Step 120, Loss: 1.7584
Step 130, Loss: 1.7190
Step 140, Loss: 1.8411
Step 150, Loss: 1.7481
Step 160, Loss: 1.7386
Step 170, Loss: 1.8011
Step 180, Loss: 1.8391
Step 190, Loss: 1.8327
Step 200, Loss: 1.7293
Step 210, Loss: 1.7219
Step 220, Loss: 1.8326
Step 230, Loss: 1.7434
Step 240, Loss: 1.7948
Step 250, Loss: 1.7153
Step 260, Loss: 1.7238
Step 270, Loss: 1.7622
Step 280, Loss: 1.7567
Step 290, Loss: 1.7934
Step 300, Loss: 1.7753
Step 310, Loss: 1.7804
Step 320, Loss: 1.7140
Step 330, Loss: 1.7955
Step 340, Loss: 1.7841
Step 350, Loss: 1.6468
Step 360, Loss: 1.7006
Step 370, Loss: 1.8551
Step 380, Loss: 1.8164
Step 390, Loss: 1.6185
Step 400, Loss: 1.8609
Step 410, Loss: 1.7790
Step 420, Loss: 1.7380
Step 430, Loss: 1.7193
Step 440, Loss: 1.7652
Step 450, Loss: 1.7234
Step 460, Loss: 1.6359
Step 470, Loss: 1.7821
Step 480, Loss: 1.7876
Step 490, Loss: 1.7235
Step 500, Loss: 1.6391
Step 510, Loss: 1.7041
Step 520, Loss: 1.6603
Step 530, Loss: 1.6425
Step 540, Loss: 1.6776
Step 550, Loss: 1.6720
Step 560, Loss: 1.6463
Step 570, Loss: 1.7295
Step 580, Loss: 1.6399
Step 590, Loss: 1.6960
Step 600, Loss: 1.7943
Step 610, Loss: 1.6281
Step 620, Loss: 1.8337
Step 630, Loss: 1.7584
Step 640, Loss: 1.7007
Step 650, Loss: 1.8767
Step 660, Loss: 1.6473
Step 670, Loss: 1.7377
Step 680, Loss: 1.6144
Step 690, Loss: 1.6128
Step 700, Loss: 1.7817
Step 710, Loss: 1.6857
Step 720, Loss: 1.6440
Step 730, Loss: 1.7500
Step 740, Loss: 1.7404
Step 750, Loss: 1.6834
Step 760, Loss: 1.7774
Step 770, Loss: 1.7304
Step 780, Loss: 1.6008
Step 790, Loss: 1.8960
Step 800, Loss: 1.7263
Step 810, Loss: 1.7678
Step 820, Loss: 1.7938
Step 830, Loss: 1.6295
Step 840, Loss: 1.6276
Step 850, Loss: 1.7437
Step 860, Loss: 1.6881
Step 870, Loss: 1.8546
Step 880, Loss: 1.6571
Step 890, Loss: 1.6955
Step 900, Loss: 1.6191
Step 910, Loss: 1.6538
Step 920, Loss: 1.6239
Step 930, Loss: 1.6414
Step 940, Loss: 1.7154
Step 950, Loss: 1.6739
Step 960, Loss: 1.7485
Step 970, Loss: 1.7624
Step 980, Loss: 1.6715
Step 990, Loss: 1.6576
Step 1000, Loss: 1.8269
Step 1010, Loss: 1.8448
Step 1020, Loss: 1.7944
Step 1030, Loss: 1.7403
Step 1040, Loss: 1.6632
Step 1050, Loss: 1.7747
Step 1060, Loss: 1.7347
Step 1070, Loss: 1.6890
Step 1080, Loss: 1.7449
Step 1090, Loss: 1.7325
Step 1100, Loss: 1.6246
Step 1110, Loss: 1.7107
Step 1120, Loss: 1.6847
Step 1130, Loss: 1.7119
Step 1140, Loss: 1.7323
Step 1150, Loss: 1.6922
Step 1160, Loss: 1.7334
Step 1170, Loss: 1.6566
Step 1180, Loss: 1.7508
Step 1190, Loss: 1.7971
Step 1200, Loss: 1.6789
Step 1210, Loss: 1.6488
Step 1220, Loss: 1.6766
Step 1230, Loss: 1.5610
Step 1240, Loss: 1.7387
Step 1250, Loss: 1.5862
Step 1260, Loss: 1.8351
Step 1270, Loss: 1.7774
Step 1280, Loss: 1.7611
Step 1290, Loss: 1.6187
Step 1300, Loss: 1.6224
Step 1310, Loss: 1.6587
Step 1320, Loss: 1.6743
Step 1330, Loss: 1.6527
Step 1340, Loss: 1.6756
Step 1350, Loss: 1.7225
Step 1360, Loss: 1.6433
Step 1370, Loss: 1.7126
Step 1380, Loss: 1.7663
Step 1390, Loss: 1.7305
Step 1400, Loss: 1.8336
Step 1410, Loss: 1.7172
Step 1420, Loss: 1.8216
Step 1430, Loss: 1.6853
Step 1440, Loss: 1.7024
Step 1450, Loss: 1.7512
Step 1460, Loss: 1.5927
Step 1470, Loss: 1.6834
Step 1480, Loss: 1.7029
Step 1490, Loss: 1.7748
Step 1500, Loss: 1.8341
Step 1510, Loss: 1.7804
Epoch 1, Average Loss: 1.7333
[Info] 模型檢查點已保存至 ./checkpoints/20250107_101201/epoch_1.pt

Epoch 2/20
Step 0, Loss: 1.7124
Step 10, Loss: 1.7264
Step 20, Loss: 1.5911
Step 30, Loss: 1.7175
Step 40, Loss: 1.7736
Step 50, Loss: 1.7427
Step 60, Loss: 1.7995
Step 70, Loss: 1.5974
Step 80, Loss: 1.6518
Step 90, Loss: 1.7243
Step 100, Loss: 1.6416
Step 110, Loss: 1.6682
Step 120, Loss: 1.6398
Step 130, Loss: 1.7154
Step 140, Loss: 1.5461
Step 150, Loss: 1.7024
Step 160, Loss: 1.7338
Step 170, Loss: 1.7031
Step 180, Loss: 1.6031
Step 190, Loss: 1.6374
Step 200, Loss: 1.6606
Step 210, Loss: 1.6930
Step 220, Loss: 1.7827
Step 230, Loss: 1.7718
Step 240, Loss: 1.7772
Step 250, Loss: 1.6484
Step 260, Loss: 1.6645
Step 270, Loss: 1.6789
Step 280, Loss: 1.5997
Step 290, Loss: 1.6709
Step 300, Loss: 1.7363
Step 310, Loss: 1.7498
Step 320, Loss: 1.6645
Step 330, Loss: 1.6054
Step 340, Loss: 1.6059
Step 350, Loss: 1.7087
Step 360, Loss: 1.7378
Step 370, Loss: 1.6489
Step 380, Loss: 1.5514
Step 390, Loss: 1.7050
Step 400, Loss: 1.7146
Step 410, Loss: 1.6997
Step 420, Loss: 1.7068
Step 430, Loss: 1.7548
Step 440, Loss: 1.7391
Step 450, Loss: 1.6721
Step 460, Loss: 1.6901
Step 470, Loss: 1.6823
Step 480, Loss: 1.7116
Step 490, Loss: 1.5987
Step 500, Loss: 1.7832
Step 510, Loss: 1.6183
Step 520, Loss: 1.7307
Step 530, Loss: 1.7282
Step 540, Loss: 1.6599
Step 550, Loss: 1.6278
Step 560, Loss: 1.6350
Step 570, Loss: 1.6544
Step 580, Loss: 1.7722
Step 590, Loss: 1.6199
Step 600, Loss: 1.6643
Step 610, Loss: 1.7004
Step 620, Loss: 1.6853
Step 630, Loss: 1.6714
Step 640, Loss: 1.6968
Step 650, Loss: 1.7105
Step 660, Loss: 1.5770
Step 670, Loss: 1.6245
Step 680, Loss: 1.5676
Step 690, Loss: 1.7145
Step 700, Loss: 1.6959
Step 710, Loss: 1.7226
Step 720, Loss: 1.6991
Step 730, Loss: 1.7558
Step 740, Loss: 1.6694
Step 750, Loss: 1.8514
Step 760, Loss: 1.5540
Step 770, Loss: 1.5875
Step 780, Loss: 1.5773
Step 790, Loss: 1.8055
Step 800, Loss: 1.6298
Step 810, Loss: 1.7047
Step 820, Loss: 1.5949
Step 830, Loss: 1.6417
Step 840, Loss: 1.6218
Step 850, Loss: 1.5987
Step 860, Loss: 1.7699
Step 870, Loss: 1.7873
Step 880, Loss: 1.6005
Step 890, Loss: 1.6480
Step 900, Loss: 1.6379
Step 910, Loss: 1.6573
Step 920, Loss: 1.6425
Step 930, Loss: 1.6914
Step 940, Loss: 1.6324
Step 950, Loss: 1.6592
Step 960, Loss: 1.7477
Step 970, Loss: 1.8034
Step 980, Loss: 1.6278
Step 990, Loss: 1.7031
Step 1000, Loss: 1.6457
Step 1010, Loss: 1.6552
Step 1020, Loss: 1.6097
Step 1030, Loss: 1.6925
Step 1040, Loss: 1.5564
Step 1050, Loss: 1.6694
Step 1060, Loss: 1.6026
Step 1070, Loss: 1.5801
Step 1080, Loss: 1.7055
Step 1090, Loss: 1.8684
Step 1100, Loss: 1.7082
Step 1110, Loss: 1.6245
Step 1120, Loss: 1.6978
Step 1130, Loss: 1.7616
Step 1140, Loss: 1.6675
Step 1150, Loss: 1.7115
Step 1160, Loss: 1.6196
Step 1170, Loss: 1.7136
Step 1180, Loss: 1.7873
Step 1190, Loss: 1.6085
Step 1200, Loss: 1.7275
Step 1210, Loss: 1.6864
Step 1220, Loss: 1.6939
Step 1230, Loss: 1.8046
Step 1240, Loss: 1.7477
Step 1250, Loss: 1.6427
Step 1260, Loss: 1.6319
Step 1270, Loss: 1.6479
Step 1280, Loss: 1.6355
Step 1290, Loss: 1.6297
Step 1300, Loss: 1.6542
Step 1310, Loss: 1.6578
Step 1320, Loss: 1.7501
Step 1330, Loss: 1.7601
Step 1340, Loss: 1.7431
Step 1350, Loss: 1.7020
Step 1360, Loss: 1.6951
Step 1370, Loss: 1.5890
Step 1380, Loss: 1.6357
Step 1390, Loss: 1.6666
Step 1400, Loss: 1.7166
Step 1410, Loss: 1.6775
Step 1420, Loss: 1.7751
Step 1430, Loss: 1.7087
Step 1440, Loss: 1.7207
Step 1450, Loss: 1.6483
Step 1460, Loss: 1.5754
Step 1470, Loss: 1.6300
Step 1480, Loss: 1.6336
Step 1490, Loss: 1.7795
Step 1500, Loss: 1.7067
Step 1510, Loss: 1.6503
Epoch 2, Average Loss: 1.6828
[Info] 模型檢查點已保存至 ./checkpoints/20250107_101201/epoch_2.pt

Epoch 3/20
Step 0, Loss: 1.6561
Step 10, Loss: 1.6363
Step 20, Loss: 1.7139
Step 30, Loss: 1.6438
Step 40, Loss: 1.6608
Step 50, Loss: 1.5832
Step 60, Loss: 1.6096
Step 70, Loss: 1.6809
Step 80, Loss: 1.6180
Step 90, Loss: 1.5848
Step 100, Loss: 1.6421
Step 110, Loss: 1.7329
Step 120, Loss: 1.6628
Step 130, Loss: 1.7573
Step 140, Loss: 1.6743
Step 150, Loss: 1.7204
Step 160, Loss: 1.5921
Step 170, Loss: 1.7224
Step 180, Loss: 1.6329
Step 190, Loss: 1.6570
Step 200, Loss: 1.7247
Step 210, Loss: 1.6707
Step 220, Loss: 1.6568
Step 230, Loss: 1.6994
Step 240, Loss: 1.7118
Step 250, Loss: 1.8210
Step 260, Loss: 1.5310
Step 270, Loss: 1.6266
Step 280, Loss: 1.7733
Step 290, Loss: 1.6108
Step 300, Loss: 1.8243
Step 310, Loss: 1.6281
Step 320, Loss: 1.7072
Step 330, Loss: 1.6954
Step 340, Loss: 1.7396
Step 350, Loss: 1.6707
Step 360, Loss: 1.6372
Step 370, Loss: 1.6523
Step 380, Loss: 1.6148
Step 390, Loss: 1.6466
Step 400, Loss: 1.5561
Step 410, Loss: 1.7621
Step 420, Loss: 1.6911
Step 430, Loss: 1.6473
Step 440, Loss: 1.6493
Step 450, Loss: 1.6634
Step 460, Loss: 1.6401
Step 470, Loss: 1.6888
Step 480, Loss: 1.7503
Step 490, Loss: 1.6958
Step 500, Loss: 1.7333
Step 510, Loss: 1.6822
Step 520, Loss: 1.6688
Step 530, Loss: 1.6593
Step 540, Loss: 1.5988
Step 550, Loss: 1.6725
Step 560, Loss: 1.7043
Step 570, Loss: 1.7885
Step 580, Loss: 1.7844
Step 590, Loss: 1.7443
Step 600, Loss: 1.6819
Step 610, Loss: 1.7174
Step 620, Loss: 1.7232
Step 630, Loss: 1.6049
Step 640, Loss: 1.6147
Step 650, Loss: 1.6996
Step 660, Loss: 1.6410
Step 670, Loss: 1.6367
Step 680, Loss: 1.5842
Step 690, Loss: 1.6623
Step 700, Loss: 1.6567
Step 710, Loss: 1.6526
Step 720, Loss: 1.7490
Step 730, Loss: 1.6873
Step 740, Loss: 1.7859
Step 750, Loss: 1.5116
Step 760, Loss: 1.7350
Step 770, Loss: 1.7049
Step 780, Loss: 1.7090
Step 790, Loss: 1.8036
Step 800, Loss: 1.5989
Step 810, Loss: 1.6744
Step 820, Loss: 1.5396
Step 830, Loss: 1.7655
Step 840, Loss: 1.5790
Step 850, Loss: 1.7079
Step 860, Loss: 1.7348
Step 870, Loss: 1.8227
Step 880, Loss: 1.6545
Step 890, Loss: 1.5762
Step 900, Loss: 1.6052
Step 910, Loss: 1.7010
Step 920, Loss: 1.6643
Step 930, Loss: 1.7189
Step 940, Loss: 1.6248
Step 950, Loss: 1.7882
Step 960, Loss: 1.6333
Step 970, Loss: 1.7191
Step 980, Loss: 1.6907
Step 990, Loss: 1.5638
Step 1000, Loss: 1.6238
Step 1010, Loss: 1.7292
Step 1020, Loss: 1.6998
Step 1030, Loss: 1.6821
Step 1040, Loss: 1.7621
Step 1050, Loss: 1.6700
Step 1060, Loss: 1.5472
Step 1070, Loss: 1.5788
Step 1080, Loss: 1.6027
Step 1090, Loss: 1.6023
Step 1100, Loss: 1.6641
Step 1110, Loss: 1.5360
Step 1120, Loss: 1.7205
Step 1130, Loss: 1.7587
Step 1140, Loss: 1.6950
Step 1150, Loss: 1.6749
Step 1160, Loss: 1.5656
Step 1170, Loss: 1.6011
Step 1180, Loss: 1.7521
Step 1190, Loss: 1.6079
Step 1200, Loss: 1.6664
Step 1210, Loss: 1.6981
Step 1220, Loss: 1.6651
Step 1230, Loss: 1.7280
Step 1240, Loss: 1.5600
Step 1250, Loss: 1.8267
Step 1260, Loss: 1.6726
Step 1270, Loss: 1.6619
Step 1280, Loss: 1.7012
Step 1290, Loss: 1.5926
Step 1300, Loss: 1.6107
Step 1310, Loss: 1.6257
Step 1320, Loss: 1.6255
Step 1330, Loss: 1.6835
Step 1340, Loss: 1.6203
Step 1350, Loss: 1.6550
Step 1360, Loss: 1.5907
Step 1370, Loss: 1.7145
Step 1380, Loss: 1.7595
Step 1390, Loss: 1.6967
Step 1400, Loss: 1.7340
Step 1410, Loss: 1.6080
Step 1420, Loss: 1.8204
Step 1430, Loss: 1.6607
Step 1440, Loss: 1.5939
Step 1450, Loss: 1.7068
Step 1460, Loss: 1.6426
Step 1470, Loss: 1.7431
Step 1480, Loss: 1.6382
Step 1490, Loss: 1.6870
Step 1500, Loss: 1.7028
Step 1510, Loss: 1.6066
Epoch 3, Average Loss: 1.6747
[Info] 模型檢查點已保存至 ./checkpoints/20250107_101201/epoch_3.pt

Epoch 4/20
Step 0, Loss: 1.7564
Step 10, Loss: 1.7463
Step 20, Loss: 1.6544
Step 30, Loss: 1.6610
Step 40, Loss: 1.6724
Step 50, Loss: 1.7984
Step 60, Loss: 1.7010
Step 70, Loss: 1.7720
Step 80, Loss: 1.5908
Step 90, Loss: 1.6445
Step 100, Loss: 1.6576
Step 110, Loss: 1.5875
Step 120, Loss: 1.6333
Step 130, Loss: 1.6435
Step 140, Loss: 1.7883
Step 150, Loss: 1.6251
Step 160, Loss: 1.5806
Step 170, Loss: 1.7209
Step 180, Loss: 1.8117
Step 190, Loss: 1.6215
Step 200, Loss: 1.6712
Step 210, Loss: 1.6357
Step 220, Loss: 1.7684
Step 230, Loss: 1.6265
Step 240, Loss: 1.6470
Step 250, Loss: 1.7531
Step 260, Loss: 1.7101
Step 270, Loss: 1.6873
Step 280, Loss: 1.8643
Step 290, Loss: 1.5428
Step 300, Loss: 1.6674
Step 310, Loss: 1.7673
Step 320, Loss: 1.5538
Step 330, Loss: 1.6772
Step 340, Loss: 1.7032
Step 350, Loss: 1.6186
Step 360, Loss: 1.6711
Step 370, Loss: 1.5862
Step 380, Loss: 1.7496
Step 390, Loss: 1.7004
Step 400, Loss: 1.8486
Step 410, Loss: 1.5967
Step 420, Loss: 1.7755
Step 430, Loss: 1.7092
Step 440, Loss: 1.6068
Step 450, Loss: 1.6713
Step 460, Loss: 1.6112
Step 470, Loss: 1.7298
Step 480, Loss: 1.6624
Step 490, Loss: 1.6825
Step 500, Loss: 1.7177
Step 510, Loss: 1.6227
Step 520, Loss: 1.7560
Step 530, Loss: 1.8035
Step 540, Loss: 1.7290
Step 550, Loss: 1.6374
Step 560, Loss: 1.6450
Step 570, Loss: 1.6960
Step 580, Loss: 1.6019
Step 590, Loss: 1.6906
Step 600, Loss: 1.6683
Step 610, Loss: 1.6150
Step 620, Loss: 1.5971
Step 630, Loss: 1.7031
Step 640, Loss: 1.7356
Step 650, Loss: 1.6065
Step 660, Loss: 1.6437
Step 670, Loss: 1.7263
Step 680, Loss: 1.6851
Step 690, Loss: 1.6543
Step 700, Loss: 1.7327
Step 710, Loss: 1.7287
Step 720, Loss: 1.6032
Step 730, Loss: 1.6590
Step 740, Loss: 1.6718
Step 750, Loss: 1.6322
Step 760, Loss: 1.6857
Step 770, Loss: 1.6101
Step 780, Loss: 1.7469
Step 790, Loss: 1.6115
Step 800, Loss: 1.6001
Step 810, Loss: 1.5905
Step 820, Loss: 1.5650
Step 830, Loss: 1.5332
Step 840, Loss: 1.7592
Step 850, Loss: 1.7906
Step 860, Loss: 1.6988
Step 870, Loss: 1.6655
Step 880, Loss: 1.7950
Step 890, Loss: 1.7638
Step 900, Loss: 1.7071
Step 910, Loss: 1.5365
Step 920, Loss: 1.5864
Step 930, Loss: 1.7183
Step 940, Loss: 1.7736
Step 950, Loss: 1.6482
Step 960, Loss: 1.7633
Step 970, Loss: 1.6092
Step 980, Loss: 1.5873
Step 990, Loss: 1.6600
Step 1000, Loss: 1.7965
Step 1010, Loss: 1.7037
Step 1020, Loss: 1.6496
Step 1030, Loss: 1.7341
Step 1040, Loss: 1.6986
Step 1050, Loss: 1.7052
Step 1060, Loss: 1.6488
Step 1070, Loss: 1.8213
Step 1080, Loss: 1.6700
Step 1090, Loss: 1.7236
Step 1100, Loss: 1.6413
Step 1110, Loss: 1.7346
Step 1120, Loss: 1.6381
Step 1130, Loss: 1.6072
Step 1140, Loss: 1.7075
Step 1150, Loss: 1.5762
Step 1160, Loss: 1.6901
Step 1170, Loss: 1.6691
Step 1180, Loss: 1.7533
Step 1190, Loss: 1.6498
Step 1200, Loss: 1.6075
Step 1210, Loss: 1.6379
Step 1220, Loss: 1.7122
Step 1230, Loss: 1.6055
Step 1240, Loss: 1.5626
Step 1250, Loss: 1.6525
Step 1260, Loss: 1.6596
Step 1270, Loss: 1.7565
Step 1280, Loss: 1.6180
Step 1290, Loss: 1.5566
Step 1300, Loss: 1.6541
Step 1310, Loss: 1.6864
Step 1320, Loss: 1.6440
Step 1330, Loss: 1.6516
Step 1340, Loss: 1.6424
Step 1350, Loss: 1.8273
Step 1360, Loss: 1.5989
Step 1370, Loss: 1.6238
Step 1380, Loss: 1.5728
Step 1390, Loss: 1.6413
Step 1400, Loss: 1.6037
Step 1410, Loss: 1.8264
Step 1420, Loss: 1.5397
Step 1430, Loss: 1.6868
Step 1440, Loss: 1.7917
Step 1450, Loss: 1.6596
Step 1460, Loss: 1.5316
Step 1470, Loss: 1.5886
Step 1480, Loss: 1.7472
Step 1490, Loss: 1.6323
Step 1500, Loss: 1.5966
Step 1510, Loss: 1.6806
Epoch 4, Average Loss: 1.6649
[Info] 模型檢查點已保存至 ./checkpoints/20250107_101201/epoch_4.pt

Epoch 5/20
Step 0, Loss: 1.6279
Step 10, Loss: 1.7250
Step 20, Loss: 1.6813
Step 30, Loss: 1.6231
Step 40, Loss: 1.7281
Step 50, Loss: 1.6354
Step 60, Loss: 1.6675
Step 70, Loss: 1.6990
Step 80, Loss: 1.5492
Step 90, Loss: 1.6188
Step 100, Loss: 1.6614
Step 110, Loss: 1.7691
Step 120, Loss: 1.6326
Step 130, Loss: 1.6531
Step 140, Loss: 1.6782
Step 150, Loss: 1.6964
Step 160, Loss: 1.6882
Step 170, Loss: 1.6134
Step 180, Loss: 1.6217
Step 190, Loss: 1.7390
Step 200, Loss: 1.6437
Step 210, Loss: 1.6424
Step 220, Loss: 1.8227
Step 230, Loss: 1.6261
Step 240, Loss: 1.6830
Step 250, Loss: 1.5993
Step 260, Loss: 1.6127
Step 270, Loss: 1.6580
Step 280, Loss: 1.6439
Step 290, Loss: 1.5776
Step 300, Loss: 1.6901
Step 310, Loss: 1.8749
Step 320, Loss: 1.6830
Step 330, Loss: 1.6427
Step 340, Loss: 1.6446
Step 350, Loss: 1.6382
Step 360, Loss: 1.7444
Step 370, Loss: 1.6827
Step 380, Loss: 1.7353
Step 390, Loss: 1.5867
Step 400, Loss: 1.6436
Step 410, Loss: 1.6750
Step 420, Loss: 1.6459
Step 430, Loss: 1.5900
Step 440, Loss: 1.7107
Step 450, Loss: 1.6354
Step 460, Loss: 1.6609
Step 470, Loss: 1.6547
Step 480, Loss: 1.6912
Step 490, Loss: 1.6716
Step 500, Loss: 1.7280
Step 510, Loss: 1.8335
Step 520, Loss: 1.6346
Step 530, Loss: 1.5424
Step 540, Loss: 1.7166
Step 550, Loss: 1.6702
Step 560, Loss: 1.7484
Step 570, Loss: 1.5869
Step 580, Loss: 1.7606
Step 590, Loss: 1.6542
Step 600, Loss: 1.6087
Step 610, Loss: 1.8080
Step 620, Loss: 1.8270
Step 630, Loss: 1.6224
Step 640, Loss: 1.5800
Step 650, Loss: 1.5302
Step 660, Loss: 1.6665
Step 670, Loss: 1.6416
Step 680, Loss: 1.6544
Step 690, Loss: 1.6124
Step 700, Loss: 1.5853
Step 710, Loss: 1.5271
Step 720, Loss: 1.6766
Step 730, Loss: 1.6296
Step 740, Loss: 1.6844
Step 750, Loss: 1.6099
Step 760, Loss: 1.7044
Step 770, Loss: 1.7266
Step 780, Loss: 1.5721
Step 790, Loss: 1.7881
Step 800, Loss: 1.6265
Step 810, Loss: 1.7465
Step 820, Loss: 1.6283
Step 830, Loss: 1.5993
Step 840, Loss: 1.6844
Step 850, Loss: 1.6866
Step 860, Loss: 1.5543
Step 870, Loss: 1.7685
Step 880, Loss: 1.5250
Step 890, Loss: 1.6132
Step 900, Loss: 1.6282
Step 910, Loss: 1.6927
Step 920, Loss: 1.6014
Step 930, Loss: 1.5852
Step 940, Loss: 1.6017
Step 950, Loss: 1.5739
Step 960, Loss: 1.6383
Step 970, Loss: 1.7408
Step 980, Loss: 1.6406
Step 990, Loss: 1.8426
Step 1000, Loss: 1.6232
Step 1010, Loss: 1.5770
Step 1020, Loss: 1.6523
Step 1030, Loss: 1.6072
Step 1040, Loss: 1.5569
Step 1050, Loss: 1.5324
Step 1060, Loss: 1.7477
Step 1070, Loss: 1.7334
Step 1080, Loss: 1.6725
Step 1090, Loss: 1.6129
Step 1100, Loss: 1.6377
Step 1110, Loss: 1.7155
Step 1120, Loss: 1.7522
Step 1130, Loss: 1.7154
Step 1140, Loss: 1.6018
Step 1150, Loss: 1.6535
Step 1160, Loss: 1.6722
Step 1170, Loss: 1.6705
Step 1180, Loss: 1.5850
Step 1190, Loss: 1.5289
Step 1200, Loss: 1.7858
Step 1210, Loss: 1.5452
Step 1220, Loss: 1.5921
Step 1230, Loss: 1.8543
Step 1240, Loss: 1.5080
Step 1250, Loss: 1.5853
Step 1260, Loss: 1.5833
Step 1270, Loss: 1.6312
Step 1280, Loss: 1.8129
Step 1290, Loss: 1.6821
Step 1300, Loss: 1.5676
Step 1310, Loss: 1.7485
Step 1320, Loss: 1.7388
Step 1330, Loss: 1.8366
Step 1340, Loss: 1.7459
Step 1350, Loss: 1.6303
Step 1360, Loss: 1.5789
Step 1370, Loss: 1.6254
Step 1380, Loss: 1.6056
Step 1390, Loss: 1.8931
Step 1400, Loss: 1.5709
Step 1410, Loss: 1.5737
Step 1420, Loss: 1.6564
Step 1430, Loss: 1.6033
Step 1440, Loss: 1.5269
Step 1450, Loss: 1.5856
Step 1460, Loss: 1.6523
Step 1470, Loss: 1.6762
Step 1480, Loss: 1.6029
Step 1490, Loss: 1.7199
Step 1500, Loss: 1.6249
Step 1510, Loss: 1.6036
Epoch 5, Average Loss: 1.6591
[Info] 模型檢查點已保存至 ./checkpoints/20250107_101201/epoch_5.pt

Epoch 6/20
Step 0, Loss: 1.5416
Step 10, Loss: 1.6011
Step 20, Loss: 1.6616
Step 30, Loss: 1.6891
Step 40, Loss: 1.6854
Step 50, Loss: 1.6497
Step 60, Loss: 1.5878
Step 70, Loss: 1.7338
Step 80, Loss: 1.7179
Step 90, Loss: 1.7493
Step 100, Loss: 1.6256
Step 110, Loss: 1.6296
Step 120, Loss: 1.7436
Step 130, Loss: 1.7621
Step 140, Loss: 1.6875
Step 150, Loss: 1.5524
Step 160, Loss: 1.5665
Step 170, Loss: 1.6861
Step 180, Loss: 1.6015
Step 190, Loss: 1.7473
Step 200, Loss: 1.5972
Step 210, Loss: 1.7795
Step 220, Loss: 1.6367
Step 230, Loss: 1.5065
Step 240, Loss: 1.5556
Step 250, Loss: 1.6445
Step 260, Loss: 1.7034
Step 270, Loss: 1.6016
Step 280, Loss: 1.6607
Step 290, Loss: 1.7324
Step 300, Loss: 1.6348
Step 310, Loss: 1.6456
Step 320, Loss: 1.7067
Step 330, Loss: 1.6337
Step 340, Loss: 1.6515
Step 350, Loss: 1.6877
Step 360, Loss: 1.6336
Step 370, Loss: 1.5729
Step 380, Loss: 1.6364
Step 390, Loss: 1.6806
Step 400, Loss: 1.5984
Step 410, Loss: 1.6726
Step 420, Loss: 1.7060
Step 430, Loss: 1.5778
Step 440, Loss: 1.6510
Step 450, Loss: 1.6950
Step 460, Loss: 1.6907
Step 470, Loss: 1.7481
Step 480, Loss: 1.7220
Step 490, Loss: 1.6502
Step 500, Loss: 1.6398
Step 510, Loss: 1.6501
Step 520, Loss: 1.6754
Step 530, Loss: 1.7405
Step 540, Loss: 1.6598
Step 550, Loss: 1.6080
Step 560, Loss: 1.6693
Step 570, Loss: 1.6862
Step 580, Loss: 1.7653
Step 590, Loss: 1.5676
Step 600, Loss: 1.6906
Step 610, Loss: 1.6812
Step 620, Loss: 1.8489
Step 630, Loss: 1.7042
Step 640, Loss: 1.6637
Step 650, Loss: 1.5950
Step 660, Loss: 1.6397
Step 670, Loss: 1.7941
Step 680, Loss: 1.6276
Step 690, Loss: 1.6562
Step 700, Loss: 1.6895
Step 710, Loss: 1.6218
Step 720, Loss: 1.6520
Step 730, Loss: 1.6083
Step 740, Loss: 1.5761
Step 750, Loss: 1.7238
Step 760, Loss: 1.7748
Step 770, Loss: 1.5348
Step 780, Loss: 1.7318
Step 790, Loss: 1.6267
Step 800, Loss: 1.5879
Step 810, Loss: 1.7080
Step 820, Loss: 1.6999
Step 830, Loss: 1.8065
Step 840, Loss: 1.5622
Step 850, Loss: 1.5864
Step 860, Loss: 1.6839
Step 870, Loss: 1.6549
Step 880, Loss: 1.5771
Step 890, Loss: 1.7283
Step 900, Loss: 1.6377
Step 910, Loss: 1.7022
Step 920, Loss: 1.7919
Step 930, Loss: 1.7122
Step 940, Loss: 1.6112
Step 950, Loss: 1.5932
Step 960, Loss: 1.5062
Step 970, Loss: 1.6722
Step 980, Loss: 1.6763
Step 990, Loss: 1.6775
Step 1000, Loss: 1.5472
Step 1010, Loss: 1.6197
Step 1020, Loss: 1.6573
Step 1030, Loss: 1.6341
Step 1040, Loss: 1.7045
Step 1050, Loss: 1.6578
Step 1060, Loss: 1.6853
Step 1070, Loss: 1.6615
Step 1080, Loss: 1.5638
Step 1090, Loss: 1.5713
Step 1100, Loss: 1.6367
Step 1110, Loss: 1.6029
Step 1120, Loss: 1.7094
Step 1130, Loss: 1.6852
Step 1140, Loss: 1.7252
Step 1150, Loss: 1.6003
Step 1160, Loss: 1.7041
Step 1170, Loss: 1.6481
Step 1180, Loss: 1.5701
Step 1190, Loss: 1.7231
Step 1200, Loss: 1.6002
Step 1210, Loss: 1.6069
Step 1220, Loss: 1.7098
Step 1230, Loss: 1.6111
Step 1240, Loss: 1.7847
Step 1250, Loss: 1.7116
Step 1260, Loss: 1.5719
Step 1270, Loss: 1.7200
Step 1280, Loss: 1.6957
Step 1290, Loss: 1.6442
Step 1300, Loss: 1.5788
Step 1310, Loss: 1.6310
Step 1320, Loss: 1.6674
Step 1330, Loss: 1.5570
Step 1340, Loss: 1.5693
Step 1350, Loss: 1.5488
Step 1360, Loss: 1.7024
Step 1370, Loss: 1.6516
Step 1380, Loss: 1.5669
Step 1390, Loss: 1.7098
Step 1400, Loss: 1.6087
Step 1410, Loss: 1.6686
Step 1420, Loss: 1.5859
Step 1430, Loss: 1.7031
Step 1440, Loss: 1.5139
Step 1450, Loss: 1.6131
Step 1460, Loss: 1.6289
Step 1470, Loss: 1.6657
Step 1480, Loss: 1.6679
Step 1490, Loss: 1.6054
Step 1500, Loss: 1.6676
Step 1510, Loss: 1.6265
Epoch 6, Average Loss: 1.6541
[Info] 模型檢查點已保存至 ./checkpoints/20250107_101201/epoch_6.pt

Epoch 7/20
Step 0, Loss: 1.5702
Step 10, Loss: 1.6466
Step 20, Loss: 1.6109
Step 30, Loss: 1.7740
Step 40, Loss: 1.6199
Step 50, Loss: 1.5951
Step 60, Loss: 1.5264
Step 70, Loss: 1.6583
Step 80, Loss: 1.6099
Step 90, Loss: 1.6699
Step 100, Loss: 1.7676
Step 110, Loss: 1.6403
Step 120, Loss: 1.6617
Step 130, Loss: 1.6609
Step 140, Loss: 1.6861
Step 150, Loss: 1.6360
Step 160, Loss: 1.6610
Step 170, Loss: 1.5435
Step 180, Loss: 1.6561
Step 190, Loss: 1.6504
Step 200, Loss: 1.7164
Step 210, Loss: 1.6914
Step 220, Loss: 1.6360
Step 230, Loss: 1.6038
Step 240, Loss: 1.6451
Step 250, Loss: 1.6026
Step 260, Loss: 1.6256
Step 270, Loss: 1.5841
Step 280, Loss: 1.6343
Step 290, Loss: 1.7249
Step 300, Loss: 1.5813
Step 310, Loss: 1.6940
Step 320, Loss: 1.6409
Step 330, Loss: 1.5685
Step 340, Loss: 1.5732
Step 350, Loss: 1.5776
Step 360, Loss: 1.6154
Step 370, Loss: 1.6865
Step 380, Loss: 1.7980
Step 390, Loss: 1.5884
Step 400, Loss: 1.6616
Step 410, Loss: 1.6767
Step 420, Loss: 1.7194
Step 430, Loss: 1.6266
Step 440, Loss: 1.5592
Step 450, Loss: 1.7325
Step 460, Loss: 1.6007
Step 470, Loss: 1.6714
Step 480, Loss: 1.6527
Step 490, Loss: 1.7455
Step 500, Loss: 1.8336
Step 510, Loss: 1.6537
Step 520, Loss: 1.6284
Step 530, Loss: 1.6842
Step 540, Loss: 1.6629
Step 550, Loss: 1.6484
Step 560, Loss: 1.6279
Step 570, Loss: 1.5756
Step 580, Loss: 1.5715
Step 590, Loss: 1.6798
Step 600, Loss: 1.7080
Step 610, Loss: 1.6761
Step 620, Loss: 1.6219
Step 630, Loss: 1.5672
Step 640, Loss: 1.6101
Step 650, Loss: 1.5981
Step 660, Loss: 1.5974
Step 670, Loss: 1.6926
Step 680, Loss: 1.6129
Step 690, Loss: 1.5782
Step 700, Loss: 1.7176
Step 710, Loss: 1.6702
Step 720, Loss: 1.7546
Step 730, Loss: 1.6381
Step 740, Loss: 1.7113
Step 750, Loss: 1.6165
Step 760, Loss: 1.6021
Step 770, Loss: 1.5701
Step 780, Loss: 1.5652
Step 790, Loss: 1.5712
Step 800, Loss: 1.5943
Step 810, Loss: 1.5992
Step 820, Loss: 1.5673
Step 830, Loss: 1.6380
Step 840, Loss: 1.5777
Step 850, Loss: 1.6045
Step 860, Loss: 1.8034
Step 870, Loss: 1.7058
Step 880, Loss: 1.7552
Step 890, Loss: 1.6289
Step 900, Loss: 1.7221
Step 910, Loss: 1.5780
Step 920, Loss: 1.6595
Step 930, Loss: 1.5997
Step 940, Loss: 1.6897
Step 950, Loss: 1.6417
Step 960, Loss: 1.7276
Step 970, Loss: 1.7127
Step 980, Loss: 1.6314
Step 990, Loss: 1.6789
Step 1000, Loss: 1.6871
Step 1010, Loss: 1.6401
Step 1020, Loss: 1.5768
Step 1030, Loss: 1.6527
Step 1040, Loss: 1.6584
Step 1050, Loss: 1.6515
Step 1060, Loss: 1.5886
Step 1070, Loss: 1.5949
Step 1080, Loss: 1.5031
Step 1090, Loss: 1.5818
Step 1100, Loss: 1.5882
Step 1110, Loss: 1.6693
Step 1120, Loss: 1.5035
Step 1130, Loss: 1.6839
Step 1140, Loss: 1.6019
Step 1150, Loss: 1.6684
Step 1160, Loss: 1.6121
Step 1170, Loss: 1.6886
Step 1180, Loss: 1.5607
Step 1190, Loss: 1.7173
Step 1200, Loss: 1.6925
Step 1210, Loss: 1.6616
Step 1220, Loss: 1.5537
Step 1230, Loss: 1.6141
Step 1240, Loss: 1.7145
Step 1250, Loss: 1.7685
Step 1260, Loss: 1.5602
Step 1270, Loss: 1.7132
Step 1280, Loss: 1.5803
Step 1290, Loss: 1.5954
Step 1300, Loss: 1.6926
Step 1310, Loss: 1.6401
Step 1320, Loss: 1.6555
Step 1330, Loss: 1.6085
Step 1340, Loss: 1.7785
Step 1350, Loss: 1.6541
Step 1360, Loss: 1.6438
Step 1370, Loss: 1.5834
Step 1380, Loss: 1.5872
Step 1390, Loss: 1.7269
Step 1400, Loss: 1.6866
Step 1410, Loss: 1.6060
Step 1420, Loss: 1.5652
Step 1430, Loss: 1.7415
Step 1440, Loss: 1.6077
Step 1450, Loss: 1.6681
Step 1460, Loss: 1.7038
Step 1470, Loss: 1.7183
Step 1480, Loss: 1.6172
Step 1490, Loss: 1.7034
Step 1500, Loss: 1.5913
Step 1510, Loss: 1.6612
Epoch 7, Average Loss: 1.6516
[Info] 模型檢查點已保存至 ./checkpoints/20250107_101201/epoch_7.pt

Epoch 8/20
Step 0, Loss: 1.7340
Step 10, Loss: 1.5874
Step 20, Loss: 1.6089
Step 30, Loss: 1.5988
Step 40, Loss: 1.7223
Step 50, Loss: 1.8241
Step 60, Loss: 1.7687
Step 70, Loss: 1.6281
Step 80, Loss: 1.6612
Step 90, Loss: 1.7007
Step 100, Loss: 1.6576
Step 110, Loss: 1.6642
Step 120, Loss: 1.6048
Step 130, Loss: 1.5811
Step 140, Loss: 1.6137
Step 150, Loss: 1.5765
Step 160, Loss: 1.6586
Step 170, Loss: 1.6976
Step 180, Loss: 1.6171
Step 190, Loss: 1.7582
Step 200, Loss: 1.5590
Step 210, Loss: 1.6019
Step 220, Loss: 1.5921
Step 230, Loss: 1.6128
Step 240, Loss: 1.6455
Step 250, Loss: 1.6252
Step 260, Loss: 1.6051
Step 270, Loss: 1.7155
Step 280, Loss: 1.7107
Step 290, Loss: 1.6947
Step 300, Loss: 1.5454
Step 310, Loss: 1.7037
Step 320, Loss: 1.5629
Step 330, Loss: 1.6782
Step 340, Loss: 1.7276
Step 350, Loss: 1.5724
Step 360, Loss: 1.5529
Step 370, Loss: 1.6265
Step 380, Loss: 1.6202
Step 390, Loss: 1.6416
Step 400, Loss: 1.7003
Step 410, Loss: 1.6139
Step 420, Loss: 1.5945
Step 430, Loss: 1.5824
Step 440, Loss: 1.6051
Step 450, Loss: 1.7490
Step 460, Loss: 1.6252
Step 470, Loss: 1.5875
Step 480, Loss: 1.7582
Step 490, Loss: 1.7185
Step 500, Loss: 1.5896
Step 510, Loss: 1.6715
Step 520, Loss: 1.5463
Step 530, Loss: 1.8310
Step 540, Loss: 1.6442
Step 550, Loss: 1.5937
Step 560, Loss: 1.7788
Step 570, Loss: 1.6722
Step 580, Loss: 1.6562
Step 590, Loss: 1.7467
Step 600, Loss: 1.7172
Step 610, Loss: 1.6967
Step 620, Loss: 1.5680
Step 630, Loss: 1.6551
Step 640, Loss: 1.7220
Step 650, Loss: 1.6178
Step 660, Loss: 1.7694
Step 670, Loss: 1.6796
Step 680, Loss: 1.5860
Step 690, Loss: 1.6425
Step 700, Loss: 1.6244
Step 710, Loss: 1.7108
Step 720, Loss: 1.6336
Step 730, Loss: 1.5897
Step 740, Loss: 1.5789
Step 750, Loss: 1.5925
Step 760, Loss: 1.6042
Step 770, Loss: 1.6065
Step 780, Loss: 1.6728
Step 790, Loss: 1.6726
Step 800, Loss: 1.5975
Step 810, Loss: 1.7843
Step 820, Loss: 1.6111
Step 830, Loss: 1.6279
Step 840, Loss: 1.5943
Step 850, Loss: 1.5385
Step 860, Loss: 1.5351
Step 870, Loss: 1.7084
Step 880, Loss: 1.6306
Step 890, Loss: 1.5008
Step 900, Loss: 1.6616
Step 910, Loss: 1.6420
Step 920, Loss: 1.7154
Step 930, Loss: 1.7708
Step 940, Loss: 1.5885
Step 950, Loss: 1.6724
Step 960, Loss: 1.6979
Step 970, Loss: 1.5886
Step 980, Loss: 1.6310
Step 990, Loss: 1.6180
Step 1000, Loss: 1.7442
Step 1010, Loss: 1.5577
Step 1020, Loss: 1.7135
Step 1030, Loss: 1.6779
Step 1040, Loss: 1.6768
Step 1050, Loss: 1.6030
Step 1060, Loss: 1.6255
Step 1070, Loss: 1.5807
Step 1080, Loss: 1.6690
Step 1090, Loss: 1.5962
Step 1100, Loss: 1.5604
Step 1110, Loss: 1.6239
Step 1120, Loss: 1.6434
Step 1130, Loss: 1.7482
Step 1140, Loss: 1.5358
Step 1150, Loss: 1.6465
Step 1160, Loss: 1.5865
Step 1170, Loss: 1.5833
Step 1180, Loss: 1.7544
Step 1190, Loss: 1.5571
Step 1200, Loss: 1.5713
Step 1210, Loss: 1.5718
Step 1220, Loss: 1.6724
Step 1230, Loss: 1.5834
Step 1240, Loss: 1.6841
Step 1250, Loss: 1.7260
Step 1260, Loss: 1.6139
Step 1270, Loss: 1.6578
Step 1280, Loss: 1.5663
Step 1290, Loss: 1.7061
Step 1300, Loss: 1.7068
Step 1310, Loss: 1.6178
Step 1320, Loss: 1.6071
Step 1330, Loss: 1.5461
Step 1340, Loss: 1.6702
Step 1350, Loss: 1.5231
Step 1360, Loss: 1.5635
Step 1370, Loss: 1.5718
Step 1380, Loss: 1.7339
Step 1390, Loss: 1.5868
Step 1400, Loss: 1.6452
Step 1410, Loss: 1.6946
Step 1420, Loss: 1.6618
Step 1430, Loss: 1.6118
Step 1440, Loss: 1.7085
Step 1450, Loss: 1.6217
Step 1460, Loss: 1.6045
Step 1470, Loss: 1.6328
Step 1480, Loss: 1.7598
Step 1490, Loss: 1.6660
Step 1500, Loss: 1.6668
Step 1510, Loss: 1.7469
Epoch 8, Average Loss: 1.6491
[Info] 模型檢查點已保存至 ./checkpoints/20250107_101201/epoch_8.pt

Epoch 9/20
Step 0, Loss: 1.6955
Step 10, Loss: 1.5614
Step 20, Loss: 1.8077
Step 30, Loss: 1.7229
Step 40, Loss: 1.6936
Step 50, Loss: 1.6251
Step 60, Loss: 1.7521
Step 70, Loss: 1.6789
Step 80, Loss: 1.7995
Step 90, Loss: 1.6558
Step 100, Loss: 1.5566
Step 110, Loss: 1.7115
Step 120, Loss: 1.6986
Step 130, Loss: 1.5018
Step 140, Loss: 1.6867
Step 150, Loss: 1.5883
Step 160, Loss: 1.7620
Step 170, Loss: 1.5210
Step 180, Loss: 1.5535
Step 190, Loss: 1.6964
Step 200, Loss: 1.6409
Step 210, Loss: 1.6193
Step 220, Loss: 1.7068
Step 230, Loss: 1.6196
Step 240, Loss: 1.6436
Step 250, Loss: 1.6152
Step 260, Loss: 1.6537
Step 270, Loss: 1.6699
Step 280, Loss: 1.6118
Step 290, Loss: 1.6467
Step 300, Loss: 1.6041
Step 310, Loss: 1.6248
Step 320, Loss: 1.6590
Step 330, Loss: 1.6299
Step 340, Loss: 1.6634
Step 350, Loss: 1.6889
Step 360, Loss: 1.5496
Step 370, Loss: 1.6792
Step 380, Loss: 1.6481
Step 390, Loss: 1.7571
Step 400, Loss: 1.6334
Step 410, Loss: 1.6366
Step 420, Loss: 1.6010
Step 430, Loss: 1.5996
Step 440, Loss: 1.5905
Step 450, Loss: 1.6782
Step 460, Loss: 1.7106
Step 470, Loss: 1.7774
Step 480, Loss: 1.6491
Step 490, Loss: 1.6052
Step 500, Loss: 1.6458
Step 510, Loss: 1.7676
Step 520, Loss: 1.6884
Step 530, Loss: 1.5570
Step 540, Loss: 1.6665
Step 550, Loss: 1.6034
Step 560, Loss: 1.6727
Step 570, Loss: 1.6113
Step 580, Loss: 1.6382
Step 590, Loss: 1.7314
Step 600, Loss: 1.7019
Step 610, Loss: 1.6140
Step 620, Loss: 1.5825
Step 630, Loss: 1.6507
Step 640, Loss: 1.6842
Step 650, Loss: 1.6356
Step 660, Loss: 1.5877
Step 670, Loss: 1.7001
Step 680, Loss: 1.6614
Step 690, Loss: 1.6807
Step 700, Loss: 1.6197
Step 710, Loss: 1.5042
Step 720, Loss: 1.5688
Step 730, Loss: 1.5482
Step 740, Loss: 1.6705
Step 750, Loss: 1.5978
Step 760, Loss: 1.6486
Step 770, Loss: 1.6000
Step 780, Loss: 1.5791
Step 790, Loss: 1.6326
Step 800, Loss: 1.5604
Step 810, Loss: 1.6148
Step 820, Loss: 1.5735
Step 830, Loss: 1.7347
Step 840, Loss: 1.6709
Step 850, Loss: 1.5878
Step 860, Loss: 1.6038
Step 870, Loss: 1.5900
Step 880, Loss: 1.7015
Step 890, Loss: 1.6204
Step 900, Loss: 1.7681
Step 910, Loss: 1.6792
Step 920, Loss: 1.6360
Step 930, Loss: 1.5648
Step 940, Loss: 1.7198
Step 950, Loss: 1.7279
Step 960, Loss: 1.6369
Step 970, Loss: 1.6638
Step 980, Loss: 1.6236
Step 990, Loss: 1.5844
Step 1000, Loss: 1.6841
Step 1010, Loss: 1.6387
Step 1020, Loss: 1.6270
Step 1030, Loss: 1.6649
Step 1040, Loss: 1.6131
Step 1050, Loss: 1.6262
Step 1060, Loss: 1.6559
Step 1070, Loss: 1.7627
Step 1080, Loss: 1.5234
Step 1090, Loss: 1.5645
Step 1100, Loss: 1.6055
Step 1110, Loss: 1.5957
Step 1120, Loss: 1.7487
Step 1130, Loss: 1.6078
Step 1140, Loss: 1.5580
Step 1150, Loss: 1.6681
Step 1160, Loss: 1.6139
Step 1170, Loss: 1.5742
Step 1180, Loss: 1.6147
Step 1190, Loss: 1.7127
Step 1200, Loss: 1.6300
Step 1210, Loss: 1.7590
Step 1220, Loss: 1.6407
Step 1230, Loss: 1.6623
Step 1240, Loss: 1.6864
Step 1250, Loss: 1.6830
Step 1260, Loss: 1.7217
Step 1270, Loss: 1.6246
Step 1280, Loss: 1.7497
Step 1290, Loss: 1.6936
Step 1300, Loss: 1.5844
Step 1310, Loss: 1.6733
Step 1320, Loss: 1.6739
Step 1330, Loss: 1.6803
Step 1340, Loss: 1.5896
Step 1350, Loss: 1.7185
Step 1360, Loss: 1.6538
Step 1370, Loss: 1.6041
Step 1380, Loss: 1.6699
Step 1390, Loss: 1.6356
Step 1400, Loss: 1.6676
Step 1410, Loss: 1.7719
Step 1420, Loss: 1.6339
Step 1430, Loss: 1.6644
Step 1440, Loss: 1.6469
Step 1450, Loss: 1.6490
Step 1460, Loss: 1.7292
Step 1470, Loss: 1.6259
Step 1480, Loss: 1.7344
Step 1490, Loss: 1.7214
Step 1500, Loss: 1.6679
Step 1510, Loss: 1.5913
Epoch 9, Average Loss: 1.6499
[Info] 模型檢查點已保存至 ./checkpoints/20250107_101201/epoch_9.pt

Epoch 10/20
Step 0, Loss: 1.6496
Step 10, Loss: 1.5734
Step 20, Loss: 1.5789
Step 30, Loss: 1.6531
Step 40, Loss: 1.5938
Step 50, Loss: 1.6499
Step 60, Loss: 1.5828
Step 70, Loss: 1.6980
Step 80, Loss: 1.5703
Step 90, Loss: 1.5910
Step 100, Loss: 1.6702
Step 110, Loss: 1.6340
Step 120, Loss: 1.6062
Step 130, Loss: 1.6489
Step 140, Loss: 1.6604
Step 150, Loss: 1.5901
Step 160, Loss: 1.7685
Step 170, Loss: 1.7560
Step 180, Loss: 1.6768
Step 190, Loss: 1.6328
Step 200, Loss: 1.6425
Step 210, Loss: 1.5515
Step 220, Loss: 1.6270
Step 230, Loss: 1.6519
Step 240, Loss: 1.6324
Step 250, Loss: 1.6542
Step 260, Loss: 1.6468
Step 270, Loss: 1.5897
Step 280, Loss: 1.8007
Step 290, Loss: 1.6255
Step 300, Loss: 1.6641
Step 310, Loss: 1.7289
Step 320, Loss: 1.7822
Step 330, Loss: 1.5800
Step 340, Loss: 1.5058
Step 350, Loss: 1.6800
Step 360, Loss: 1.6681
Step 370, Loss: 1.5943
Step 380, Loss: 1.5529
Step 390, Loss: 1.6069
Step 400, Loss: 1.5453
Step 410, Loss: 1.5988
Step 420, Loss: 1.6125
Step 430, Loss: 1.5670
Step 440, Loss: 1.6139
Step 450, Loss: 1.5699
Step 460, Loss: 1.7470
Step 470, Loss: 1.6649
Step 480, Loss: 1.6996
Step 490, Loss: 1.5626
Step 500, Loss: 1.6010
Step 510, Loss: 1.6911
Step 520, Loss: 1.6981
Step 530, Loss: 1.6642
Step 540, Loss: 1.6188
Step 550, Loss: 1.6250
Step 560, Loss: 1.6244
Step 570, Loss: 1.6323
Step 580, Loss: 1.6094
Step 590, Loss: 1.6543
Step 600, Loss: 1.7387
Step 610, Loss: 1.6888
Step 620, Loss: 1.6769
Step 630, Loss: 1.7645
Step 640, Loss: 1.6799
Step 650, Loss: 1.6803
Step 660, Loss: 1.6513
Step 670, Loss: 1.5460
Step 680, Loss: 1.5966
Step 690, Loss: 1.5739
Step 700, Loss: 1.6353
Step 710, Loss: 1.6183
Step 720, Loss: 1.6123
Step 730, Loss: 1.7526
Step 740, Loss: 1.6714
Step 750, Loss: 1.6260
Step 760, Loss: 1.6645
Step 770, Loss: 1.5885
Step 780, Loss: 1.7621
Step 790, Loss: 1.6333
Step 800, Loss: 1.5285
Step 810, Loss: 1.5793
Step 820, Loss: 1.7371
Step 830, Loss: 1.7200
Step 840, Loss: 1.5677
Step 850, Loss: 1.7276
Step 860, Loss: 1.6133
Step 870, Loss: 1.5537
Step 880, Loss: 1.5993
Step 890, Loss: 1.7042
Step 900, Loss: 1.6924
Step 910, Loss: 1.5913
Step 920, Loss: 1.7001
Step 930, Loss: 1.5923
Step 940, Loss: 1.6550
Step 950, Loss: 1.5659
Step 960, Loss: 1.7712
Step 970, Loss: 1.5998
Step 980, Loss: 1.6253
Step 990, Loss: 1.6669
Step 1000, Loss: 1.5945
Step 1010, Loss: 1.6379
Step 1020, Loss: 1.6564
Step 1030, Loss: 1.7527
Step 1040, Loss: 1.6270
Step 1050, Loss: 1.5906
Step 1060, Loss: 1.7066
Step 1070, Loss: 1.5497
Step 1080, Loss: 1.6297
Step 1090, Loss: 1.8006
Step 1100, Loss: 1.5482
Step 1110, Loss: 1.6794
Step 1120, Loss: 1.6103
Step 1130, Loss: 1.6087
Step 1140, Loss: 1.5671
Step 1150, Loss: 1.6294
Step 1160, Loss: 1.6269
Step 1170, Loss: 1.8222
Step 1180, Loss: 1.7756
Step 1190, Loss: 1.6989
Step 1200, Loss: 1.5776
Step 1210, Loss: 1.6169
Step 1220, Loss: 1.7218
Step 1230, Loss: 1.6027
Step 1240, Loss: 1.6321
Step 1250, Loss: 1.7807
Step 1260, Loss: 1.5699
Step 1270, Loss: 1.6672
Step 1280, Loss: 1.6057
Step 1290, Loss: 1.6222
Step 1300, Loss: 1.6679
Step 1310, Loss: 1.6980
Step 1320, Loss: 1.7014
Step 1330, Loss: 1.6427
Step 1340, Loss: 1.7170
Step 1350, Loss: 1.5688
Step 1360, Loss: 1.6044
Step 1370, Loss: 1.6307
Step 1380, Loss: 1.7176
Step 1390, Loss: 1.6023
Step 1400, Loss: 1.6517
Step 1410, Loss: 1.7299
Step 1420, Loss: 1.7275
Step 1430, Loss: 1.6246
Step 1440, Loss: 1.7657
Step 1450, Loss: 1.6238
Step 1460, Loss: 1.6549
Step 1470, Loss: 1.6408
Step 1480, Loss: 1.5937
Step 1490, Loss: 1.6332
Step 1500, Loss: 1.5829
Step 1510, Loss: 1.8111
Epoch 10, Average Loss: 1.6452
[Info] 模型檢查點已保存至 ./checkpoints/20250107_101201/epoch_10.pt

Epoch 11/20
Step 0, Loss: 1.6776
Step 10, Loss: 1.7132
Step 20, Loss: 1.7563
Step 30, Loss: 1.6244
Step 40, Loss: 1.7436
Step 50, Loss: 1.7043
Step 60, Loss: 1.6463
Step 70, Loss: 1.7157
Step 80, Loss: 1.6136
Step 90, Loss: 1.6143
Step 100, Loss: 1.5494
Step 110, Loss: 1.6061
Step 120, Loss: 1.8052
Step 130, Loss: 1.7164
Step 140, Loss: 1.5213
Step 150, Loss: 1.7481
Step 160, Loss: 1.6110
Step 170, Loss: 1.5106
Step 180, Loss: 1.6078
Step 190, Loss: 1.5867
Step 200, Loss: 1.6723
Step 210, Loss: 1.5969
Step 220, Loss: 1.5455
Step 230, Loss: 1.5415
Step 240, Loss: 1.6284
Step 250, Loss: 1.5314
Step 260, Loss: 1.5582
Step 270, Loss: 1.5706
Step 280, Loss: 1.5511
Step 290, Loss: 1.6477
Step 300, Loss: 1.5429
Step 310, Loss: 1.7040
Step 320, Loss: 1.6248
Step 330, Loss: 1.6046
Step 340, Loss: 1.6120
Step 350, Loss: 1.5890
Step 360, Loss: 1.7348
Step 370, Loss: 1.5837
Step 380, Loss: 1.6997
Step 390, Loss: 1.6916
Step 400, Loss: 1.5460
Step 410, Loss: 1.6549
Step 420, Loss: 1.7621
Step 430, Loss: 1.6246
Step 440, Loss: 1.6268
Step 450, Loss: 1.5696
Step 460, Loss: 1.6015
Step 470, Loss: 1.7450
Step 480, Loss: 1.5450
Step 490, Loss: 1.6718
Step 500, Loss: 1.6845
Step 510, Loss: 1.6351
Step 520, Loss: 1.7501
Step 530, Loss: 1.7021
Step 540, Loss: 1.5720
Step 550, Loss: 1.6336
Step 560, Loss: 1.6477
Step 570, Loss: 1.5778
Step 580, Loss: 1.5833
Step 590, Loss: 1.6513
Step 600, Loss: 1.6559
Step 610, Loss: 1.8461
Step 620, Loss: 1.7283
Step 630, Loss: 1.7142
Step 640, Loss: 1.6146
Step 650, Loss: 1.6045
Step 660, Loss: 1.6626
Step 670, Loss: 1.5754
Step 680, Loss: 1.6327
Step 690, Loss: 1.6017
Step 700, Loss: 1.6985
Step 710, Loss: 1.6175
Step 720, Loss: 1.5728
Step 730, Loss: 1.5595
Step 740, Loss: 1.6004
Step 750, Loss: 1.6237
Step 760, Loss: 1.5872
Step 770, Loss: 1.5953
Step 780, Loss: 1.6655
Step 790, Loss: 1.5997
Step 800, Loss: 1.6041
Step 810, Loss: 1.5850
Step 820, Loss: 1.6351
Step 830, Loss: 1.7152
Step 840, Loss: 1.5760
Step 850, Loss: 1.7200
Step 860, Loss: 1.6475
Step 870, Loss: 1.5598
Step 880, Loss: 1.5753
Step 890, Loss: 1.6359
Step 900, Loss: 1.6341
Step 910, Loss: 1.7356
Step 920, Loss: 1.6872
Step 930, Loss: 1.6268
Step 940, Loss: 1.6612
Step 950, Loss: 1.5238
Step 960, Loss: 1.6042
Step 970, Loss: 1.6133
Step 980, Loss: 1.6245
Step 990, Loss: 1.6433
Step 1000, Loss: 1.5988
Step 1010, Loss: 1.6242
Step 1020, Loss: 1.6088
Step 1030, Loss: 1.7407
Step 1040, Loss: 1.6905
Step 1050, Loss: 1.6962
Step 1060, Loss: 1.6363
Step 1070, Loss: 1.6172
Step 1080, Loss: 1.7659
Step 1090, Loss: 1.6529
Step 1100, Loss: 1.6343
Step 1110, Loss: 1.6018
Step 1120, Loss: 1.5910
Step 1130, Loss: 1.7064
Step 1140, Loss: 1.7038
Step 1150, Loss: 1.7504
Step 1160, Loss: 1.7564
Step 1170, Loss: 1.6557
Step 1180, Loss: 1.5880
Step 1190, Loss: 1.5920
Step 1200, Loss: 1.5473
Step 1210, Loss: 1.6711
Step 1220, Loss: 1.5525
Step 1230, Loss: 1.6503
Step 1240, Loss: 1.6451
Step 1250, Loss: 1.6206
Step 1260, Loss: 1.6796
Step 1270, Loss: 1.6511
Step 1280, Loss: 1.6968
Step 1290, Loss: 1.5833
Step 1300, Loss: 1.6278
Step 1310, Loss: 1.7210
Step 1320, Loss: 1.7318
Step 1330, Loss: 1.5864
Step 1340, Loss: 1.7026
Step 1350, Loss: 1.5619
Step 1360, Loss: 1.7307
Step 1370, Loss: 1.7287
Step 1380, Loss: 1.6682
Step 1390, Loss: 1.8233
Step 1400, Loss: 1.6298
Step 1410, Loss: 1.7217
Step 1420, Loss: 1.6509
Step 1430, Loss: 1.6356
Step 1440, Loss: 1.5623
Step 1450, Loss: 1.6429
Step 1460, Loss: 1.6656
Step 1470, Loss: 1.5475
Step 1480, Loss: 1.8911
Step 1490, Loss: 1.5578
Step 1500, Loss: 1.6392
Step 1510, Loss: 1.5690
Epoch 11, Average Loss: 1.6422
[Info] 模型檢查點已保存至 ./checkpoints/20250107_101201/epoch_11.pt

Epoch 12/20
Step 0, Loss: 1.8109
Step 10, Loss: 1.5405
Step 20, Loss: 1.5590
Step 30, Loss: 1.7037
Step 40, Loss: 1.5685
Step 50, Loss: 1.7918
Step 60, Loss: 1.5639
Step 70, Loss: 1.6552
Step 80, Loss: 1.6164
Step 90, Loss: 1.6114
Step 100, Loss: 1.5902
Step 110, Loss: 1.7144
Step 120, Loss: 1.6025
Step 130, Loss: 1.6109
Step 140, Loss: 1.7122
Step 150, Loss: 1.6123
Step 160, Loss: 1.7335
Step 170, Loss: 1.6794
Step 180, Loss: 1.5602
Step 190, Loss: 1.6234
Step 200, Loss: 1.5827
Step 210, Loss: 1.5167
Step 220, Loss: 1.6797
Step 230, Loss: 1.7367
Step 240, Loss: 1.5300
Step 250, Loss: 1.6328
Step 260, Loss: 1.5836
Step 270, Loss: 1.5715
Step 280, Loss: 1.6400
Step 290, Loss: 1.5666
Step 300, Loss: 1.6842
Step 310, Loss: 1.7315
Step 320, Loss: 1.5459
Step 330, Loss: 1.5801
Step 340, Loss: 1.6920
Step 350, Loss: 1.5954
Step 360, Loss: 1.6725
Step 370, Loss: 1.6142
Step 380, Loss: 1.6314
Step 390, Loss: 1.5275
Step 400, Loss: 1.7128
Step 410, Loss: 1.5819
Step 420, Loss: 1.5938
Step 430, Loss: 1.5737
Step 440, Loss: 1.6605
Step 450, Loss: 1.5883
Step 460, Loss: 1.7227
Step 470, Loss: 1.6110
Step 480, Loss: 1.5641
Step 490, Loss: 1.7038
Step 500, Loss: 1.6038
Step 510, Loss: 1.6812
Step 520, Loss: 1.5976
Step 530, Loss: 1.6834
Step 540, Loss: 1.7521
Step 550, Loss: 1.6891
Step 560, Loss: 1.5803
Step 570, Loss: 1.5375
Step 580, Loss: 1.7473
Step 590, Loss: 1.8044
Step 600, Loss: 1.7518
Step 610, Loss: 1.6174
Step 620, Loss: 1.6126
Step 630, Loss: 1.5797
Step 640, Loss: 1.5214
Step 650, Loss: 1.6475
Step 660, Loss: 1.7040
Step 670, Loss: 1.5920
Step 680, Loss: 1.6628
Step 690, Loss: 1.6580
Step 700, Loss: 1.6858
Step 710, Loss: 1.6142
Step 720, Loss: 1.6956
Step 730, Loss: 1.6242
Step 740, Loss: 1.5826
Step 750, Loss: 1.6838
Step 760, Loss: 1.6320
Step 770, Loss: 1.6400
Step 780, Loss: 1.6673
Step 790, Loss: 1.6949
Step 800, Loss: 1.6284
Step 810, Loss: 1.5688
Step 820, Loss: 1.7100
Step 830, Loss: 1.7045
Step 840, Loss: 1.7121
Step 850, Loss: 1.5729
Step 860, Loss: 1.5948
Step 870, Loss: 1.6143
Step 880, Loss: 1.7243
Step 890, Loss: 1.7213
Step 900, Loss: 1.5676
Step 910, Loss: 1.6937
Step 920, Loss: 1.5705
Step 930, Loss: 1.5936
Step 940, Loss: 1.6388
Step 950, Loss: 1.6408
Step 960, Loss: 1.5602
Step 970, Loss: 1.5735
Step 980, Loss: 1.7335
Step 990, Loss: 1.6389
Step 1000, Loss: 1.6005
Step 1010, Loss: 1.6151
Step 1020, Loss: 1.6643
Step 1030, Loss: 1.6690
Step 1040, Loss: 1.5682
Step 1050, Loss: 1.7163
Step 1060, Loss: 1.6680
Step 1070, Loss: 1.6554
Step 1080, Loss: 1.5764
Step 1090, Loss: 1.6631
Step 1100, Loss: 1.5627
Step 1110, Loss: 1.6899
Step 1120, Loss: 1.5519
Step 1130, Loss: 1.5742
Step 1140, Loss: 1.5895
Step 1150, Loss: 1.6635
Step 1160, Loss: 1.6502
Step 1170, Loss: 1.6775
Step 1180, Loss: 1.5691
Step 1190, Loss: 1.7819
Step 1200, Loss: 1.5651
Step 1210, Loss: 1.6647
Step 1220, Loss: 1.6522
Step 1230, Loss: 1.6969
Step 1240, Loss: 1.7494
Step 1250, Loss: 1.7565
Step 1260, Loss: 1.5210
Step 1270, Loss: 1.7063
Step 1280, Loss: 1.5353
Step 1290, Loss: 1.6878
Step 1300, Loss: 1.7130
Step 1310, Loss: 1.6439
Step 1320, Loss: 1.5254
Step 1330, Loss: 1.5849
Step 1340, Loss: 1.5848
Step 1350, Loss: 1.5031
Step 1360, Loss: 1.6319
Step 1370, Loss: 1.7344
Step 1380, Loss: 1.6440
Step 1390, Loss: 1.6525
Step 1400, Loss: 1.6574
Step 1410, Loss: 1.6208
Step 1420, Loss: 1.6652
Step 1430, Loss: 1.6432
Step 1440, Loss: 1.5221
Step 1450, Loss: 1.5987
Step 1460, Loss: 1.6400
Step 1470, Loss: 1.5411
Step 1480, Loss: 1.6909
Step 1490, Loss: 1.6718
Step 1500, Loss: 1.6745
Step 1510, Loss: 1.7983
Epoch 12, Average Loss: 1.6419
[Info] 模型檢查點已保存至 ./checkpoints/20250107_101201/epoch_12.pt

Epoch 13/20
Step 0, Loss: 1.6834
Step 10, Loss: 1.5879
Step 20, Loss: 1.6149
Step 30, Loss: 1.7286
Step 40, Loss: 1.5785
Step 50, Loss: 1.6252
Step 60, Loss: 1.5637
Step 70, Loss: 1.6693
Step 80, Loss: 1.7496
Step 90, Loss: 1.6585
Step 100, Loss: 1.6737
Step 110, Loss: 1.5572
Step 120, Loss: 1.6261
Step 130, Loss: 1.5829
Step 140, Loss: 1.7042
Step 150, Loss: 1.6799
Step 160, Loss: 1.7153
Step 170, Loss: 1.7637
Step 180, Loss: 1.6544
Step 190, Loss: 1.5265
Step 200, Loss: 1.7443
Step 210, Loss: 1.8050
Step 220, Loss: 1.6610
Step 230, Loss: 1.6828
Step 240, Loss: 1.5912
Step 250, Loss: 1.6109
Step 260, Loss: 1.5444
Step 270, Loss: 1.7133
Step 280, Loss: 1.7018
Step 290, Loss: 1.7452
Step 300, Loss: 1.6186
Step 310, Loss: 1.7896
Step 320, Loss: 1.6177
Step 330, Loss: 1.6869
Step 340, Loss: 1.6782
Step 350, Loss: 1.6291
Step 360, Loss: 1.5779
Step 370, Loss: 1.7035
Step 380, Loss: 1.7218
Step 390, Loss: 1.6160
Step 400, Loss: 1.7577
Step 410, Loss: 1.6229
Step 420, Loss: 1.6476
Step 430, Loss: 1.7317
Step 440, Loss: 1.5649
Step 450, Loss: 1.5777
Step 460, Loss: 1.6289
Step 470, Loss: 1.5777
Step 480, Loss: 1.6065
Step 490, Loss: 1.5996
Step 500, Loss: 1.5682
Step 510, Loss: 1.6522
Step 520, Loss: 1.5917
Step 530, Loss: 1.7417
Step 540, Loss: 1.6026
Step 550, Loss: 1.7154
Step 560, Loss: 1.6342
Step 570, Loss: 1.7698
Step 580, Loss: 1.5247
Step 590, Loss: 1.5385
Step 600, Loss: 1.5870
Step 610, Loss: 1.6810
Step 620, Loss: 1.6328
Step 630, Loss: 1.6101
Step 640, Loss: 1.6696
Step 650, Loss: 1.5735
Step 660, Loss: 1.6120
Step 670, Loss: 1.6183
Step 680, Loss: 1.6183
Step 690, Loss: 1.6266
Step 700, Loss: 1.5174
Step 710, Loss: 1.6392
Step 720, Loss: 1.5860
Step 730, Loss: 1.6720
Step 740, Loss: 1.5928
Step 750, Loss: 1.6271
Step 760, Loss: 1.6780
Step 770, Loss: 1.6351
Step 780, Loss: 1.6056
Step 790, Loss: 1.5761
Step 800, Loss: 1.5817
Step 810, Loss: 1.5609
Step 820, Loss: 1.5658
Step 830, Loss: 1.7031
Step 840, Loss: 1.5545
Step 850, Loss: 1.5607
Step 860, Loss: 1.6057
Step 870, Loss: 1.6356
Step 880, Loss: 1.6462
Step 890, Loss: 1.7597
Step 900, Loss: 1.5413
Step 910, Loss: 1.5976
Step 920, Loss: 1.6692
Step 930, Loss: 1.6505
Step 940, Loss: 1.6544
Step 950, Loss: 1.6001
Step 960, Loss: 1.6123
Step 970, Loss: 1.7843
Step 980, Loss: 1.6673
Step 990, Loss: 1.6434
Step 1000, Loss: 1.6134
Step 1010, Loss: 1.6767
Step 1020, Loss: 1.6036
Step 1030, Loss: 1.5983
Step 1040, Loss: 1.5936
Step 1050, Loss: 1.7064
Step 1060, Loss: 1.7080
Step 1070, Loss: 1.6308
Step 1080, Loss: 1.6200
Step 1090, Loss: 1.6086
Step 1100, Loss: 1.5663
Step 1110, Loss: 1.6224
Step 1120, Loss: 1.6753
Step 1130, Loss: 1.5809
Step 1140, Loss: 1.7363
Step 1150, Loss: 1.6659
Step 1160, Loss: 1.5370
Step 1170, Loss: 1.7119
Step 1180, Loss: 1.6446
Step 1190, Loss: 1.6850
Step 1200, Loss: 1.6684
Step 1210, Loss: 1.6875
Step 1220, Loss: 1.6064
Step 1230, Loss: 1.7165
Step 1240, Loss: 1.6381
Step 1250, Loss: 1.7120
Step 1260, Loss: 1.6182
Step 1270, Loss: 1.6605
Step 1280, Loss: 1.5800
Step 1290, Loss: 1.5799
Step 1300, Loss: 1.5696
Step 1310, Loss: 1.6446
Step 1320, Loss: 1.5635
Step 1330, Loss: 1.6847
Step 1340, Loss: 1.6591
Step 1350, Loss: 1.6437
Step 1360, Loss: 1.6401
Step 1370, Loss: 1.5618
Step 1380, Loss: 1.6345
Step 1390, Loss: 1.6150
Step 1400, Loss: 1.5925
Step 1410, Loss: 1.5994
Step 1420, Loss: 1.7216
Step 1430, Loss: 1.6688
Step 1440, Loss: 1.7023
Step 1450, Loss: 1.6390
Step 1460, Loss: 1.6178
Step 1470, Loss: 1.6177
Step 1480, Loss: 1.6119
Step 1490, Loss: 1.6786
Step 1500, Loss: 1.6537
Step 1510, Loss: 1.6455
Epoch 13, Average Loss: 1.6397
[Info] 模型檢查點已保存至 ./checkpoints/20250107_101201/epoch_13.pt

Epoch 14/20
Step 0, Loss: 1.6469
Step 10, Loss: 1.6435
Step 20, Loss: 1.6242
Step 30, Loss: 1.6525
Step 40, Loss: 1.5856
Step 50, Loss: 1.6266
Step 60, Loss: 1.5816
Step 70, Loss: 1.5424
Step 80, Loss: 1.6528
Step 90, Loss: 1.7276
Step 100, Loss: 1.6207
Step 110, Loss: 1.6098
Step 120, Loss: 1.6019
Step 130, Loss: 1.6445
Step 140, Loss: 1.5992
Step 150, Loss: 1.6398
Step 160, Loss: 1.7400
Step 170, Loss: 1.5416
Step 180, Loss: 1.6105
Step 190, Loss: 1.5605
Step 200, Loss: 1.6618
Step 210, Loss: 1.6247
Step 220, Loss: 1.7621
Step 230, Loss: 1.6714
Step 240, Loss: 1.6973
Step 250, Loss: 1.6903
Step 260, Loss: 1.5449
Step 270, Loss: 1.6278
Step 280, Loss: 1.6329
Step 290, Loss: 1.5217
Step 300, Loss: 1.7110
Step 310, Loss: 1.6095
Step 320, Loss: 1.5634
Step 330, Loss: 1.6477
Step 340, Loss: 1.6263
Step 350, Loss: 1.6837
Step 360, Loss: 1.7572
Step 370, Loss: 1.6905
Step 380, Loss: 1.6031
Step 390, Loss: 1.5846
Step 400, Loss: 1.8282
Step 410, Loss: 1.5983
Step 420, Loss: 1.7143
Step 430, Loss: 1.6271
Step 440, Loss: 1.6461
Step 450, Loss: 1.6340
Step 460, Loss: 1.8931
Step 470, Loss: 1.5968
Step 480, Loss: 1.6611
Step 490, Loss: 1.6912
Step 500, Loss: 1.6434
Step 510, Loss: 1.5742
Step 520, Loss: 1.6611
Step 530, Loss: 1.7082
Step 540, Loss: 1.6321
Step 550, Loss: 1.6642
Step 560, Loss: 1.7251
Step 570, Loss: 1.6240
Step 580, Loss: 1.6508
Step 590, Loss: 1.5760
Step 600, Loss: 1.6684
Step 610, Loss: 1.6211
Step 620, Loss: 1.6265
Step 630, Loss: 1.6280
Step 640, Loss: 1.5324
Step 650, Loss: 1.6339
Step 660, Loss: 1.6490
Step 670, Loss: 1.7042
Step 680, Loss: 1.6350
Step 690, Loss: 1.5148
Step 700, Loss: 1.5648
Step 710, Loss: 1.6201
Step 720, Loss: 1.5874
Step 730, Loss: 1.5755
Step 740, Loss: 1.6399
Step 750, Loss: 1.7206
Step 760, Loss: 1.5885
Step 770, Loss: 1.5736
Step 780, Loss: 1.7336
Step 790, Loss: 1.5555
Step 800, Loss: 1.6091
Step 810, Loss: 1.6388
Step 820, Loss: 1.7396
Step 830, Loss: 1.6721
Step 840, Loss: 1.7341
Step 850, Loss: 1.7196
Step 860, Loss: 1.6062
Step 870, Loss: 1.5960
Step 880, Loss: 1.6117
Step 890, Loss: 1.5972
Step 900, Loss: 1.6851
Step 910, Loss: 1.6083
Step 920, Loss: 1.5896
Step 930, Loss: 1.7956
Step 940, Loss: 1.6180
Step 950, Loss: 1.8016
Step 960, Loss: 1.6388
Step 970, Loss: 1.6133
Step 980, Loss: 1.7204
Step 990, Loss: 1.7261
Step 1000, Loss: 1.6784
Step 1010, Loss: 1.6057
Step 1020, Loss: 1.6575
Step 1030, Loss: 1.6604
Step 1040, Loss: 1.5588
Step 1050, Loss: 1.8421
Step 1060, Loss: 1.5704
Step 1070, Loss: 1.6332
Step 1080, Loss: 1.5207
Step 1090, Loss: 1.7036
Step 1100, Loss: 1.6854
Step 1110, Loss: 1.5926
Step 1120, Loss: 1.5607
Step 1130, Loss: 1.6661
Step 1140, Loss: 1.8041
Step 1150, Loss: 1.5872
Step 1160, Loss: 1.6382
Step 1170, Loss: 1.6371
Step 1180, Loss: 1.5767
Step 1190, Loss: 1.6191
Step 1200, Loss: 1.6848
Step 1210, Loss: 1.6277
Step 1220, Loss: 1.6057
Step 1230, Loss: 1.6543
Step 1240, Loss: 1.6931
Step 1250, Loss: 1.5576
Step 1260, Loss: 1.5944
Step 1270, Loss: 1.7095
Step 1280, Loss: 1.6769
Step 1290, Loss: 1.6241
Step 1300, Loss: 1.6173
Step 1310, Loss: 1.5426
Step 1320, Loss: 1.6492
Step 1330, Loss: 1.5464
Step 1340, Loss: 1.6955
Step 1350, Loss: 1.6399
Step 1360, Loss: 1.5427
Step 1370, Loss: 1.6350
Step 1380, Loss: 1.7154
Step 1390, Loss: 1.6065
Step 1400, Loss: 1.6263
Step 1410, Loss: 1.6231
Step 1420, Loss: 1.5494
Step 1430, Loss: 1.7578
Step 1440, Loss: 1.6611
Step 1450, Loss: 1.5945
Step 1460, Loss: 1.6857
Step 1470, Loss: 1.5708
Step 1480, Loss: 1.5714
Step 1490, Loss: 1.6327
Step 1500, Loss: 1.6381
Step 1510, Loss: 1.6684
Epoch 14, Average Loss: 1.6360
[Info] 模型檢查點已保存至 ./checkpoints/20250107_101201/epoch_14.pt

Epoch 15/20
Step 0, Loss: 1.6355
Step 10, Loss: 1.7566
Step 20, Loss: 1.5841
Step 30, Loss: 1.6921
Step 40, Loss: 1.6023
Step 50, Loss: 1.6071
Step 60, Loss: 1.5503
Step 70, Loss: 1.7582
Step 80, Loss: 1.5934
Step 90, Loss: 1.5207
Step 100, Loss: 1.5661
Step 110, Loss: 1.7249
Step 120, Loss: 1.5932
Step 130, Loss: 1.7277
Step 140, Loss: 1.7942
Step 150, Loss: 1.5758
Step 160, Loss: 1.5224
Step 170, Loss: 1.5280
Step 180, Loss: 1.6871
Step 190, Loss: 1.6522
Step 200, Loss: 1.7096
Step 210, Loss: 1.6222
Step 220, Loss: 1.7074
Step 230, Loss: 1.7065
Step 240, Loss: 1.6053
Step 250, Loss: 1.6251
Step 260, Loss: 1.5448
Step 270, Loss: 1.5626
Step 280, Loss: 1.7431
Step 290, Loss: 1.7157
Step 300, Loss: 1.6750
Step 310, Loss: 1.5778
Step 320, Loss: 1.5440
Step 330, Loss: 1.5747
Step 340, Loss: 1.6864
Step 350, Loss: 1.6004
Step 360, Loss: 1.6158
Step 370, Loss: 1.6107
Step 380, Loss: 1.6503
Step 390, Loss: 1.7005
Step 400, Loss: 1.6167
Step 410, Loss: 1.6964
Step 420, Loss: 1.6814
Step 430, Loss: 1.6348
Step 440, Loss: 1.6671
Step 450, Loss: 1.6061
Step 460, Loss: 1.6099
Step 470, Loss: 1.7097
Step 480, Loss: 1.6309
Step 490, Loss: 1.6740
Step 500, Loss: 1.6615
Step 510, Loss: 1.6393
Step 520, Loss: 1.6682
Step 530, Loss: 1.6474
Step 540, Loss: 1.5604
Step 550, Loss: 1.7265
Step 560, Loss: 1.5919
Step 570, Loss: 1.7390
Step 580, Loss: 1.7015
Step 590, Loss: 1.6667
Step 600, Loss: 1.6228
Step 610, Loss: 1.5431
Step 620, Loss: 1.6346
Step 630, Loss: 1.6127
Step 640, Loss: 1.7053
Step 650, Loss: 1.6292
Step 660, Loss: 1.6793
Step 670, Loss: 1.8179
Step 680, Loss: 1.5942
Step 690, Loss: 1.5210
Step 700, Loss: 1.6831
Step 710, Loss: 1.7135
Step 720, Loss: 1.5951
Step 730, Loss: 1.5797
Step 740, Loss: 1.6409
Step 750, Loss: 1.5919
Step 760, Loss: 1.6934
Step 770, Loss: 1.6287
Step 780, Loss: 1.5827
Step 790, Loss: 1.6145
Step 800, Loss: 1.6681
Step 810, Loss: 1.6682
Step 820, Loss: 1.5408
Step 830, Loss: 1.5731
Step 840, Loss: 1.5485
Step 850, Loss: 1.6458
Step 860, Loss: 1.7129
Step 870, Loss: 1.5720
Step 880, Loss: 1.5662
Step 890, Loss: 1.5787
Step 900, Loss: 1.6388
Step 910, Loss: 1.5886
Step 920, Loss: 1.5967
Step 930, Loss: 1.6589
Step 940, Loss: 1.5641
Step 950, Loss: 1.5798
Step 960, Loss: 1.5665
Step 970, Loss: 1.5950
Step 980, Loss: 1.7107
Step 990, Loss: 1.5543
Step 1000, Loss: 1.6199
Step 1010, Loss: 1.7411
Step 1020, Loss: 1.5701
Step 1030, Loss: 1.5926
Step 1040, Loss: 1.6117
Step 1050, Loss: 1.5900
Step 1060, Loss: 1.7561
Step 1070, Loss: 1.6237
Step 1080, Loss: 1.6369
Step 1090, Loss: 1.5693
Step 1100, Loss: 1.5905
Step 1110, Loss: 1.6879
Step 1120, Loss: 1.5744
Step 1130, Loss: 1.6394
Step 1140, Loss: 1.6004
Step 1150, Loss: 1.6620
Step 1160, Loss: 1.7070
Step 1170, Loss: 1.6519
Step 1180, Loss: 1.5870
Step 1190, Loss: 1.6612
Step 1200, Loss: 1.6555
Step 1210, Loss: 1.5781
Step 1220, Loss: 1.6581
Step 1230, Loss: 1.5464
Step 1240, Loss: 1.5837
Step 1250, Loss: 1.6585
Step 1260, Loss: 1.6153
Step 1270, Loss: 1.6891
Step 1280, Loss: 1.5342
Step 1290, Loss: 1.7187
Step 1300, Loss: 1.6196
Step 1310, Loss: 1.5428
Step 1320, Loss: 1.5663
Step 1330, Loss: 1.5779
Step 1340, Loss: 1.6001
Step 1350, Loss: 1.6276
Step 1360, Loss: 1.6161
Step 1370, Loss: 1.6791
Step 1380, Loss: 1.5852
Step 1390, Loss: 1.6560
Step 1400, Loss: 1.5214
Step 1410, Loss: 1.6165
Step 1420, Loss: 1.6279
Step 1430, Loss: 1.6159
Step 1440, Loss: 1.6890
Step 1450, Loss: 1.5802
Step 1460, Loss: 1.6407
Step 1470, Loss: 1.6043
Step 1480, Loss: 1.5929
Step 1490, Loss: 1.7275
Step 1500, Loss: 1.6709
Step 1510, Loss: 1.5472
Epoch 15, Average Loss: 1.6355
[Info] 模型檢查點已保存至 ./checkpoints/20250107_101201/epoch_15.pt

Epoch 16/20
Step 0, Loss: 1.6285
Step 10, Loss: 1.6430
Step 20, Loss: 1.5936
Step 30, Loss: 1.6984
Step 40, Loss: 1.8146
Step 50, Loss: 1.5329
Step 60, Loss: 1.8298
Step 70, Loss: 1.5344
Step 80, Loss: 1.7190
Step 90, Loss: 1.7036
Step 100, Loss: 1.5680
Step 110, Loss: 1.6705
Step 120, Loss: 1.6313
Step 130, Loss: 1.6276
Step 140, Loss: 1.6387
Step 150, Loss: 1.5717
Step 160, Loss: 1.6152
Step 170, Loss: 1.5407
Step 180, Loss: 1.5447
Step 190, Loss: 1.6139
Step 200, Loss: 1.7053
Step 210, Loss: 1.5918
Step 220, Loss: 1.5976
Step 230, Loss: 1.5787
Step 240, Loss: 1.7122
Step 250, Loss: 1.5791
Step 260, Loss: 1.5787
Step 270, Loss: 1.6045
Step 280, Loss: 1.6023
Step 290, Loss: 1.5728
Step 300, Loss: 1.6224
Step 310, Loss: 1.6651
Step 320, Loss: 1.7842
Step 330, Loss: 1.6821
Step 340, Loss: 1.7517
Step 350, Loss: 1.5843
Step 360, Loss: 1.6701
Step 370, Loss: 1.6633
Step 380, Loss: 1.7212
Step 390, Loss: 1.6859
Step 400, Loss: 1.5530
Step 410, Loss: 1.5646
Step 420, Loss: 1.5522
Step 430, Loss: 1.7224
Step 440, Loss: 1.6708
Step 450, Loss: 1.7706
Step 460, Loss: 1.6409
Step 470, Loss: 1.5592
Step 480, Loss: 1.6393
Step 490, Loss: 1.6305
Step 500, Loss: 1.5561
Step 510, Loss: 1.6293
Step 520, Loss: 1.6355
Step 530, Loss: 1.6671
Step 540, Loss: 1.7897
Step 550, Loss: 1.6614
Step 560, Loss: 1.6160
Step 570, Loss: 1.6563
Step 580, Loss: 1.6685
Step 590, Loss: 1.6360
Step 600, Loss: 1.5899
Step 610, Loss: 1.6312
Step 620, Loss: 1.7345
Step 630, Loss: 1.6034
Step 640, Loss: 1.5691
Step 650, Loss: 1.5666
Step 660, Loss: 1.5135
Step 670, Loss: 1.6426
Step 680, Loss: 1.5548
Step 690, Loss: 1.6097
Step 700, Loss: 1.7591
Step 710, Loss: 1.6282
Step 720, Loss: 1.5921
Step 730, Loss: 1.6756
Step 740, Loss: 1.6490
Step 750, Loss: 1.7578
Step 760, Loss: 1.6603
Step 770, Loss: 1.6434
Step 780, Loss: 1.5930
Step 790, Loss: 1.6156
Step 800, Loss: 1.5792
Step 810, Loss: 1.6039
Step 820, Loss: 1.7121
Step 830, Loss: 1.6307
Step 840, Loss: 1.5875
Step 850, Loss: 1.5894
Step 860, Loss: 1.5599
Step 870, Loss: 1.6198
Step 880, Loss: 1.6865
Step 890, Loss: 1.6255
Step 900, Loss: 1.7096
Step 910, Loss: 1.6571
Step 920, Loss: 1.6480
Step 930, Loss: 1.5464
Step 940, Loss: 1.6288
Step 950, Loss: 1.6774
Step 960, Loss: 1.6550
Step 970, Loss: 1.5606
Step 980, Loss: 1.6518
Step 990, Loss: 1.6022
Step 1000, Loss: 1.6380
Step 1010, Loss: 1.6790
Step 1020, Loss: 1.5974
Step 1030, Loss: 1.6370
Step 1040, Loss: 1.5643
Step 1050, Loss: 1.5956
Step 1060, Loss: 1.5576
Step 1070, Loss: 1.7233
Step 1080, Loss: 1.6356
Step 1090, Loss: 1.5766
Step 1100, Loss: 1.5636
Step 1110, Loss: 1.5723
Step 1120, Loss: 1.6070
Step 1130, Loss: 1.6890
Step 1140, Loss: 1.5761
Step 1150, Loss: 1.6421
Step 1160, Loss: 1.5865
Step 1170, Loss: 1.6301
Step 1180, Loss: 1.5734
Step 1190, Loss: 1.5831
Step 1200, Loss: 1.6864
Step 1210, Loss: 1.6565
Step 1220, Loss: 1.6319
Step 1230, Loss: 1.7191
Step 1240, Loss: 1.6237
Step 1250, Loss: 1.6776
Step 1260, Loss: 1.6546
Step 1270, Loss: 1.7949
Step 1280, Loss: 1.6743
Step 1290, Loss: 1.6103
Step 1300, Loss: 1.6548
Step 1310, Loss: 1.6398
Step 1320, Loss: 1.6599
Step 1330, Loss: 1.7131
Step 1340, Loss: 1.6839
Step 1350, Loss: 1.6762
Step 1360, Loss: 1.6311
Step 1370, Loss: 1.5216
Step 1380, Loss: 1.5511
Step 1390, Loss: 1.6663
Step 1400, Loss: 1.5755
Step 1410, Loss: 1.6213
Step 1420, Loss: 1.5894
Step 1430, Loss: 1.6337
Step 1440, Loss: 1.6641
Step 1450, Loss: 1.5665
Step 1460, Loss: 1.6051
Step 1470, Loss: 1.6917
Step 1480, Loss: 1.6815
Step 1490, Loss: 1.5306
Step 1500, Loss: 1.6278
Step 1510, Loss: 1.6537
Epoch 16, Average Loss: 1.6330
[Info] 模型檢查點已保存至 ./checkpoints/20250107_101201/epoch_16.pt

Epoch 17/20
Step 0, Loss: 1.5277
Step 10, Loss: 1.6382
Step 20, Loss: 1.7183
Step 30, Loss: 1.6107
Step 40, Loss: 1.7109
Step 50, Loss: 1.6846
Step 60, Loss: 1.5419
Step 70, Loss: 1.6078
Step 80, Loss: 1.7078
Step 90, Loss: 1.6229
Step 100, Loss: 1.5700
Step 110, Loss: 1.5685
Step 120, Loss: 1.6380
Step 130, Loss: 1.6123
Step 140, Loss: 1.6017
Step 150, Loss: 1.5755
Step 160, Loss: 1.7338
Step 170, Loss: 1.5204
Step 180, Loss: 1.6575
Step 190, Loss: 1.6354
Step 200, Loss: 1.5540
Step 210, Loss: 1.6949
Step 220, Loss: 1.6593
Step 230, Loss: 1.6190
Step 240, Loss: 1.6319
Step 250, Loss: 1.5261
Step 260, Loss: 1.6288
Step 270, Loss: 1.6584
Step 280, Loss: 1.6967
Step 290, Loss: 1.6398
Step 300, Loss: 1.6543
Step 310, Loss: 1.7013
Step 320, Loss: 1.5762
Step 330, Loss: 1.6753
Step 340, Loss: 1.5840
Step 350, Loss: 1.5979
Step 360, Loss: 1.5208
Step 370, Loss: 1.5577
Step 380, Loss: 1.6989
Step 390, Loss: 1.6784
Step 400, Loss: 1.5685
Step 410, Loss: 1.6904
Step 420, Loss: 1.5596
Step 430, Loss: 1.6779
Step 440, Loss: 1.6927
Step 450, Loss: 1.6185
Step 460, Loss: 1.6234
Step 470, Loss: 1.5971
Step 480, Loss: 1.6381
Step 490, Loss: 1.6645
Step 500, Loss: 1.5495
Step 510, Loss: 1.6434
Step 520, Loss: 1.6317
Step 530, Loss: 1.6297
Step 540, Loss: 1.7213
Step 550, Loss: 1.5667
Step 560, Loss: 1.5961
Step 570, Loss: 1.6623
Step 580, Loss: 1.6616
Step 590, Loss: 1.5724
Step 600, Loss: 1.5228
Step 610, Loss: 1.6213
Step 620, Loss: 1.6371
Step 630, Loss: 1.7395
Step 640, Loss: 1.6389
Step 650, Loss: 1.6131
Step 660, Loss: 1.5968
Step 670, Loss: 1.6509
Step 680, Loss: 1.6082
Step 690, Loss: 1.6955
Step 700, Loss: 1.5475
Step 710, Loss: 1.6699
Step 720, Loss: 1.5625
Step 730, Loss: 1.5473
Step 740, Loss: 1.6686
Step 750, Loss: 1.5967
Step 760, Loss: 1.5893
Step 770, Loss: 1.6172
Step 780, Loss: 1.5616
Step 790, Loss: 1.6151
Step 800, Loss: 1.5179
Step 810, Loss: 1.6592
Step 820, Loss: 1.6540
Step 830, Loss: 1.5290
Step 840, Loss: 1.6567
Step 850, Loss: 1.6215
Step 860, Loss: 1.8078
Step 870, Loss: 1.5908
Step 880, Loss: 1.5824
Step 890, Loss: 1.6515
Step 900, Loss: 1.5843
Step 910, Loss: 1.5195
Step 920, Loss: 1.6097
Step 930, Loss: 1.5920
Step 940, Loss: 1.6135
Step 950, Loss: 1.7133
Step 960, Loss: 1.6030
Step 970, Loss: 1.7352
Step 980, Loss: 1.5799
Step 990, Loss: 1.6824
Step 1000, Loss: 1.6022
Step 1010, Loss: 1.6494
Step 1020, Loss: 1.6201
Step 1030, Loss: 1.5428
Step 1040, Loss: 1.6093
Step 1050, Loss: 1.7174
Step 1060, Loss: 1.5880
Step 1070, Loss: 1.6590
Step 1080, Loss: 1.5433
Step 1090, Loss: 1.6176
Step 1100, Loss: 1.5559
Step 1110, Loss: 1.5962
Step 1120, Loss: 1.6870
Step 1130, Loss: 1.6613
Step 1140, Loss: 1.6785
Step 1150, Loss: 1.5348
Step 1160, Loss: 1.6177
Step 1170, Loss: 1.5475
Step 1180, Loss: 1.6303
Step 1190, Loss: 1.6724
Step 1200, Loss: 1.5574
Step 1210, Loss: 1.6479
Step 1220, Loss: 1.5767
Step 1230, Loss: 1.6483
Step 1240, Loss: 1.6165
Step 1250, Loss: 1.5772
Step 1260, Loss: 1.7395
Step 1270, Loss: 1.5259
Step 1280, Loss: 1.5981
Step 1290, Loss: 1.7066
Step 1300, Loss: 1.5672
Step 1310, Loss: 1.6630
Step 1320, Loss: 1.6111
Step 1330, Loss: 1.5204
Step 1340, Loss: 1.5760
Step 1350, Loss: 1.5716
Step 1360, Loss: 1.5601
Step 1370, Loss: 1.6042
Step 1380, Loss: 1.6613
Step 1390, Loss: 1.5568
Step 1400, Loss: 1.6132
Step 1410, Loss: 1.6340
Step 1420, Loss: 1.5803
Step 1430, Loss: 1.6061
Step 1440, Loss: 1.6795
Step 1450, Loss: 1.7051
Step 1460, Loss: 1.6143
Step 1470, Loss: 1.5894
Step 1480, Loss: 1.6517
Step 1490, Loss: 1.5944
Step 1500, Loss: 1.5400
Step 1510, Loss: 1.6605
Epoch 17, Average Loss: 1.6310
[Info] 模型檢查點已保存至 ./checkpoints/20250107_101201/epoch_17.pt

Epoch 18/20
Step 0, Loss: 1.5413
Step 10, Loss: 1.7591
Step 20, Loss: 1.6725
Step 30, Loss: 1.6189
Step 40, Loss: 1.5943
Step 50, Loss: 1.6886
Step 60, Loss: 1.6381
Step 70, Loss: 1.6730
Step 80, Loss: 1.5688
Step 90, Loss: 1.5867
Step 100, Loss: 1.6014
Step 110, Loss: 1.6003
Step 120, Loss: 1.5671
Step 130, Loss: 1.5571
Step 140, Loss: 1.5796
Step 150, Loss: 1.7005
Step 160, Loss: 1.6038
Step 170, Loss: 1.6147
Step 180, Loss: 1.7212
Step 190, Loss: 1.6841
Step 200, Loss: 1.6201
Step 210, Loss: 1.7072
Step 220, Loss: 1.5684
Step 230, Loss: 1.7276
Step 240, Loss: 1.6135
Step 250, Loss: 1.6282
Step 260, Loss: 1.6328
Step 270, Loss: 1.7018
Step 280, Loss: 1.5853
Step 290, Loss: 1.5651
Step 300, Loss: 1.8081
Step 310, Loss: 1.5891
Step 320, Loss: 1.5865
Step 330, Loss: 1.6287
Step 340, Loss: 1.7143
Step 350, Loss: 1.6296
Step 360, Loss: 1.6497
Step 370, Loss: 1.7217
Step 380, Loss: 1.5997
Step 390, Loss: 1.5941
Step 400, Loss: 1.6259
Step 410, Loss: 1.7238
Step 420, Loss: 1.5962
Step 430, Loss: 1.6981
Step 440, Loss: 1.6496
Step 450, Loss: 1.6448
Step 460, Loss: 1.5706
Step 470, Loss: 1.5960
Step 480, Loss: 1.6061
Step 490, Loss: 1.5345
Step 500, Loss: 1.6156
Step 510, Loss: 1.7659
Step 520, Loss: 1.5640
Step 530, Loss: 1.7053
Step 540, Loss: 1.7351
Step 550, Loss: 1.5771
Step 560, Loss: 1.5933
Step 570, Loss: 1.5673
Step 580, Loss: 1.5986
Step 590, Loss: 1.6325
Step 600, Loss: 1.5556
Step 610, Loss: 1.6707
Step 620, Loss: 1.7355
Step 630, Loss: 1.5490
Step 640, Loss: 1.7163
Step 650, Loss: 1.6503
Step 660, Loss: 1.5739
Step 670, Loss: 1.6731
Step 680, Loss: 1.5365
Step 690, Loss: 1.5172
Step 700, Loss: 1.6244
Step 710, Loss: 1.6582
Step 720, Loss: 1.6840
Step 730, Loss: 1.6031
Step 740, Loss: 1.8067
Step 750, Loss: 1.6543
Step 760, Loss: 1.7435
Step 770, Loss: 1.5767
Step 780, Loss: 1.5536
Step 790, Loss: 1.7223
Step 800, Loss: 1.5222
Step 810, Loss: 1.6969
Step 820, Loss: 1.5720
Step 830, Loss: 1.6589
Step 840, Loss: 1.5240
Step 850, Loss: 1.6021
Step 860, Loss: 1.6029
Step 870, Loss: 1.6694
Step 880, Loss: 1.5414
Step 890, Loss: 1.6867
Step 900, Loss: 1.5095
Step 910, Loss: 1.6496
Step 920, Loss: 1.5990
Step 930, Loss: 1.5729
Step 940, Loss: 1.6154
Step 950, Loss: 1.8633
Step 960, Loss: 1.6027
Step 970, Loss: 1.6279
Step 980, Loss: 1.5068
Step 990, Loss: 1.5916
Step 1000, Loss: 1.6477
Step 1010, Loss: 1.5684
Step 1020, Loss: 1.6476
Step 1030, Loss: 1.6420
Step 1040, Loss: 1.5527
Step 1050, Loss: 1.5988
Step 1060, Loss: 1.6612
Step 1070, Loss: 1.6165
Step 1080, Loss: 1.5011
Step 1090, Loss: 1.5485
Step 1100, Loss: 1.5599
Step 1110, Loss: 1.6261
Step 1120, Loss: 1.5547
Step 1130, Loss: 1.7503
Step 1140, Loss: 1.6450
Step 1150, Loss: 1.5251
Step 1160, Loss: 1.6740
Step 1170, Loss: 1.6888
Step 1180, Loss: 1.5992
Step 1190, Loss: 1.5421
Step 1200, Loss: 1.6024
Step 1210, Loss: 1.6343
Step 1220, Loss: 1.6656
Step 1230, Loss: 1.6534
Step 1240, Loss: 1.5882
Step 1250, Loss: 1.6308
Step 1260, Loss: 1.6778
Step 1270, Loss: 1.5444
Step 1280, Loss: 1.5943
Step 1290, Loss: 1.6372
Step 1300, Loss: 1.5985
Step 1310, Loss: 1.6220
Step 1320, Loss: 1.5299
Step 1330, Loss: 1.6524
Step 1340, Loss: 1.5586
Step 1350, Loss: 1.6606
Step 1360, Loss: 1.6087
Step 1370, Loss: 1.6153
Step 1380, Loss: 1.6957
Step 1390, Loss: 1.5451
Step 1400, Loss: 1.6628
Step 1410, Loss: 1.6660
Step 1420, Loss: 1.7631
Step 1430, Loss: 1.6527
Step 1440, Loss: 1.6160
Step 1450, Loss: 1.5476
Step 1460, Loss: 1.6092
Step 1470, Loss: 1.6444
Step 1480, Loss: 1.5721
Step 1490, Loss: 1.5530
Step 1500, Loss: 1.6459
Step 1510, Loss: 1.6110
Epoch 18, Average Loss: 1.6311
[Info] 模型檢查點已保存至 ./checkpoints/20250107_101201/epoch_18.pt

Epoch 19/20
Step 0, Loss: 1.6800
Step 10, Loss: 1.6346
Step 20, Loss: 1.6230
Step 30, Loss: 1.6413
Step 40, Loss: 1.5972
Step 50, Loss: 1.6141
Step 60, Loss: 1.5590
Step 70, Loss: 1.6045
Step 80, Loss: 1.6500
Step 90, Loss: 1.6042
Step 100, Loss: 1.7692
Step 110, Loss: 1.6389
Step 120, Loss: 1.6723
Step 130, Loss: 1.5893
Step 140, Loss: 1.5419
Step 150, Loss: 1.5673
Step 160, Loss: 1.5657
Step 170, Loss: 1.8722
Step 180, Loss: 1.5337
Step 190, Loss: 1.7689
Step 200, Loss: 1.5754
Step 210, Loss: 1.5437
Step 220, Loss: 1.6756
Step 230, Loss: 1.6611
Step 240, Loss: 1.5528
Step 250, Loss: 1.5385
Step 260, Loss: 1.6033
Step 270, Loss: 1.7112
Step 280, Loss: 1.5462
Step 290, Loss: 1.7092
Step 300, Loss: 1.6788
Step 310, Loss: 1.6585
Step 320, Loss: 1.7007
Step 330, Loss: 1.5503
Step 340, Loss: 1.6549
Step 350, Loss: 1.6962
Step 360, Loss: 1.6700
Step 370, Loss: 1.6165
Step 380, Loss: 1.6492
Step 390, Loss: 1.6410
Step 400, Loss: 1.5586
Step 410, Loss: 1.5773
Step 420, Loss: 1.6334
Step 430, Loss: 1.6201
Step 440, Loss: 1.5938
Step 450, Loss: 1.6399
Step 460, Loss: 1.5983
Step 470, Loss: 1.7086
Step 480, Loss: 1.6313
Step 490, Loss: 1.5828
Step 500, Loss: 1.6090
Step 510, Loss: 1.5551
Step 520, Loss: 1.6865
Step 530, Loss: 1.6083
Step 540, Loss: 1.7495
Step 550, Loss: 1.6585
Step 560, Loss: 1.5674
Step 570, Loss: 1.5924
Step 580, Loss: 1.5643
Step 590, Loss: 1.6460
Step 600, Loss: 1.7344
Step 610, Loss: 1.7706
Step 620, Loss: 1.5746
Step 630, Loss: 1.5717
Step 640, Loss: 1.6274
Step 650, Loss: 1.7016
Step 660, Loss: 1.6566
Step 670, Loss: 1.5868
Step 680, Loss: 1.5717
Step 690, Loss: 1.7593
Step 700, Loss: 1.6663
Step 710, Loss: 1.6662
Step 720, Loss: 1.6622
Step 730, Loss: 1.5795
Step 740, Loss: 1.7486
Step 750, Loss: 1.6010
Step 760, Loss: 1.5558
Step 770, Loss: 1.5539
Step 780, Loss: 1.4994
Step 790, Loss: 1.6122
Step 800, Loss: 1.5781
Step 810, Loss: 1.6510
Step 820, Loss: 1.6505
Step 830, Loss: 1.5743
Step 840, Loss: 1.6732
Step 850, Loss: 1.6401
Step 860, Loss: 1.5513
Step 870, Loss: 1.6148
Step 880, Loss: 1.5919
Step 890, Loss: 1.7050
Step 900, Loss: 1.6865
Step 910, Loss: 1.7588
Step 920, Loss: 1.6694
Step 930, Loss: 1.5123
Step 940, Loss: 1.6738
Step 950, Loss: 1.7640
Step 960, Loss: 1.5561
Step 970, Loss: 1.6115
Step 980, Loss: 1.6372
Step 990, Loss: 1.6302
Step 1000, Loss: 1.5702
Step 1010, Loss: 1.7472
Step 1020, Loss: 1.5952
Step 1030, Loss: 1.5683
Step 1040, Loss: 1.6362
Step 1050, Loss: 1.6099
Step 1060, Loss: 1.7346
Step 1070, Loss: 1.7006
Step 1080, Loss: 1.7084
Step 1090, Loss: 1.8102
Step 1100, Loss: 1.5864
Step 1110, Loss: 1.6741
Step 1120, Loss: 1.6207
Step 1130, Loss: 1.6179
Step 1140, Loss: 1.6328
Step 1150, Loss: 1.6515
Step 1160, Loss: 1.6990
Step 1170, Loss: 1.6696
Step 1180, Loss: 1.6224
Step 1190, Loss: 1.6563
Step 1200, Loss: 1.5787
Step 1210, Loss: 1.6609
Step 1220, Loss: 1.6536
Step 1230, Loss: 1.6822
Step 1240, Loss: 1.5980
Step 1250, Loss: 1.6671
Step 1260, Loss: 1.6166
Step 1270, Loss: 1.6303
Step 1280, Loss: 1.6239
Step 1290, Loss: 1.6391
Step 1300, Loss: 1.6757
Step 1310, Loss: 1.5803
Step 1320, Loss: 1.6099
Step 1330, Loss: 1.6235
Step 1340, Loss: 1.7179
Step 1350, Loss: 1.6124
Step 1360, Loss: 1.6013
Step 1370, Loss: 1.6497
Step 1380, Loss: 1.5815
Step 1390, Loss: 1.5908
Step 1400, Loss: 1.5721
Step 1410, Loss: 1.5137
Step 1420, Loss: 1.5885
Step 1430, Loss: 1.5024
Step 1440, Loss: 1.5797
Step 1450, Loss: 1.6830
Step 1460, Loss: 1.6406
Step 1470, Loss: 1.7492
Step 1480, Loss: 1.6382
Step 1490, Loss: 1.6422
Step 1500, Loss: 1.6290
Step 1510, Loss: 1.5477
Epoch 19, Average Loss: 1.6296
[Info] 模型檢查點已保存至 ./checkpoints/20250107_101201/epoch_19.pt

Epoch 20/20
Step 0, Loss: 1.5438
Step 10, Loss: 1.6026
Step 20, Loss: 1.6743
Step 30, Loss: 1.5830
Step 40, Loss: 1.6815
Step 50, Loss: 1.6124
Step 60, Loss: 1.6288
Step 70, Loss: 1.5798
Step 80, Loss: 1.6017
Step 90, Loss: 1.6857
Step 100, Loss: 1.6686
Step 110, Loss: 1.6031
Step 120, Loss: 1.6202
Step 130, Loss: 1.6556
Step 140, Loss: 1.6350
Step 150, Loss: 1.5820
Step 160, Loss: 1.6513
Step 170, Loss: 1.6753
Step 180, Loss: 1.6234
Step 190, Loss: 1.6470
Step 200, Loss: 1.6253
Step 210, Loss: 1.5389
Step 220, Loss: 1.5850
Step 230, Loss: 1.5530
Step 240, Loss: 1.6503
Step 250, Loss: 1.6806
Step 260, Loss: 1.6578
Step 270, Loss: 1.5256
Step 280, Loss: 1.5254
Step 290, Loss: 1.6158
Step 300, Loss: 1.6206
Step 310, Loss: 1.5435
Step 320, Loss: 1.6622
Step 330, Loss: 1.6796
Step 340, Loss: 1.6264
Step 350, Loss: 1.5721
Step 360, Loss: 1.6031
Step 370, Loss: 1.6128
Step 380, Loss: 1.6209
Step 390, Loss: 1.5304
Step 400, Loss: 1.6512
Step 410, Loss: 1.5842
Step 420, Loss: 1.5888
Step 430, Loss: 1.6401
Step 440, Loss: 1.5973
Step 450, Loss: 1.5856
Step 460, Loss: 1.6792
Step 470, Loss: 1.7010
Step 480, Loss: 1.5392
Step 490, Loss: 1.5967
Step 500, Loss: 1.5863
Step 510, Loss: 1.5708
Step 520, Loss: 1.5446
Step 530, Loss: 1.6546
Step 540, Loss: 1.6760
Step 550, Loss: 1.5957
Step 560, Loss: 1.6736
Step 570, Loss: 1.5898
Step 580, Loss: 1.6168
Step 590, Loss: 1.6138
Step 600, Loss: 1.6515
Step 610, Loss: 1.6444
Step 620, Loss: 1.5791
Step 630, Loss: 1.6693
Step 640, Loss: 1.6789
Step 650, Loss: 1.6359
Step 660, Loss: 1.6436
Step 670, Loss: 1.6441
Step 680, Loss: 1.6565
Step 690, Loss: 1.5235
Step 700, Loss: 1.6814
Step 710, Loss: 1.6662
Step 720, Loss: 1.5456
Step 730, Loss: 1.6256
Step 740, Loss: 1.6809
Step 750, Loss: 1.6701
Step 760, Loss: 1.5613
Step 770, Loss: 1.6680
Step 780, Loss: 1.6566
Step 790, Loss: 1.6019
Step 800, Loss: 1.6979
Step 810, Loss: 1.5881
Step 820, Loss: 1.5312
Step 830, Loss: 1.7011
Step 840, Loss: 1.6200
Step 850, Loss: 1.6086
Step 860, Loss: 1.6031
Step 870, Loss: 1.6383
Step 880, Loss: 1.7974
Step 890, Loss: 1.5763
Step 900, Loss: 1.5867
Step 910, Loss: 1.6581
Step 920, Loss: 1.6047
Step 930, Loss: 1.5825
Step 940, Loss: 1.6796
Step 950, Loss: 1.6252
Step 960, Loss: 1.7421
Step 970, Loss: 1.6310
Step 980, Loss: 1.5910
Step 990, Loss: 1.5968
Step 1000, Loss: 1.6888
Step 1010, Loss: 1.6494
Step 1020, Loss: 1.6183
Step 1030, Loss: 1.7587
Step 1040, Loss: 1.6605
Step 1050, Loss: 1.5706
Step 1060, Loss: 1.5783
Step 1070, Loss: 1.6412
Step 1080, Loss: 1.6123
Step 1090, Loss: 1.6387
Step 1100, Loss: 1.5678
Step 1110, Loss: 1.5281
Step 1120, Loss: 1.5507
Step 1130, Loss: 1.7273
Step 1140, Loss: 1.6348
Step 1150, Loss: 1.6848
Step 1160, Loss: 1.6878
Step 1170, Loss: 1.6381
Step 1180, Loss: 1.6950
Step 1190, Loss: 1.6562
Step 1200, Loss: 1.5965
Step 1210, Loss: 1.6449
Step 1220, Loss: 1.5424
Step 1230, Loss: 1.5644
Step 1240, Loss: 1.7155
Step 1250, Loss: 1.6718
Step 1260, Loss: 1.6141
Step 1270, Loss: 1.6252
Step 1280, Loss: 1.7166
Step 1290, Loss: 1.6322
Step 1300, Loss: 1.6736
Step 1310, Loss: 1.6518
Step 1320, Loss: 1.6610
Step 1330, Loss: 1.5648
Step 1340, Loss: 1.6811
Step 1350, Loss: 1.6085
Step 1360, Loss: 1.6415
Step 1370, Loss: 1.5800
Step 1380, Loss: 1.6588
Step 1390, Loss: 1.5465
Step 1400, Loss: 1.5641
Step 1410, Loss: 1.5474
Step 1420, Loss: 1.5954
Step 1430, Loss: 1.6625
Step 1440, Loss: 1.6265
Step 1450, Loss: 1.6236
Step 1460, Loss: 1.6496
Step 1470, Loss: 1.6191
Step 1480, Loss: 1.5738
Step 1490, Loss: 1.5644
Step 1500, Loss: 1.5503
Step 1510, Loss: 1.6087
Epoch 20, Average Loss: 1.6256
[Info] 模型檢查點已保存至 ./checkpoints/20250107_101201/epoch_20.pt
