Using device: cuda
Conformer(
  (encoder): ConformerEncoder(
    (conv_subsample): Conv2dSubampling(
      (sequential): Sequential(
        (0): Conv2d(1, 128, kernel_size=(3, 3), stride=(2, 2))
        (1): ReLU()
        (2): Conv2d(128, 128, kernel_size=(3, 3), stride=(2, 2))
        (3): ReLU()
      )
    )
    (input_projection): Sequential(
      (0): Linear(
        (linear): Linear(in_features=2432, out_features=128, bias=True)
      )
      (1): Dropout(p=0.1, inplace=False)
    )
    (layers): ModuleList(
      (0): ConformerBlock(
        (sequential): Sequential(
          (0): ResidualConnectionModule(
            (module): FeedForwardModule(
              (sequential): Sequential(
                (0): LayerNorm((128,), eps=1e-05, elementwise_affine=True)
                (1): Linear(
                  (linear): Linear(in_features=128, out_features=512, bias=True)
                )
                (2): Swish()
                (3): Dropout(p=0.1, inplace=False)
                (4): Linear(
                  (linear): Linear(in_features=512, out_features=128, bias=True)
                )
                (5): Dropout(p=0.1, inplace=False)
              )
            )
          )
          (1): ResidualConnectionModule(
            (module): MultiHeadedSelfAttentionModule(
              (positional_encoding): RelPositionalEncoding()
              (layer_norm): LayerNorm((128,), eps=1e-05, elementwise_affine=True)
              (attention): RelativeMultiHeadAttention(
                (query_proj): Linear(
                  (linear): Linear(in_features=128, out_features=128, bias=True)
                )
                (key_proj): Linear(
                  (linear): Linear(in_features=128, out_features=128, bias=True)
                )
                (value_proj): Linear(
                  (linear): Linear(in_features=128, out_features=128, bias=True)
                )
                (pos_proj): Linear(
                  (linear): Linear(in_features=128, out_features=128, bias=False)
                )
                (dropout): Dropout(p=0.1, inplace=False)
                (out_proj): Linear(
                  (linear): Linear(in_features=128, out_features=128, bias=True)
                )
              )
              (dropout): Dropout(p=0.1, inplace=False)
            )
          )
          (2): ResidualConnectionModule(
            (module): ConformerConvModule(
              (sequential): Sequential(
                (0): LayerNorm((128,), eps=1e-05, elementwise_affine=True)
                (1): Transpose()
                (2): PointwiseConv1d(
                  (conv): Conv1d(128, 256, kernel_size=(1,), stride=(1,))
                )
                (3): GLU()
                (4): DepthwiseConv1d(
                  (conv): Conv1d(128, 128, kernel_size=(31,), stride=(1,), padding=(15,), groups=128, bias=False)
                )
                (5): BatchNorm1d(128, eps=1e-05, momentum=0.1, affine=True, track_running_stats=True)
                (6): Swish()
                (7): PointwiseConv1d(
                  (conv): Conv1d(128, 128, kernel_size=(1,), stride=(1,))
                )
                (8): Dropout(p=0.1, inplace=False)
              )
            )
          )
          (3): ResidualConnectionModule(
            (module): FeedForwardModule(
              (sequential): Sequential(
                (0): LayerNorm((128,), eps=1e-05, elementwise_affine=True)
                (1): Linear(
                  (linear): Linear(in_features=128, out_features=512, bias=True)
                )
                (2): Swish()
                (3): Dropout(p=0.1, inplace=False)
                (4): Linear(
                  (linear): Linear(in_features=512, out_features=128, bias=True)
                )
                (5): Dropout(p=0.1, inplace=False)
              )
            )
          )
          (4): LayerNorm((128,), eps=1e-05, elementwise_affine=True)
        )
      )
      (1): ConformerBlock(
        (sequential): Sequential(
          (0): ResidualConnectionModule(
            (module): FeedForwardModule(
              (sequential): Sequential(
                (0): LayerNorm((128,), eps=1e-05, elementwise_affine=True)
                (1): Linear(
                  (linear): Linear(in_features=128, out_features=512, bias=True)
                )
                (2): Swish()
                (3): Dropout(p=0.1, inplace=False)
                (4): Linear(
                  (linear): Linear(in_features=512, out_features=128, bias=True)
                )
                (5): Dropout(p=0.1, inplace=False)
              )
            )
          )
          (1): ResidualConnectionModule(
            (module): MultiHeadedSelfAttentionModule(
              (positional_encoding): RelPositionalEncoding()
              (layer_norm): LayerNorm((128,), eps=1e-05, elementwise_affine=True)
              (attention): RelativeMultiHeadAttention(
                (query_proj): Linear(
                  (linear): Linear(in_features=128, out_features=128, bias=True)
                )
                (key_proj): Linear(
                  (linear): Linear(in_features=128, out_features=128, bias=True)
                )
                (value_proj): Linear(
                  (linear): Linear(in_features=128, out_features=128, bias=True)
                )
                (pos_proj): Linear(
                  (linear): Linear(in_features=128, out_features=128, bias=False)
                )
                (dropout): Dropout(p=0.1, inplace=False)
                (out_proj): Linear(
                  (linear): Linear(in_features=128, out_features=128, bias=True)
                )
              )
              (dropout): Dropout(p=0.1, inplace=False)
            )
          )
          (2): ResidualConnectionModule(
            (module): ConformerConvModule(
              (sequential): Sequential(
                (0): LayerNorm((128,), eps=1e-05, elementwise_affine=True)
                (1): Transpose()
                (2): PointwiseConv1d(
                  (conv): Conv1d(128, 256, kernel_size=(1,), stride=(1,))
                )
                (3): GLU()
                (4): DepthwiseConv1d(
                  (conv): Conv1d(128, 128, kernel_size=(31,), stride=(1,), padding=(15,), groups=128, bias=False)
                )
                (5): BatchNorm1d(128, eps=1e-05, momentum=0.1, affine=True, track_running_stats=True)
                (6): Swish()
                (7): PointwiseConv1d(
                  (conv): Conv1d(128, 128, kernel_size=(1,), stride=(1,))
                )
                (8): Dropout(p=0.1, inplace=False)
              )
            )
          )
          (3): ResidualConnectionModule(
            (module): FeedForwardModule(
              (sequential): Sequential(
                (0): LayerNorm((128,), eps=1e-05, elementwise_affine=True)
                (1): Linear(
                  (linear): Linear(in_features=128, out_features=512, bias=True)
                )
                (2): Swish()
                (3): Dropout(p=0.1, inplace=False)
                (4): Linear(
                  (linear): Linear(in_features=512, out_features=128, bias=True)
                )
                (5): Dropout(p=0.1, inplace=False)
              )
            )
          )
          (4): LayerNorm((128,), eps=1e-05, elementwise_affine=True)
        )
      )
    )
  )
  (fc): Linear(
    (linear): Linear(in_features=128, out_features=35, bias=False)
  )
)
[Info] 初始模型權重已從 ./checkpoints/h0.pt 加載。
[Info] 保存檢查點到 ./checkpoints/20250106_184054

Epoch 1/10
Step 0, Loss: 1.9452
Step 10, Loss: 1.9126
Step 20, Loss: 1.8927
Step 30, Loss: 1.8598
Step 40, Loss: 1.8391
Step 50, Loss: 1.8156
Step 60, Loss: 1.9366
Step 70, Loss: 1.8777
Step 80, Loss: 1.8258
Step 90, Loss: 1.7917
Step 100, Loss: 1.8231
Step 110, Loss: 1.8329
Step 120, Loss: 1.7824
Step 130, Loss: 1.7280
Step 140, Loss: 1.9295
Step 150, Loss: 1.8112
Step 160, Loss: 1.8301
Step 170, Loss: 1.8538
Step 180, Loss: 1.7855
Step 190, Loss: 1.8476
Step 200, Loss: 1.7834
Step 210, Loss: 1.8027
Step 220, Loss: 1.7662
Step 230, Loss: 1.7521
Step 240, Loss: 1.7793
Step 250, Loss: 1.8152
Step 260, Loss: 1.8258
Step 270, Loss: 1.8054
Step 280, Loss: 1.6990
Step 290, Loss: 1.7783
Step 300, Loss: 1.7320
Step 310, Loss: 1.8077
Step 320, Loss: 1.7439
Step 330, Loss: 1.7359
Step 340, Loss: 1.8644
Step 350, Loss: 1.7057
Step 360, Loss: 1.7161
Step 370, Loss: 1.8351
Step 380, Loss: 1.8435
Step 390, Loss: 1.7803
Step 400, Loss: 1.8697
Step 410, Loss: 1.7076
Step 420, Loss: 1.6222
Step 430, Loss: 1.8075
Step 440, Loss: 1.8273
Step 450, Loss: 1.6673
Step 460, Loss: 1.7681
Step 470, Loss: 1.7000
Step 480, Loss: 1.7875
Step 490, Loss: 1.7911
Step 500, Loss: 1.7010
Step 510, Loss: 1.7790
Step 520, Loss: 1.6996
Step 530, Loss: 1.6530
Step 540, Loss: 1.5781
Step 550, Loss: 1.6947
Step 560, Loss: 1.7781
Step 570, Loss: 1.8206
Step 580, Loss: 1.6616
Step 590, Loss: 1.8489
Step 600, Loss: 1.6934
Step 610, Loss: 1.7214
Step 620, Loss: 1.9799
Step 630, Loss: 1.6943
Step 640, Loss: 1.7333
Step 650, Loss: 1.5939
Step 660, Loss: 1.8347
Step 670, Loss: 1.8549
Step 680, Loss: 1.7221
Step 690, Loss: 1.6197
Step 700, Loss: 1.7848
Step 710, Loss: 1.6394
Step 720, Loss: 1.7364
Step 730, Loss: 1.7326
Step 740, Loss: 1.6220
Step 750, Loss: 1.7866
Step 760, Loss: 1.6788
Step 770, Loss: 1.6353
Step 780, Loss: 1.6186
Step 790, Loss: 1.6737
Step 800, Loss: 1.7146
Step 810, Loss: 1.7233
Step 820, Loss: 1.6611
Step 830, Loss: 1.7566
Step 840, Loss: 1.7310
Step 850, Loss: 1.7619
Step 860, Loss: 1.6894
Step 870, Loss: 1.6454
Step 880, Loss: 1.6811
Step 890, Loss: 1.7234
Step 900, Loss: 1.8237
Step 910, Loss: 1.6246
Step 920, Loss: 1.7433
Step 930, Loss: 1.5456
Step 940, Loss: 1.6028
Step 950, Loss: 1.6719
Step 960, Loss: 1.7137
Step 970, Loss: 1.6769
Step 980, Loss: 1.7593
Step 990, Loss: 1.7052
Step 1000, Loss: 1.7179
Step 1010, Loss: 1.6504
Step 1020, Loss: 1.6611
Step 1030, Loss: 1.7157
Step 1040, Loss: 1.7766
Step 1050, Loss: 1.7452
Step 1060, Loss: 1.6604
Step 1070, Loss: 1.6922
Step 1080, Loss: 1.6410
Step 1090, Loss: 1.7475
Step 1100, Loss: 1.5948
Step 1110, Loss: 1.6075
Step 1120, Loss: 1.6847
Step 1130, Loss: 1.6661
Step 1140, Loss: 1.7097
Step 1150, Loss: 1.6594
Step 1160, Loss: 1.6525
Step 1170, Loss: 1.6694
Step 1180, Loss: 1.6638
Step 1190, Loss: 1.7039
Step 1200, Loss: 1.6607
Step 1210, Loss: 1.7567
Step 1220, Loss: 1.6376
Step 1230, Loss: 1.7681
Step 1240, Loss: 1.6903
Step 1250, Loss: 1.7328
Step 1260, Loss: 1.6738
Step 1270, Loss: 1.7025
Step 1280, Loss: 1.6660
Step 1290, Loss: 1.7036
Step 1300, Loss: 1.7587
Step 1310, Loss: 1.7476
Step 1320, Loss: 1.7938
Step 1330, Loss: 1.6287
Step 1340, Loss: 1.7239
Step 1350, Loss: 1.8419
Step 1360, Loss: 1.6666
Step 1370, Loss: 1.6434
Step 1380, Loss: 1.7084
Step 1390, Loss: 1.7554
Step 1400, Loss: 1.6549
Step 1410, Loss: 1.7640
Step 1420, Loss: 1.6809
Step 1430, Loss: 1.6711
Step 1440, Loss: 1.6936
Step 1450, Loss: 1.7364
Step 1460, Loss: 1.6096
Step 1470, Loss: 1.7584
Step 1480, Loss: 1.6079
Step 1490, Loss: 1.7246
Step 1500, Loss: 1.6761
Step 1510, Loss: 1.7103
Step 1520, Loss: 1.6070
Step 1530, Loss: 1.6867
Step 1540, Loss: 1.7954
Step 1550, Loss: 1.6313
Step 1560, Loss: 1.7594
Step 1570, Loss: 1.6130
Step 1580, Loss: 1.6569
Step 1590, Loss: 1.6702
Step 1600, Loss: 1.7885
Step 1610, Loss: 1.7394
Step 1620, Loss: 1.6573
Step 1630, Loss: 1.7147
Step 1640, Loss: 1.6727
Step 1650, Loss: 1.6947
Step 1660, Loss: 1.6667
Step 1670, Loss: 1.6530
Step 1680, Loss: 1.6714
Step 1690, Loss: 1.7522
Step 1700, Loss: 1.6882
Step 1710, Loss: 1.7672
Step 1720, Loss: 1.7227
Step 1730, Loss: 1.6387
Step 1740, Loss: 1.7298
Step 1750, Loss: 1.6862
Step 1760, Loss: 1.6903
Step 1770, Loss: 1.7342
Step 1780, Loss: 1.7359
Step 1790, Loss: 1.7115
Step 1800, Loss: 1.9172
Step 1810, Loss: 1.6821
Step 1820, Loss: 1.6014
Step 1830, Loss: 1.6757
Step 1840, Loss: 1.6465
Step 1850, Loss: 1.6637
Step 1860, Loss: 1.6761
Step 1870, Loss: 1.6739
Step 1880, Loss: 1.6500
Step 1890, Loss: 1.6941
Step 1900, Loss: 1.6838
Step 1910, Loss: 1.5684
Step 1920, Loss: 1.6637
Step 1930, Loss: 1.6660
Step 1940, Loss: 1.7302
Step 1950, Loss: 1.6522
Step 1960, Loss: 1.6357
Step 1970, Loss: 1.7142
Step 1980, Loss: 1.6718
Step 1990, Loss: 1.6514
Epoch 1, Average Loss: 1.7202
[Info] 模型檢查點已保存至 ./checkpoints/20250106_184054/epoch_1.pt

Epoch 2/10
Step 0, Loss: 1.6553
Step 10, Loss: 1.6908
Step 20, Loss: 1.7232
Step 30, Loss: 1.8230
Step 40, Loss: 1.6623
Step 50, Loss: 1.8231
Step 60, Loss: 1.7059
Step 70, Loss: 1.6074
Step 80, Loss: 1.7698
Step 90, Loss: 1.7116
Step 100, Loss: 1.8337
Step 110, Loss: 1.8551
Step 120, Loss: 1.7539
Step 130, Loss: 1.7597
Step 140, Loss: 1.6670
Step 150, Loss: 1.8173
Step 160, Loss: 1.6319
Step 170, Loss: 1.6571
Step 180, Loss: 1.6864
Step 190, Loss: 1.8501
Step 200, Loss: 1.7117
Step 210, Loss: 1.7962
Step 220, Loss: 1.6600
Step 230, Loss: 1.6635
Step 240, Loss: 1.7201
Step 250, Loss: 1.8033
Step 260, Loss: 1.7141
Step 270, Loss: 1.7450
Step 280, Loss: 1.7664
Step 290, Loss: 1.6764
Step 300, Loss: 1.7835
Step 310, Loss: 1.6391
Step 320, Loss: 1.5818
Step 330, Loss: 1.6678
Step 340, Loss: 1.8149
Step 350, Loss: 1.7058
Step 360, Loss: 1.6797
Step 370, Loss: 1.7815
Step 380, Loss: 1.6330
Step 390, Loss: 1.7134
Step 400, Loss: 1.7669
Step 410, Loss: 1.6661
Step 420, Loss: 1.5865
Step 430, Loss: 1.6936
Step 440, Loss: 1.7945
Step 450, Loss: 1.6503
Step 460, Loss: 1.6985
Step 470, Loss: 1.6383
Step 480, Loss: 1.6699
Step 490, Loss: 1.6836
Step 500, Loss: 1.7717
Step 510, Loss: 1.6748
Step 520, Loss: 1.6887
Step 530, Loss: 1.6554
Step 540, Loss: 1.5588
Step 550, Loss: 1.6696
Step 560, Loss: 1.6704
Step 570, Loss: 1.6994
Step 580, Loss: 1.5837
Step 590, Loss: 1.6901
Step 600, Loss: 1.6527
Step 610, Loss: 1.6679
Step 620, Loss: 1.7954
Step 630, Loss: 1.6998
Step 640, Loss: 1.5364
Step 650, Loss: 1.5354
Step 660, Loss: 1.7473
Step 670, Loss: 1.7029
Step 680, Loss: 1.7005
Step 690, Loss: 1.5374
Step 700, Loss: 1.7555
Step 710, Loss: 1.6060
Step 720, Loss: 1.6332
Step 730, Loss: 1.6628
Step 740, Loss: 1.6012
Step 750, Loss: 1.8173
Step 760, Loss: 1.6560
Step 770, Loss: 1.5718
Step 780, Loss: 1.5686
Step 790, Loss: 1.6856
Step 800, Loss: 1.6610
Step 810, Loss: 1.6806
Step 820, Loss: 1.6469
Step 830, Loss: 1.7206
Step 840, Loss: 1.6674
Step 850, Loss: 1.7676
Step 860, Loss: 1.6227
Step 870, Loss: 1.6044
Step 880, Loss: 1.6486
Step 890, Loss: 1.7513
Step 900, Loss: 1.8526
Step 910, Loss: 1.6595
Step 920, Loss: 1.7100
Step 930, Loss: 1.5436
Step 940, Loss: 1.6360
Step 950, Loss: 1.6483
Step 960, Loss: 1.7673
Step 970, Loss: 1.6778
Step 980, Loss: 1.7433
Step 990, Loss: 1.7009
Step 1000, Loss: 1.6258
Step 1010, Loss: 1.6168
Step 1020, Loss: 1.6305
Step 1030, Loss: 1.7056
Step 1040, Loss: 1.7473
Step 1050, Loss: 1.7049
Step 1060, Loss: 1.6803
Step 1070, Loss: 1.6689
Step 1080, Loss: 1.6057
Step 1090, Loss: 1.7099
Step 1100, Loss: 1.5557
Step 1110, Loss: 1.5954
Step 1120, Loss: 1.5880
Step 1130, Loss: 1.6287
Step 1140, Loss: 1.6821
Step 1150, Loss: 1.7138
Step 1160, Loss: 1.6801
Step 1170, Loss: 1.7102
Step 1180, Loss: 1.6928
Step 1190, Loss: 1.6802
Step 1200, Loss: 1.6345
Step 1210, Loss: 1.7211
Step 1220, Loss: 1.6006
Step 1230, Loss: 1.7362
Step 1240, Loss: 1.6759
Step 1250, Loss: 1.7592
Step 1260, Loss: 1.5810
Step 1270, Loss: 1.6858
Step 1280, Loss: 1.6402
Step 1290, Loss: 1.7069
Step 1300, Loss: 1.7477
Step 1310, Loss: 1.7170
Step 1320, Loss: 1.7955
Step 1330, Loss: 1.6450
Step 1340, Loss: 1.7033
Step 1350, Loss: 1.7944
Step 1360, Loss: 1.6601
Step 1370, Loss: 1.6457
Step 1380, Loss: 1.6667
Step 1390, Loss: 1.6513
Step 1400, Loss: 1.6277
Step 1410, Loss: 1.7139
Step 1420, Loss: 1.6665
Step 1430, Loss: 1.6624
Step 1440, Loss: 1.6947
Step 1450, Loss: 1.6761
Step 1460, Loss: 1.6124
Step 1470, Loss: 1.6902
Step 1480, Loss: 1.5867
Step 1490, Loss: 1.6565
Step 1500, Loss: 1.6839
Step 1510, Loss: 1.6676
Step 1520, Loss: 1.6365
Step 1530, Loss: 1.6739
Step 1540, Loss: 1.7370
Step 1550, Loss: 1.6219
Step 1560, Loss: 1.8054
Step 1570, Loss: 1.6092
Step 1580, Loss: 1.6239
Step 1590, Loss: 1.6356
Step 1600, Loss: 1.8202
Step 1610, Loss: 1.7470
Step 1620, Loss: 1.6356
Step 1630, Loss: 1.7233
Step 1640, Loss: 1.6429
Step 1650, Loss: 1.6448
Step 1660, Loss: 1.6892
Step 1670, Loss: 1.5950
Step 1680, Loss: 1.6747
Step 1690, Loss: 1.7342
Step 1700, Loss: 1.6076
Step 1710, Loss: 1.7519
Step 1720, Loss: 1.6952
Step 1730, Loss: 1.6235
Step 1740, Loss: 1.7973
Step 1750, Loss: 1.6882
Step 1760, Loss: 1.7265
Step 1770, Loss: 1.7267
Step 1780, Loss: 1.6581
Step 1790, Loss: 1.5985
Step 1800, Loss: 1.8870
Step 1810, Loss: 1.6019
Step 1820, Loss: 1.7870
Step 1830, Loss: 1.7532
Step 1840, Loss: 1.6942
Step 1850, Loss: 1.7309
Step 1860, Loss: 1.5597
Step 1870, Loss: 1.6559
Step 1880, Loss: 1.6061
Step 1890, Loss: 1.6553
Step 1900, Loss: 1.6851
Step 1910, Loss: 1.5768
Step 1920, Loss: 1.6175
Step 1930, Loss: 1.6600
Step 1940, Loss: 1.7365
Step 1950, Loss: 1.7373
Step 1960, Loss: 1.6209
Step 1970, Loss: 1.7661
Step 1980, Loss: 1.6405
Step 1990, Loss: 1.6138
Epoch 2, Average Loss: 1.6777
[Info] 模型檢查點已保存至 ./checkpoints/20250106_184054/epoch_2.pt

Epoch 3/10
Step 0, Loss: 1.6679
Step 10, Loss: 1.7224
Step 20, Loss: 1.7140
Step 30, Loss: 1.7519
Step 40, Loss: 1.6501
Step 50, Loss: 1.6306
Step 60, Loss: 1.6636
Step 70, Loss: 1.6758
Step 80, Loss: 1.7360
Step 90, Loss: 1.6799
Step 100, Loss: 1.8099
Step 110, Loss: 1.8618
Step 120, Loss: 1.7447
Step 130, Loss: 1.7643
Step 140, Loss: 1.6274
Step 150, Loss: 1.8255
Step 160, Loss: 1.6040
Step 170, Loss: 1.6730
Step 180, Loss: 1.7092
Step 190, Loss: 1.7276
Step 200, Loss: 1.7208
Step 210, Loss: 1.7751
Step 220, Loss: 1.6302
Step 230, Loss: 1.6005
Step 240, Loss: 1.6436
Step 250, Loss: 1.8220
Step 260, Loss: 1.7893
Step 270, Loss: 1.7080
Step 280, Loss: 1.7099
Step 290, Loss: 1.6832
Step 300, Loss: 1.7236
Step 310, Loss: 1.6549
Step 320, Loss: 1.6679
Step 330, Loss: 1.6503
Step 340, Loss: 1.6490
Step 350, Loss: 1.7258
Step 360, Loss: 1.6807
Step 370, Loss: 1.6822
Step 380, Loss: 1.5633
Step 390, Loss: 1.7067
Step 400, Loss: 1.7956
Step 410, Loss: 1.6496
Step 420, Loss: 1.5857
Step 430, Loss: 1.7136
Step 440, Loss: 1.6904
Step 450, Loss: 1.6606
Step 460, Loss: 1.6767
Step 470, Loss: 1.6066
Step 480, Loss: 1.6281
Step 490, Loss: 1.6780
Step 500, Loss: 1.8304
Step 510, Loss: 1.7357
Step 520, Loss: 1.6526
Step 530, Loss: 1.6174
Step 540, Loss: 1.5389
Step 550, Loss: 1.7302
Step 560, Loss: 1.5870
Step 570, Loss: 1.7540
Step 580, Loss: 1.5863
Step 590, Loss: 1.7851
Step 600, Loss: 1.6149
Step 610, Loss: 1.6540
Step 620, Loss: 1.8739
Step 630, Loss: 1.6450
Step 640, Loss: 1.6344
Step 650, Loss: 1.5820
Step 660, Loss: 1.8166
Step 670, Loss: 1.6642
Step 680, Loss: 1.6889
Step 690, Loss: 1.6037
Step 700, Loss: 1.6936
Step 710, Loss: 1.6426
Step 720, Loss: 1.6661
Step 730, Loss: 1.6335
Step 740, Loss: 1.5932
Step 750, Loss: 1.7438
Step 760, Loss: 1.6361
Step 770, Loss: 1.5617
Step 780, Loss: 1.5701
Step 790, Loss: 1.6507
Step 800, Loss: 1.6508
Step 810, Loss: 1.6446
Step 820, Loss: 1.6466
Step 830, Loss: 1.6753
Step 840, Loss: 1.7110
Step 850, Loss: 1.7554
Step 860, Loss: 1.6062
Step 870, Loss: 1.5481
Step 880, Loss: 1.6711
Step 890, Loss: 1.7080
Step 900, Loss: 1.6937
Step 910, Loss: 1.6404
Step 920, Loss: 1.7142
Step 930, Loss: 1.5230
Step 940, Loss: 1.6394
Step 950, Loss: 1.5942
Step 960, Loss: 1.6473
Step 970, Loss: 1.6098
Step 980, Loss: 1.7610
Step 990, Loss: 1.6842
Step 1000, Loss: 1.6621
Step 1010, Loss: 1.5966
Step 1020, Loss: 1.6416
Step 1030, Loss: 1.6694
Step 1040, Loss: 1.7071
Step 1050, Loss: 1.6353
Step 1060, Loss: 1.7020
Step 1070, Loss: 1.6739
Step 1080, Loss: 1.5587
Step 1090, Loss: 1.6530
Step 1100, Loss: 1.5966
Step 1110, Loss: 1.6062
Step 1120, Loss: 1.6377
Step 1130, Loss: 1.6776
Step 1140, Loss: 1.7418
Step 1150, Loss: 1.7747
Step 1160, Loss: 1.6209
Step 1170, Loss: 1.6747
Step 1180, Loss: 1.6578
Step 1190, Loss: 1.6817
Step 1200, Loss: 1.6047
Step 1210, Loss: 1.7259
Step 1220, Loss: 1.6080
Step 1230, Loss: 1.7453
Step 1240, Loss: 1.6508
Step 1250, Loss: 1.7313
Step 1260, Loss: 1.6116
Step 1270, Loss: 1.6910
Step 1280, Loss: 1.6432
Step 1290, Loss: 1.6752
Step 1300, Loss: 1.7454
Step 1310, Loss: 1.6365
Step 1320, Loss: 1.7861
Step 1330, Loss: 1.6356
Step 1340, Loss: 1.7200
Step 1350, Loss: 1.8061
Step 1360, Loss: 1.6033
Step 1370, Loss: 1.6123
Step 1380, Loss: 1.6721
Step 1390, Loss: 1.6677
Step 1400, Loss: 1.6190
Step 1410, Loss: 1.7596
Step 1420, Loss: 1.6542
Step 1430, Loss: 1.6319
Step 1440, Loss: 1.6834
Step 1450, Loss: 1.6720
Step 1460, Loss: 1.5643
Step 1470, Loss: 1.6397
Step 1480, Loss: 1.5587
Step 1490, Loss: 1.6804
Step 1500, Loss: 1.7151
Step 1510, Loss: 1.6908
Step 1520, Loss: 1.6010
Step 1530, Loss: 1.6678
Step 1540, Loss: 1.7007
Step 1550, Loss: 1.5694
Step 1560, Loss: 1.7936
Step 1570, Loss: 1.6049
Step 1580, Loss: 1.6458
Step 1590, Loss: 1.6475
Step 1600, Loss: 1.7801
Step 1610, Loss: 1.6726
Step 1620, Loss: 1.8534
Step 1630, Loss: 1.7466
Step 1640, Loss: 1.6964
Step 1650, Loss: 1.6706
Step 1660, Loss: 1.6978
Step 1670, Loss: 1.5506
Step 1680, Loss: 1.6385
Step 1690, Loss: 1.6836
Step 1700, Loss: 1.6429
Step 1710, Loss: 1.6431
Step 1720, Loss: 1.7000
Step 1730, Loss: 1.6184
Step 1740, Loss: 1.7696
Step 1750, Loss: 1.6515
Step 1760, Loss: 1.6543
Step 1770, Loss: 1.7003
Step 1780, Loss: 1.7090
Step 1790, Loss: 1.6700
Step 1800, Loss: 1.9302
Step 1810, Loss: 1.6120
Step 1820, Loss: 1.6424
Step 1830, Loss: 1.6716
Step 1840, Loss: 1.6618
Step 1850, Loss: 1.6808
Step 1860, Loss: 1.5899
Step 1870, Loss: 1.6580
Step 1880, Loss: 1.6558
Step 1890, Loss: 1.7259
Step 1900, Loss: 1.7037
Step 1910, Loss: 1.5300
Step 1920, Loss: 1.6447
Step 1930, Loss: 1.6855
Step 1940, Loss: 1.6948
Step 1950, Loss: 1.6499
Step 1960, Loss: 1.5728
Step 1970, Loss: 1.7284
Step 1980, Loss: 1.6321
Step 1990, Loss: 1.6720
Epoch 3, Average Loss: 1.6688
[Info] 模型檢查點已保存至 ./checkpoints/20250106_184054/epoch_3.pt

Epoch 4/10
Step 0, Loss: 1.6558
Step 10, Loss: 1.6972
Step 20, Loss: 1.7275
Step 30, Loss: 1.7715
Step 40, Loss: 1.6469
Step 50, Loss: 1.8025
Step 60, Loss: 1.6741
Step 70, Loss: 1.5978
Step 80, Loss: 1.7232
Step 90, Loss: 1.7003
Step 100, Loss: 1.7966
Step 110, Loss: 1.8875
Step 120, Loss: 1.6697
Step 130, Loss: 1.8100
Step 140, Loss: 1.6477
Step 150, Loss: 1.7319
Step 160, Loss: 1.5728
Step 170, Loss: 1.6745
Step 180, Loss: 1.6253
Step 190, Loss: 1.8012
Step 200, Loss: 1.6941
Step 210, Loss: 1.6929
Step 220, Loss: 1.6402
Step 230, Loss: 1.6226
Step 240, Loss: 1.6794
Step 250, Loss: 1.8223
Step 260, Loss: 1.7765
Step 270, Loss: 1.7079
Step 280, Loss: 1.6581
Step 290, Loss: 1.7736
Step 300, Loss: 1.6798
Step 310, Loss: 1.6622
Step 320, Loss: 1.6071
Step 330, Loss: 1.6388
Step 340, Loss: 1.7055
Step 350, Loss: 1.6805
Step 360, Loss: 1.6769
Step 370, Loss: 1.8058
Step 380, Loss: 1.5986
Step 390, Loss: 1.7047
Step 400, Loss: 1.8105
Step 410, Loss: 1.6329
Step 420, Loss: 1.5518
Step 430, Loss: 1.7020
Step 440, Loss: 1.7534
Step 450, Loss: 1.6324
Step 460, Loss: 1.6623
Step 470, Loss: 1.5748
Step 480, Loss: 1.6331
Step 490, Loss: 1.6261
Step 500, Loss: 1.8408
Step 510, Loss: 1.7657
Step 520, Loss: 1.6341
Step 530, Loss: 1.6074
Step 540, Loss: 1.5602
Step 550, Loss: 1.6890
Step 560, Loss: 1.5616
Step 570, Loss: 1.7194
Step 580, Loss: 1.5873
Step 590, Loss: 1.7825
Step 600, Loss: 1.6380
Step 610, Loss: 1.6680
Step 620, Loss: 1.8584
Step 630, Loss: 1.6095
Step 640, Loss: 1.5647
Step 650, Loss: 1.5464
Step 660, Loss: 1.7709
Step 670, Loss: 1.6662
Step 680, Loss: 1.6220
Step 690, Loss: 1.5535
Step 700, Loss: 1.6626
Step 710, Loss: 1.6363
Step 720, Loss: 1.6521
Step 730, Loss: 1.6724
Step 740, Loss: 1.5940
Step 750, Loss: 1.7241
Step 760, Loss: 1.6394
Step 770, Loss: 1.5871
Step 780, Loss: 1.5611
Step 790, Loss: 1.6493
Step 800, Loss: 1.6523
Step 810, Loss: 1.6929
Step 820, Loss: 1.6243
Step 830, Loss: 1.6866
Step 840, Loss: 1.6565
Step 850, Loss: 1.7822
Step 860, Loss: 1.6969
Step 870, Loss: 1.5260
Step 880, Loss: 1.6281
Step 890, Loss: 1.7098
Step 900, Loss: 1.7447
Step 910, Loss: 1.6537
Step 920, Loss: 1.6427
Step 930, Loss: 1.5219
Step 940, Loss: 1.6458
Step 950, Loss: 1.6470
Step 960, Loss: 1.6706
Step 970, Loss: 1.6305
Step 980, Loss: 1.7275
Step 990, Loss: 1.7013
Step 1000, Loss: 1.6208
Step 1010, Loss: 1.6129
Step 1020, Loss: 1.6044
Step 1030, Loss: 1.6655
Step 1040, Loss: 1.7137
Step 1050, Loss: 1.6558
Step 1060, Loss: 1.6744
Step 1070, Loss: 1.6994
Step 1080, Loss: 1.5532
Step 1090, Loss: 1.7161
Step 1100, Loss: 1.5938
Step 1110, Loss: 1.6924
Step 1120, Loss: 1.7272
Step 1130, Loss: 1.6978
Step 1140, Loss: 1.7125
Step 1150, Loss: 1.6369
Step 1160, Loss: 1.6433
Step 1170, Loss: 1.6727
Step 1180, Loss: 1.6519
Step 1190, Loss: 1.6519
Step 1200, Loss: 1.6128
Step 1210, Loss: 1.7528
Step 1220, Loss: 1.6171
Step 1230, Loss: 1.7969
Step 1240, Loss: 1.5890
Step 1250, Loss: 1.7122
Step 1260, Loss: 1.6012
Step 1270, Loss: 1.6644
Step 1280, Loss: 1.6506
Step 1290, Loss: 1.7211
Step 1300, Loss: 1.6560
Step 1310, Loss: 1.6273
Step 1320, Loss: 1.7628
Step 1330, Loss: 1.6074
Step 1340, Loss: 1.7136
Step 1350, Loss: 1.7631
Step 1360, Loss: 1.5883
Step 1370, Loss: 1.6120
Step 1380, Loss: 1.6973
Step 1390, Loss: 1.6415
Step 1400, Loss: 1.6317
Step 1410, Loss: 1.6805
Step 1420, Loss: 1.6845
Step 1430, Loss: 1.6265
Step 1440, Loss: 1.7060
Step 1450, Loss: 1.6624
Step 1460, Loss: 1.5793
Step 1470, Loss: 1.6312
Step 1480, Loss: 1.5636
Step 1490, Loss: 1.6637
Step 1500, Loss: 1.7016
Step 1510, Loss: 1.6627
Step 1520, Loss: 1.5654
Step 1530, Loss: 1.6846
Step 1540, Loss: 1.6012
Step 1550, Loss: 1.6485
Step 1560, Loss: 1.8187
Step 1570, Loss: 1.5858
Step 1580, Loss: 1.6930
Step 1590, Loss: 1.5918
Step 1600, Loss: 1.7930
Step 1610, Loss: 1.7192
Step 1620, Loss: 1.7349
Step 1630, Loss: 1.6334
Step 1640, Loss: 1.6420
Step 1650, Loss: 1.6208
Step 1660, Loss: 1.7384
Step 1670, Loss: 1.5869
Step 1680, Loss: 1.6401
Step 1690, Loss: 1.6743
Step 1700, Loss: 1.6637
Step 1710, Loss: 1.6501
Step 1720, Loss: 1.6943
Step 1730, Loss: 1.6063
Step 1740, Loss: 1.7486
Step 1750, Loss: 1.6089
Step 1760, Loss: 1.6556
Step 1770, Loss: 1.6839
Step 1780, Loss: 1.7420
Step 1790, Loss: 1.6121
Step 1800, Loss: 1.8015
Step 1810, Loss: 1.5991
Step 1820, Loss: 1.7335
Step 1830, Loss: 1.7163
Step 1840, Loss: 1.6771
Step 1850, Loss: 1.6355
Step 1860, Loss: 1.5740
Step 1870, Loss: 1.6073
Step 1880, Loss: 1.6270
Step 1890, Loss: 1.7030
Step 1900, Loss: 1.6621
Step 1910, Loss: 1.5387
Step 1920, Loss: 1.6054
Step 1930, Loss: 1.6740
Step 1940, Loss: 1.7129
Step 1950, Loss: 1.7193
Step 1960, Loss: 1.6023
Step 1970, Loss: 1.7530
Step 1980, Loss: 1.6431
Step 1990, Loss: 1.5955
Epoch 4, Average Loss: 1.6642
[Info] 模型檢查點已保存至 ./checkpoints/20250106_184054/epoch_4.pt

Epoch 5/10
Step 0, Loss: 1.6472
Step 10, Loss: 1.7039
Step 20, Loss: 1.7159
Step 30, Loss: 1.7074
Step 40, Loss: 1.6075
Step 50, Loss: 1.7485
Step 60, Loss: 1.6375
Step 70, Loss: 1.5915
Step 80, Loss: 1.7491
Step 90, Loss: 1.7050
Step 100, Loss: 1.7965
Step 110, Loss: 1.8489
Step 120, Loss: 1.6091
Step 130, Loss: 1.8842
Step 140, Loss: 1.6262
Step 150, Loss: 1.7527
Step 160, Loss: 1.5833
Step 170, Loss: 1.6376
Step 180, Loss: 1.6106
Step 190, Loss: 1.7537
Step 200, Loss: 1.7086
Step 210, Loss: 1.6824
Step 220, Loss: 1.6337
Step 230, Loss: 1.6300
Step 240, Loss: 1.6385
Step 250, Loss: 1.8014
Step 260, Loss: 1.7585
Step 270, Loss: 1.7365
Step 280, Loss: 1.7259
Step 290, Loss: 1.7095
Step 300, Loss: 1.7917
Step 310, Loss: 1.6163
Step 320, Loss: 1.6390
Step 330, Loss: 1.6492
Step 340, Loss: 1.6956
Step 350, Loss: 1.6731
Step 360, Loss: 1.6927
Step 370, Loss: 1.8010
Step 380, Loss: 1.6575
Step 390, Loss: 1.7236
Step 400, Loss: 1.7095
Step 410, Loss: 1.6103
Step 420, Loss: 1.5529
Step 430, Loss: 1.6785
Step 440, Loss: 1.7558
Step 450, Loss: 1.6551
Step 460, Loss: 1.6862
Step 470, Loss: 1.5683
Step 480, Loss: 1.6325
Step 490, Loss: 1.6360
Step 500, Loss: 1.7548
Step 510, Loss: 1.7026
Step 520, Loss: 1.6776
Step 530, Loss: 1.6063
Step 540, Loss: 1.5279
Step 550, Loss: 1.7371
Step 560, Loss: 1.5774
Step 570, Loss: 1.7243
Step 580, Loss: 1.6565
Step 590, Loss: 1.7953
Step 600, Loss: 1.5997
Step 610, Loss: 1.6595
Step 620, Loss: 1.8342
Step 630, Loss: 1.5886
Step 640, Loss: 1.5573
Step 650, Loss: 1.5446
Step 660, Loss: 1.7835
Step 670, Loss: 1.6397
Step 680, Loss: 1.6796
Step 690, Loss: 1.5066
Step 700, Loss: 1.6353
Step 710, Loss: 1.5984
Step 720, Loss: 1.6886
Step 730, Loss: 1.6565
Step 740, Loss: 1.5844
Step 750, Loss: 1.7525
Step 760, Loss: 1.6654
Step 770, Loss: 1.5822
Step 780, Loss: 1.5391
Step 790, Loss: 1.6905
Step 800, Loss: 1.6494
Step 810, Loss: 1.7485
Step 820, Loss: 1.6248
Step 830, Loss: 1.6714
Step 840, Loss: 1.6477
Step 850, Loss: 1.6983
Step 860, Loss: 1.6780
Step 870, Loss: 1.5699
Step 880, Loss: 1.6444
Step 890, Loss: 1.7153
Step 900, Loss: 1.7177
Step 910, Loss: 1.6209
Step 920, Loss: 1.6601
Step 930, Loss: 1.5218
Step 940, Loss: 1.6163
Step 950, Loss: 1.6219
Step 960, Loss: 1.6808
Step 970, Loss: 1.6210
Step 980, Loss: 1.7715
Step 990, Loss: 1.7040
Step 1000, Loss: 1.6282
Step 1010, Loss: 1.6313
Step 1020, Loss: 1.5771
Step 1030, Loss: 1.7130
Step 1040, Loss: 1.7383
Step 1050, Loss: 1.6518
Step 1060, Loss: 1.6584
Step 1070, Loss: 1.6703
Step 1080, Loss: 1.5321
Step 1090, Loss: 1.6565
Step 1100, Loss: 1.5922
Step 1110, Loss: 1.5971
Step 1120, Loss: 1.6145
Step 1130, Loss: 1.6490
Step 1140, Loss: 1.7005
Step 1150, Loss: 1.6490
Step 1160, Loss: 1.6746
Step 1170, Loss: 1.6577
Step 1180, Loss: 1.6468
Step 1190, Loss: 1.6866
Step 1200, Loss: 1.6369
Step 1210, Loss: 1.6926
Step 1220, Loss: 1.5948
Step 1230, Loss: 1.7622
Step 1240, Loss: 1.6782
Step 1250, Loss: 1.7480
Step 1260, Loss: 1.5636
Step 1270, Loss: 1.6701
Step 1280, Loss: 1.6436
Step 1290, Loss: 1.7378
Step 1300, Loss: 1.6221
Step 1310, Loss: 1.6702
Step 1320, Loss: 1.7565
Step 1330, Loss: 1.5653
Step 1340, Loss: 1.7789
Step 1350, Loss: 1.7542
Step 1360, Loss: 1.6171
Step 1370, Loss: 1.6312
Step 1380, Loss: 1.7422
Step 1390, Loss: 1.6826
Step 1400, Loss: 1.6798
Step 1410, Loss: 1.7279
Step 1420, Loss: 1.6838
Step 1430, Loss: 1.6157
Step 1440, Loss: 1.7089
Step 1450, Loss: 1.6711
Step 1460, Loss: 1.5769
Step 1470, Loss: 1.6917
Step 1480, Loss: 1.5783
Step 1490, Loss: 1.6872
Step 1500, Loss: 1.6817
Step 1510, Loss: 1.6446
Step 1520, Loss: 1.5855
Step 1530, Loss: 1.6097
Step 1540, Loss: 1.6517
Step 1550, Loss: 1.5893
Step 1560, Loss: 1.7772
Step 1570, Loss: 1.6147
Step 1580, Loss: 1.7016
Step 1590, Loss: 1.6738
Step 1600, Loss: 1.7984
Step 1610, Loss: 1.6951
Step 1620, Loss: 1.7218
Step 1630, Loss: 1.7001
Step 1640, Loss: 1.5910
Step 1650, Loss: 1.6214
Step 1660, Loss: 1.7160
Step 1670, Loss: 1.6009
Step 1680, Loss: 1.6304
Step 1690, Loss: 1.6230
Step 1700, Loss: 1.6176
Step 1710, Loss: 1.6797
Step 1720, Loss: 1.7034
Step 1730, Loss: 1.6652
Step 1740, Loss: 1.8077
Step 1750, Loss: 1.6156
Step 1760, Loss: 1.6318
Step 1770, Loss: 1.6327
Step 1780, Loss: 1.6150
Step 1790, Loss: 1.5482
Step 1800, Loss: 1.8317
Step 1810, Loss: 1.6136
Step 1820, Loss: 1.7734
Step 1830, Loss: 1.7674
Step 1840, Loss: 1.7086
Step 1850, Loss: 1.6405
Step 1860, Loss: 1.5630
Step 1870, Loss: 1.6033
Step 1880, Loss: 1.5347
Step 1890, Loss: 1.6399
Step 1900, Loss: 1.6425
Step 1910, Loss: 1.6064
Step 1920, Loss: 1.6081
Step 1930, Loss: 1.6754
Step 1940, Loss: 1.7129
Step 1950, Loss: 1.7370
Step 1960, Loss: 1.6136
Step 1970, Loss: 1.7431
Step 1980, Loss: 1.6425
Step 1990, Loss: 1.6102
Epoch 5, Average Loss: 1.6571
[Info] 模型檢查點已保存至 ./checkpoints/20250106_184054/epoch_5.pt

Epoch 6/10
Step 0, Loss: 1.6314
Step 10, Loss: 1.6962
Step 20, Loss: 1.7002
Step 30, Loss: 1.7390
Step 40, Loss: 1.6198
Step 50, Loss: 1.6593
Step 60, Loss: 1.6704
Step 70, Loss: 1.6302
Step 80, Loss: 1.7268
Step 90, Loss: 1.6140
Step 100, Loss: 1.7432
Step 110, Loss: 1.8480
Step 120, Loss: 1.6685
Step 130, Loss: 1.8134
Step 140, Loss: 1.6543
Step 150, Loss: 1.7560
Step 160, Loss: 1.5825
Step 170, Loss: 1.6338
Step 180, Loss: 1.6215
Step 190, Loss: 1.7777
Step 200, Loss: 1.7194
Step 210, Loss: 1.7202
Step 220, Loss: 1.6322
Step 230, Loss: 1.6014
Step 240, Loss: 1.6889
Step 250, Loss: 1.7941
Step 260, Loss: 1.7574
Step 270, Loss: 1.7040
Step 280, Loss: 1.6736
Step 290, Loss: 1.7476
Step 300, Loss: 1.7317
Step 310, Loss: 1.7359
Step 320, Loss: 1.6309
Step 330, Loss: 1.6420
Step 340, Loss: 1.6727
Step 350, Loss: 1.6623
Step 360, Loss: 1.6558
Step 370, Loss: 1.7485
Step 380, Loss: 1.7511
Step 390, Loss: 1.7083
Step 400, Loss: 1.7285
Step 410, Loss: 1.6054
Step 420, Loss: 1.5668
Step 430, Loss: 1.6583
Step 440, Loss: 1.7503
Step 450, Loss: 1.6215
Step 460, Loss: 1.6317
Step 470, Loss: 1.5476
Step 480, Loss: 1.6145
Step 490, Loss: 1.6400
Step 500, Loss: 1.6729
Step 510, Loss: 1.5768
Step 520, Loss: 1.6182
Step 530, Loss: 1.6163
Step 540, Loss: 1.5244
Step 550, Loss: 1.7325
Step 560, Loss: 1.5861
Step 570, Loss: 1.6937
Step 580, Loss: 1.6301
Step 590, Loss: 1.8134
Step 600, Loss: 1.6321
Step 610, Loss: 1.6442
Step 620, Loss: 1.7950
Step 630, Loss: 1.6009
Step 640, Loss: 1.5662
Step 650, Loss: 1.5964
Step 660, Loss: 1.7707
Step 670, Loss: 1.7513
Step 680, Loss: 1.6405
Step 690, Loss: 1.5813
Step 700, Loss: 1.6199
Step 710, Loss: 1.6120
Step 720, Loss: 1.6664
Step 730, Loss: 1.6547
Step 740, Loss: 1.5885
Step 750, Loss: 1.8094
Step 760, Loss: 1.6408
Step 770, Loss: 1.5620
Step 780, Loss: 1.5704
Step 790, Loss: 1.6350
Step 800, Loss: 1.6390
Step 810, Loss: 1.6659
Step 820, Loss: 1.6854
Step 830, Loss: 1.6621
Step 840, Loss: 1.6289
Step 850, Loss: 1.7504
Step 860, Loss: 1.6959
Step 870, Loss: 1.5887
Step 880, Loss: 1.6468
Step 890, Loss: 1.7555
Step 900, Loss: 1.7207
Step 910, Loss: 1.6094
Step 920, Loss: 1.6504
Step 930, Loss: 1.5217
Step 940, Loss: 1.5347
Step 950, Loss: 1.5963
Step 960, Loss: 1.7405
Step 970, Loss: 1.6257
Step 980, Loss: 1.7475
Step 990, Loss: 1.6744
Step 1000, Loss: 1.6111
Step 1010, Loss: 1.6050
Step 1020, Loss: 1.5704
Step 1030, Loss: 1.6448
Step 1040, Loss: 1.7015
Step 1050, Loss: 1.6521
Step 1060, Loss: 1.6447
Step 1070, Loss: 1.6917
Step 1080, Loss: 1.5269
Step 1090, Loss: 1.6871
Step 1100, Loss: 1.5682
Step 1110, Loss: 1.5718
Step 1120, Loss: 1.6403
Step 1130, Loss: 1.6366
Step 1140, Loss: 1.6984
Step 1150, Loss: 1.7188
Step 1160, Loss: 1.6374
Step 1170, Loss: 1.6308
Step 1180, Loss: 1.6586
Step 1190, Loss: 1.6674
Step 1200, Loss: 1.5908
Step 1210, Loss: 1.7403
Step 1220, Loss: 1.5932
Step 1230, Loss: 1.7478
Step 1240, Loss: 1.6021
Step 1250, Loss: 1.6854
Step 1260, Loss: 1.5532
Step 1270, Loss: 1.6578
Step 1280, Loss: 1.6571
Step 1290, Loss: 1.6908
Step 1300, Loss: 1.5837
Step 1310, Loss: 1.6710
Step 1320, Loss: 1.7586
Step 1330, Loss: 1.6221
Step 1340, Loss: 1.6844
Step 1350, Loss: 1.7330
Step 1360, Loss: 1.5764
Step 1370, Loss: 1.6224
Step 1380, Loss: 1.7100
Step 1390, Loss: 1.6794
Step 1400, Loss: 1.6387
Step 1410, Loss: 1.6818
Step 1420, Loss: 1.6723
Step 1430, Loss: 1.6347
Step 1440, Loss: 1.7205
Step 1450, Loss: 1.6967
Step 1460, Loss: 1.5720
Step 1470, Loss: 1.6706
Step 1480, Loss: 1.5202
Step 1490, Loss: 1.6647
Step 1500, Loss: 1.6843
Step 1510, Loss: 1.6407
Step 1520, Loss: 1.5635
Step 1530, Loss: 1.6352
Step 1540, Loss: 1.6497
Step 1550, Loss: 1.6331
Step 1560, Loss: 1.8455
Step 1570, Loss: 1.6012
Step 1580, Loss: 1.6386
Step 1590, Loss: 1.6209
Step 1600, Loss: 1.7904
Step 1610, Loss: 1.7378
Step 1620, Loss: 1.5781
Step 1630, Loss: 1.6144
Step 1640, Loss: 1.5832
Step 1650, Loss: 1.5997
Step 1660, Loss: 1.6452
Step 1670, Loss: 1.5864
Step 1680, Loss: 1.6239
Step 1690, Loss: 1.6510
Step 1700, Loss: 1.6393
Step 1710, Loss: 1.6586
Step 1720, Loss: 1.6750
Step 1730, Loss: 1.6451
Step 1740, Loss: 1.7849
Step 1750, Loss: 1.5675
Step 1760, Loss: 1.6627
Step 1770, Loss: 1.6757
Step 1780, Loss: 1.6092
Step 1790, Loss: 1.5679
Step 1800, Loss: 1.8012
Step 1810, Loss: 1.6167
Step 1820, Loss: 1.7329
Step 1830, Loss: 1.7314
Step 1840, Loss: 1.7071
Step 1850, Loss: 1.6629
Step 1860, Loss: 1.5577
Step 1870, Loss: 1.6475
Step 1880, Loss: 1.5621
Step 1890, Loss: 1.6565
Step 1900, Loss: 1.6927
Step 1910, Loss: 1.5272
Step 1920, Loss: 1.5601
Step 1930, Loss: 1.6501
Step 1940, Loss: 1.6597
Step 1950, Loss: 1.7275
Step 1960, Loss: 1.6226
Step 1970, Loss: 1.7744
Step 1980, Loss: 1.5944
Step 1990, Loss: 1.5948
Epoch 6, Average Loss: 1.6541
[Info] 模型檢查點已保存至 ./checkpoints/20250106_184054/epoch_6.pt

Epoch 7/10
Step 0, Loss: 1.6287
Step 10, Loss: 1.7011
Step 20, Loss: 1.8211
Step 30, Loss: 1.7524
Step 40, Loss: 1.7165
Step 50, Loss: 1.7180
Step 60, Loss: 1.6506
Step 70, Loss: 1.5825
Step 80, Loss: 1.7135
Step 90, Loss: 1.6532
Step 100, Loss: 1.8163
Step 110, Loss: 1.8582
Step 120, Loss: 1.6799
Step 130, Loss: 1.7325
Step 140, Loss: 1.6326
Step 150, Loss: 1.6763
Step 160, Loss: 1.5724
Step 170, Loss: 1.6045
Step 180, Loss: 1.6101
Step 190, Loss: 1.7799
Step 200, Loss: 1.7188
Step 210, Loss: 1.6757
Step 220, Loss: 1.6285
Step 230, Loss: 1.5598
Step 240, Loss: 1.6686
Step 250, Loss: 1.8162
Step 260, Loss: 1.8305
Step 270, Loss: 1.7113
Step 280, Loss: 1.6926
Step 290, Loss: 1.6519
Step 300, Loss: 1.7378
Step 310, Loss: 1.6100
Step 320, Loss: 1.6065
Step 330, Loss: 1.6428
Step 340, Loss: 1.6787
Step 350, Loss: 1.6518
Step 360, Loss: 1.6619
Step 370, Loss: 1.7571
Step 380, Loss: 1.6949
Step 390, Loss: 1.7138
Step 400, Loss: 1.7441
Step 410, Loss: 1.6574
Step 420, Loss: 1.5640
Step 430, Loss: 1.6051
Step 440, Loss: 1.7337
Step 450, Loss: 1.6361
Step 460, Loss: 1.6137
Step 470, Loss: 1.5663
Step 480, Loss: 1.5985
Step 490, Loss: 1.6308
Step 500, Loss: 1.6115
Step 510, Loss: 1.6028
Step 520, Loss: 1.6212
Step 530, Loss: 1.6845
Step 540, Loss: 1.5185
Step 550, Loss: 1.7425
Step 560, Loss: 1.5873
Step 570, Loss: 1.7434
Step 580, Loss: 1.5963
Step 590, Loss: 1.7095
Step 600, Loss: 1.6438
Step 610, Loss: 1.6254
Step 620, Loss: 1.7565
Step 630, Loss: 1.6602
Step 640, Loss: 1.5534
Step 650, Loss: 1.5445
Step 660, Loss: 1.6955
Step 670, Loss: 1.7041
Step 680, Loss: 1.6091
Step 690, Loss: 1.5094
Step 700, Loss: 1.6466
Step 710, Loss: 1.5945
Step 720, Loss: 1.6517
Step 730, Loss: 1.6303
Step 740, Loss: 1.5764
Step 750, Loss: 1.7421
Step 760, Loss: 1.5865
Step 770, Loss: 1.5615
Step 780, Loss: 1.5814
Step 790, Loss: 1.6236
Step 800, Loss: 1.5999
Step 810, Loss: 1.6972
Step 820, Loss: 1.6397
Step 830, Loss: 1.6618
Step 840, Loss: 1.6383
Step 850, Loss: 1.6897
Step 860, Loss: 1.7185
Step 870, Loss: 1.5492
Step 880, Loss: 1.6914
Step 890, Loss: 1.7286
Step 900, Loss: 1.7301
Step 910, Loss: 1.6115
Step 920, Loss: 1.6562
Step 930, Loss: 1.5261
Step 940, Loss: 1.5993
Step 950, Loss: 1.6401
Step 960, Loss: 1.7047
Step 970, Loss: 1.6428
Step 980, Loss: 1.7508
Step 990, Loss: 1.6344
Step 1000, Loss: 1.6326
Step 1010, Loss: 1.5927
Step 1020, Loss: 1.5720
Step 1030, Loss: 1.7048
Step 1040, Loss: 1.6856
Step 1050, Loss: 1.6970
Step 1060, Loss: 1.6281
Step 1070, Loss: 1.6734
Step 1080, Loss: 1.5492
Step 1090, Loss: 1.6862
Step 1100, Loss: 1.5950
Step 1110, Loss: 1.5747
Step 1120, Loss: 1.6660
Step 1130, Loss: 1.7578
Step 1140, Loss: 1.6947
Step 1150, Loss: 1.6412
Step 1160, Loss: 1.6360
Step 1170, Loss: 1.6415
Step 1180, Loss: 1.6363
Step 1190, Loss: 1.6669
Step 1200, Loss: 1.6225
Step 1210, Loss: 1.7336
Step 1220, Loss: 1.6124
Step 1230, Loss: 1.7894
Step 1240, Loss: 1.6286
Step 1250, Loss: 1.6066
Step 1260, Loss: 1.6259
Step 1270, Loss: 1.6465
Step 1280, Loss: 1.6418
Step 1290, Loss: 1.6743
Step 1300, Loss: 1.6869
Step 1310, Loss: 1.6262
Step 1320, Loss: 1.7331
Step 1330, Loss: 1.5739
Step 1340, Loss: 1.7244
Step 1350, Loss: 1.7649
Step 1360, Loss: 1.5731
Step 1370, Loss: 1.6029
Step 1380, Loss: 1.7130
Step 1390, Loss: 1.7312
Step 1400, Loss: 1.6335
Step 1410, Loss: 1.6631
Step 1420, Loss: 1.7059
Step 1430, Loss: 1.6002
Step 1440, Loss: 1.6917
Step 1450, Loss: 1.6297
Step 1460, Loss: 1.5581
Step 1470, Loss: 1.6107
Step 1480, Loss: 1.5421
Step 1490, Loss: 1.6337
Step 1500, Loss: 1.6627
Step 1510, Loss: 1.6953
Step 1520, Loss: 1.5636
Step 1530, Loss: 1.5906
Step 1540, Loss: 1.6594
Step 1550, Loss: 1.5794
Step 1560, Loss: 1.7574
Step 1570, Loss: 1.6200
Step 1580, Loss: 1.6662
Step 1590, Loss: 1.5833
Step 1600, Loss: 1.8072
Step 1610, Loss: 1.6939
Step 1620, Loss: 1.7499
Step 1630, Loss: 1.6580
Step 1640, Loss: 1.6450
Step 1650, Loss: 1.6487
Step 1660, Loss: 1.5890
Step 1670, Loss: 1.5994
Step 1680, Loss: 1.6808
Step 1690, Loss: 1.6622
Step 1700, Loss: 1.6319
Step 1710, Loss: 1.5786
Step 1720, Loss: 1.7015
Step 1730, Loss: 1.5795
Step 1740, Loss: 1.7895
Step 1750, Loss: 1.5719
Step 1760, Loss: 1.6362
Step 1770, Loss: 1.7280
Step 1780, Loss: 1.6424
Step 1790, Loss: 1.5804
Step 1800, Loss: 1.8395
Step 1810, Loss: 1.5635
Step 1820, Loss: 1.6792
Step 1830, Loss: 1.6743
Step 1840, Loss: 1.6587
Step 1850, Loss: 1.6897
Step 1860, Loss: 1.5507
Step 1870, Loss: 1.6324
Step 1880, Loss: 1.6342
Step 1890, Loss: 1.6593
Step 1900, Loss: 1.6823
Step 1910, Loss: 1.5649
Step 1920, Loss: 1.6368
Step 1930, Loss: 1.6546
Step 1940, Loss: 1.7246
Step 1950, Loss: 1.6630
Step 1960, Loss: 1.5673
Step 1970, Loss: 1.7234
Step 1980, Loss: 1.6135
Step 1990, Loss: 1.6063
Epoch 7, Average Loss: 1.6521
[Info] 模型檢查點已保存至 ./checkpoints/20250106_184054/epoch_7.pt

Epoch 8/10
Step 0, Loss: 1.6183
Step 10, Loss: 1.6993
Step 20, Loss: 1.7300
Step 30, Loss: 1.7213
Step 40, Loss: 1.5794
Step 50, Loss: 1.6172
Step 60, Loss: 1.6984
Step 70, Loss: 1.6766
Step 80, Loss: 1.7236
Step 90, Loss: 1.7124
Step 100, Loss: 1.7770
Step 110, Loss: 1.8631
Step 120, Loss: 1.6250
Step 130, Loss: 1.7932
Step 140, Loss: 1.6240
Step 150, Loss: 1.7175
Step 160, Loss: 1.5737
Step 170, Loss: 1.6360
Step 180, Loss: 1.6060
Step 190, Loss: 1.7285
Step 200, Loss: 1.7095
Step 210, Loss: 1.6937
Step 220, Loss: 1.6499
Step 230, Loss: 1.5729
Step 240, Loss: 1.6634
Step 250, Loss: 1.7804
Step 260, Loss: 1.7545
Step 270, Loss: 1.7261
Step 280, Loss: 1.6895
Step 290, Loss: 1.6250
Step 300, Loss: 1.7684
Step 310, Loss: 1.5874
Step 320, Loss: 1.5773
Step 330, Loss: 1.6495
Step 340, Loss: 1.7134
Step 350, Loss: 1.7118
Step 360, Loss: 1.6374
Step 370, Loss: 1.7109
Step 380, Loss: 1.7449
Step 390, Loss: 1.7047
Step 400, Loss: 1.7157
Step 410, Loss: 1.6142
Step 420, Loss: 1.5730
Step 430, Loss: 1.6812
Step 440, Loss: 1.7503
Step 450, Loss: 1.6206
Step 460, Loss: 1.6223
Step 470, Loss: 1.5426
Step 480, Loss: 1.5783
Step 490, Loss: 1.5999
Step 500, Loss: 1.6981
Step 510, Loss: 1.6281
Step 520, Loss: 1.6220
Step 530, Loss: 1.5972
Step 540, Loss: 1.5260
Step 550, Loss: 1.6968
Step 560, Loss: 1.5528
Step 570, Loss: 1.7006
Step 580, Loss: 1.6241
Step 590, Loss: 1.8099
Step 600, Loss: 1.7234
Step 610, Loss: 1.6342
Step 620, Loss: 1.7276
Step 630, Loss: 1.6243
Step 640, Loss: 1.5746
Step 650, Loss: 1.5785
Step 660, Loss: 1.7168
Step 670, Loss: 1.6705
Step 680, Loss: 1.6201
Step 690, Loss: 1.5452
Step 700, Loss: 1.6401
Step 710, Loss: 1.5896
Step 720, Loss: 1.6838
Step 730, Loss: 1.6848
Step 740, Loss: 1.5862
Step 750, Loss: 1.7483
Step 760, Loss: 1.5968
Step 770, Loss: 1.5761
Step 780, Loss: 1.5624
Step 790, Loss: 1.6820
Step 800, Loss: 1.6937
Step 810, Loss: 1.6159
Step 820, Loss: 1.6629
Step 830, Loss: 1.6442
Step 840, Loss: 1.6403
Step 850, Loss: 1.6379
Step 860, Loss: 1.6950
Step 870, Loss: 1.5545
Step 880, Loss: 1.6949
Step 890, Loss: 1.7559
Step 900, Loss: 1.7204
Step 910, Loss: 1.5935
Step 920, Loss: 1.6279
Step 930, Loss: 1.5431
Step 940, Loss: 1.5392
Step 950, Loss: 1.6235
Step 960, Loss: 1.7326
Step 970, Loss: 1.6352
Step 980, Loss: 1.6667
Step 990, Loss: 1.7053
Step 1000, Loss: 1.6235
Step 1010, Loss: 1.5735
Step 1020, Loss: 1.5887
Step 1030, Loss: 1.6173
Step 1040, Loss: 1.6563
Step 1050, Loss: 1.6333
Step 1060, Loss: 1.7204
Step 1070, Loss: 1.6752
Step 1080, Loss: 1.5629
Step 1090, Loss: 1.6215
Step 1100, Loss: 1.5670
Step 1110, Loss: 1.5821
Step 1120, Loss: 1.6174
Step 1130, Loss: 1.6833
Step 1140, Loss: 1.6998
Step 1150, Loss: 1.7062
Step 1160, Loss: 1.6417
Step 1170, Loss: 1.6736
Step 1180, Loss: 1.5612
Step 1190, Loss: 1.6594
Step 1200, Loss: 1.5957
Step 1210, Loss: 1.7391
Step 1220, Loss: 1.5820
Step 1230, Loss: 1.7308
Step 1240, Loss: 1.6478
Step 1250, Loss: 1.6845
Step 1260, Loss: 1.6030
Step 1270, Loss: 1.6863
Step 1280, Loss: 1.6200
Step 1290, Loss: 1.7235
Step 1300, Loss: 1.7775
Step 1310, Loss: 1.6576
Step 1320, Loss: 1.7279
Step 1330, Loss: 1.6217
Step 1340, Loss: 1.8137
Step 1350, Loss: 1.7142
Step 1360, Loss: 1.5879
Step 1370, Loss: 1.6061
Step 1380, Loss: 1.6414
Step 1390, Loss: 1.6383
Step 1400, Loss: 1.7052
Step 1410, Loss: 1.6443
Step 1420, Loss: 1.6971
Step 1430, Loss: 1.6477
Step 1440, Loss: 1.6015
Step 1450, Loss: 1.6847
Step 1460, Loss: 1.6213
Step 1470, Loss: 1.6517
Step 1480, Loss: 1.5783
Step 1490, Loss: 1.6726
Step 1500, Loss: 1.7408
Step 1510, Loss: 1.6275
Step 1520, Loss: 1.5759
Step 1530, Loss: 1.6343
Step 1540, Loss: 1.6689
Step 1550, Loss: 1.6270
Step 1560, Loss: 1.8076
Step 1570, Loss: 1.6293
Step 1580, Loss: 1.6896
Step 1590, Loss: 1.6318
Step 1600, Loss: 1.7886
Step 1610, Loss: 1.7614
Step 1620, Loss: 1.6478
Step 1630, Loss: 1.6283
Step 1640, Loss: 1.5923
Step 1650, Loss: 1.6237
Step 1660, Loss: 1.6486
Step 1670, Loss: 1.6021
Step 1680, Loss: 1.6179
Step 1690, Loss: 1.6794
Step 1700, Loss: 1.6540
Step 1710, Loss: 1.5989
Step 1720, Loss: 1.6459
Step 1730, Loss: 1.5923
Step 1740, Loss: 1.7243
Step 1750, Loss: 1.5396
Step 1760, Loss: 1.6273
Step 1770, Loss: 1.6747
Step 1780, Loss: 1.5840
Step 1790, Loss: 1.5467
Step 1800, Loss: 1.7856
Step 1810, Loss: 1.5865
Step 1820, Loss: 1.7091
Step 1830, Loss: 1.7440
Step 1840, Loss: 1.6619
Step 1850, Loss: 1.6729
Step 1860, Loss: 1.5905
Step 1870, Loss: 1.6265
Step 1880, Loss: 1.5235
Step 1890, Loss: 1.6404
Step 1900, Loss: 1.6835
Step 1910, Loss: 1.5374
Step 1920, Loss: 1.5628
Step 1930, Loss: 1.7110
Step 1940, Loss: 1.6075
Step 1950, Loss: 1.7770
Step 1960, Loss: 1.5895
Step 1970, Loss: 1.7835
Step 1980, Loss: 1.6227
Step 1990, Loss: 1.5733
Epoch 8, Average Loss: 1.6500
[Info] 模型檢查點已保存至 ./checkpoints/20250106_184054/epoch_8.pt

Epoch 9/10
Step 0, Loss: 1.6246
Step 10, Loss: 1.6959
Step 20, Loss: 1.7103
Step 30, Loss: 1.7415
Step 40, Loss: 1.5685
Step 50, Loss: 1.6588
Step 60, Loss: 1.6731
Step 70, Loss: 1.6402
Step 80, Loss: 1.7490
Step 90, Loss: 1.6195
Step 100, Loss: 1.7512
Step 110, Loss: 1.8352
Step 120, Loss: 1.6587
Step 130, Loss: 1.7733
Step 140, Loss: 1.6088
Step 150, Loss: 1.6846
Step 160, Loss: 1.5730
Step 170, Loss: 1.5484
Step 180, Loss: 1.6289
Step 190, Loss: 1.7518
Step 200, Loss: 1.7164
Step 210, Loss: 1.7388
Step 220, Loss: 1.6283
Step 230, Loss: 1.5774
Step 240, Loss: 1.6536
Step 250, Loss: 1.7903
Step 260, Loss: 1.7805
Step 270, Loss: 1.6945
Step 280, Loss: 1.7062
Step 290, Loss: 1.6275
Step 300, Loss: 1.7214
Step 310, Loss: 1.6483
Step 320, Loss: 1.6157
Step 330, Loss: 1.6376
Step 340, Loss: 1.6839
Step 350, Loss: 1.6533
Step 360, Loss: 1.6479
Step 370, Loss: 1.7472
Step 380, Loss: 1.6736
Step 390, Loss: 1.6643
Step 400, Loss: 1.7578
Step 410, Loss: 1.6380
Step 420, Loss: 1.6105
Step 430, Loss: 1.7137
Step 440, Loss: 1.7500
Step 450, Loss: 1.6376
Step 460, Loss: 1.6065
Step 470, Loss: 1.5104
Step 480, Loss: 1.5332
Step 490, Loss: 1.5932
Step 500, Loss: 1.6240
Step 510, Loss: 1.6018
Step 520, Loss: 1.6302
Step 530, Loss: 1.6362
Step 540, Loss: 1.5228
Step 550, Loss: 1.7304
Step 560, Loss: 1.5615
Step 570, Loss: 1.7137
Step 580, Loss: 1.6395
Step 590, Loss: 1.7145
Step 600, Loss: 1.6671
Step 610, Loss: 1.6363
Step 620, Loss: 1.7466
Step 630, Loss: 1.6133
Step 640, Loss: 1.5560
Step 650, Loss: 1.5800
Step 660, Loss: 1.7300
Step 670, Loss: 1.6641
Step 680, Loss: 1.6197
Step 690, Loss: 1.5116
Step 700, Loss: 1.6612
Step 710, Loss: 1.5732
Step 720, Loss: 1.5888
Step 730, Loss: 1.6382
Step 740, Loss: 1.5643
Step 750, Loss: 1.8422
Step 760, Loss: 1.6230
Step 770, Loss: 1.5835
Step 780, Loss: 1.5790
Step 790, Loss: 1.6195
Step 800, Loss: 1.6614
Step 810, Loss: 1.6572
Step 820, Loss: 1.6249
Step 830, Loss: 1.6650
Step 840, Loss: 1.6688
Step 850, Loss: 1.6926
Step 860, Loss: 1.6870
Step 870, Loss: 1.5659
Step 880, Loss: 1.6502
Step 890, Loss: 1.7431
Step 900, Loss: 1.7591
Step 910, Loss: 1.5692
Step 920, Loss: 1.6529
Step 930, Loss: 1.5636
Step 940, Loss: 1.6025
Step 950, Loss: 1.6288
Step 960, Loss: 1.7262
Step 970, Loss: 1.6607
Step 980, Loss: 1.6717
Step 990, Loss: 1.7132
Step 1000, Loss: 1.6383
Step 1010, Loss: 1.5954
Step 1020, Loss: 1.6145
Step 1030, Loss: 1.6577
Step 1040, Loss: 1.6941
Step 1050, Loss: 1.6611
Step 1060, Loss: 1.6131
Step 1070, Loss: 1.6728
Step 1080, Loss: 1.5193
Step 1090, Loss: 1.6559
Step 1100, Loss: 1.5333
Step 1110, Loss: 1.5683
Step 1120, Loss: 1.6455
Step 1130, Loss: 1.7030
Step 1140, Loss: 1.7186
Step 1150, Loss: 1.6856
Step 1160, Loss: 1.6507
Step 1170, Loss: 1.6973
Step 1180, Loss: 1.5740
Step 1190, Loss: 1.6504
Step 1200, Loss: 1.5893
Step 1210, Loss: 1.7274
Step 1220, Loss: 1.6042
Step 1230, Loss: 1.7378
Step 1240, Loss: 1.6106
Step 1250, Loss: 1.7212
Step 1260, Loss: 1.5413
Step 1270, Loss: 1.6573
Step 1280, Loss: 1.6678
Step 1290, Loss: 1.6494
Step 1300, Loss: 1.5838
Step 1310, Loss: 1.6562
Step 1320, Loss: 1.7539
Step 1330, Loss: 1.5754
Step 1340, Loss: 1.6731
Step 1350, Loss: 1.7344
Step 1360, Loss: 1.5886
Step 1370, Loss: 1.6031
Step 1380, Loss: 1.6344
Step 1390, Loss: 1.6239
Step 1400, Loss: 1.6845
Step 1410, Loss: 1.6746
Step 1420, Loss: 1.6937
Step 1430, Loss: 1.6198
Step 1440, Loss: 1.5973
Step 1450, Loss: 1.6504
Step 1460, Loss: 1.5683
Step 1470, Loss: 1.6274
Step 1480, Loss: 1.5341
Step 1490, Loss: 1.6381
Step 1500, Loss: 1.6811
Step 1510, Loss: 1.6963
Step 1520, Loss: 1.6155
Step 1530, Loss: 1.5860
Step 1540, Loss: 1.7049
Step 1550, Loss: 1.6003
Step 1560, Loss: 1.8260
Step 1570, Loss: 1.6078
Step 1580, Loss: 1.6315
Step 1590, Loss: 1.6100
Step 1600, Loss: 1.7723
Step 1610, Loss: 1.7644
Step 1620, Loss: 1.6870
Step 1630, Loss: 1.6429
Step 1640, Loss: 1.6268
Step 1650, Loss: 1.6008
Step 1660, Loss: 1.6567
Step 1670, Loss: 1.5598
Step 1680, Loss: 1.6376
Step 1690, Loss: 1.6558
Step 1700, Loss: 1.6075
Step 1710, Loss: 1.6191
Step 1720, Loss: 1.6479
Step 1730, Loss: 1.5902
Step 1740, Loss: 1.8023
Step 1750, Loss: 1.5320
Step 1760, Loss: 1.6264
Step 1770, Loss: 1.6782
Step 1780, Loss: 1.6421
Step 1790, Loss: 1.5723
Step 1800, Loss: 1.8270
Step 1810, Loss: 1.6360
Step 1820, Loss: 1.6472
Step 1830, Loss: 1.7446
Step 1840, Loss: 1.6871
Step 1850, Loss: 1.6751
Step 1860, Loss: 1.5680
Step 1870, Loss: 1.5900
Step 1880, Loss: 1.5604
Step 1890, Loss: 1.6389
Step 1900, Loss: 1.6794
Step 1910, Loss: 1.5859
Step 1920, Loss: 1.5484
Step 1930, Loss: 1.6537
Step 1940, Loss: 1.6590
Step 1950, Loss: 1.7438
Step 1960, Loss: 1.6407
Step 1970, Loss: 1.7810
Step 1980, Loss: 1.5900
Step 1990, Loss: 1.5798
Epoch 9, Average Loss: 1.6436
[Info] 模型檢查點已保存至 ./checkpoints/20250106_184054/epoch_9.pt

Epoch 10/10
Step 0, Loss: 1.6003
Step 10, Loss: 1.7035
Step 20, Loss: 1.7427
Step 30, Loss: 1.6974
Step 40, Loss: 1.5661
Step 50, Loss: 1.6646
Step 60, Loss: 1.6752
Step 70, Loss: 1.5943
Step 80, Loss: 1.7254
Step 90, Loss: 1.6386
Step 100, Loss: 1.7595
Step 110, Loss: 1.8054
Step 120, Loss: 1.5875
Step 130, Loss: 1.7635
Step 140, Loss: 1.6534
Step 150, Loss: 1.7172
Step 160, Loss: 1.5764
Step 170, Loss: 1.6574
Step 180, Loss: 1.5726
Step 190, Loss: 1.7508
Step 200, Loss: 1.6979
Step 210, Loss: 1.6990
Step 220, Loss: 1.6265
Step 230, Loss: 1.5669
Step 240, Loss: 1.6441
Step 250, Loss: 1.7587
Step 260, Loss: 1.7350
Step 270, Loss: 1.6671
Step 280, Loss: 1.6602
Step 290, Loss: 1.6392
Step 300, Loss: 1.7448
Step 310, Loss: 1.6108
Step 320, Loss: 1.5642
Step 330, Loss: 1.6220
Step 340, Loss: 1.6663
Step 350, Loss: 1.7116
Step 360, Loss: 1.6187
Step 370, Loss: 1.7514
Step 380, Loss: 1.6220
Step 390, Loss: 1.6829
Step 400, Loss: 1.7321
Step 410, Loss: 1.6608
Step 420, Loss: 1.5993
Step 430, Loss: 1.6690
Step 440, Loss: 1.7611
Step 450, Loss: 1.6261
Step 460, Loss: 1.5796
Step 470, Loss: 1.5472
Step 480, Loss: 1.5310
Step 490, Loss: 1.5684
Step 500, Loss: 1.6391
Step 510, Loss: 1.6158
Step 520, Loss: 1.6202
Step 530, Loss: 1.5985
Step 540, Loss: 1.5225
Step 550, Loss: 1.7830
Step 560, Loss: 1.5685
Step 570, Loss: 1.7135
Step 580, Loss: 1.6091
Step 590, Loss: 1.7058
Step 600, Loss: 1.6524
Step 610, Loss: 1.6565
Step 620, Loss: 1.6911
Step 630, Loss: 1.6506
Step 640, Loss: 1.5353
Step 650, Loss: 1.5373
Step 660, Loss: 1.7568
Step 670, Loss: 1.6535
Step 680, Loss: 1.6187
Step 690, Loss: 1.5162
Step 700, Loss: 1.5914
Step 710, Loss: 1.5577
Step 720, Loss: 1.6148
Step 730, Loss: 1.6409
Step 740, Loss: 1.5687
Step 750, Loss: 1.8105
Step 760, Loss: 1.5784
Step 770, Loss: 1.5597
Step 780, Loss: 1.5846
Step 790, Loss: 1.6564
Step 800, Loss: 1.6118
Step 810, Loss: 1.6644
Step 820, Loss: 1.6125
Step 830, Loss: 1.6284
Step 840, Loss: 1.6534
Step 850, Loss: 1.6782
Step 860, Loss: 1.6368
Step 870, Loss: 1.5585
Step 880, Loss: 1.6239
Step 890, Loss: 1.7319
Step 900, Loss: 1.6595
Step 910, Loss: 1.5622
Step 920, Loss: 1.6595
Step 930, Loss: 1.5255
Step 940, Loss: 1.6062
Step 950, Loss: 1.5673
Step 960, Loss: 1.7185
Step 970, Loss: 1.5723
Step 980, Loss: 1.6637
Step 990, Loss: 1.6995
Step 1000, Loss: 1.6229
Step 1010, Loss: 1.5978
Step 1020, Loss: 1.6271
Step 1030, Loss: 1.6969
Step 1040, Loss: 1.7049
Step 1050, Loss: 1.6287
Step 1060, Loss: 1.6235
Step 1070, Loss: 1.6244
Step 1080, Loss: 1.5249
Step 1090, Loss: 1.6959
Step 1100, Loss: 1.5843
Step 1110, Loss: 1.5807
Step 1120, Loss: 1.6335
Step 1130, Loss: 1.7040
Step 1140, Loss: 1.6317
Step 1150, Loss: 1.6358
Step 1160, Loss: 1.6974
Step 1170, Loss: 1.6829
Step 1180, Loss: 1.5899
Step 1190, Loss: 1.6638
Step 1200, Loss: 1.6139
Step 1210, Loss: 1.7587
Step 1220, Loss: 1.6084
Step 1230, Loss: 1.7107
Step 1240, Loss: 1.6154
Step 1250, Loss: 1.6559
Step 1260, Loss: 1.5735
Step 1270, Loss: 1.6184
Step 1280, Loss: 1.6011
Step 1290, Loss: 1.7027
Step 1300, Loss: 1.5638
Step 1310, Loss: 1.7119
Step 1320, Loss: 1.7121
Step 1330, Loss: 1.5770
Step 1340, Loss: 1.7045
Step 1350, Loss: 1.6944
Step 1360, Loss: 1.5473
Step 1370, Loss: 1.6239
Step 1380, Loss: 1.7709
Step 1390, Loss: 1.5875
Step 1400, Loss: 1.6974
Step 1410, Loss: 1.6455
Step 1420, Loss: 1.7009
Step 1430, Loss: 1.6111
Step 1440, Loss: 1.6230
Step 1450, Loss: 1.6921
Step 1460, Loss: 1.5663
Step 1470, Loss: 1.6504
Step 1480, Loss: 1.5101
Step 1490, Loss: 1.6362
Step 1500, Loss: 1.6668
Step 1510, Loss: 1.6837
Step 1520, Loss: 1.5479
Step 1530, Loss: 1.5984
Step 1540, Loss: 1.6235
Step 1550, Loss: 1.6412
Step 1560, Loss: 1.7799
Step 1570, Loss: 1.5703
Step 1580, Loss: 1.6668
Step 1590, Loss: 1.6595
Step 1600, Loss: 1.7858
Step 1610, Loss: 1.7260
Step 1620, Loss: 1.6699
Step 1630, Loss: 1.6464
Step 1640, Loss: 1.6180
Step 1650, Loss: 1.6697
Step 1660, Loss: 1.5800
Step 1670, Loss: 1.5620
Step 1680, Loss: 1.6444
Step 1690, Loss: 1.6621
Step 1700, Loss: 1.6161
Step 1710, Loss: 1.5960
Step 1720, Loss: 1.6378
Step 1730, Loss: 1.6538
Step 1740, Loss: 1.7799
Step 1750, Loss: 1.5302
Step 1760, Loss: 1.6732
Step 1770, Loss: 1.7205
Step 1780, Loss: 1.5970
Step 1790, Loss: 1.5622
Step 1800, Loss: 1.7587
Step 1810, Loss: 1.5950
Step 1820, Loss: 1.6469
Step 1830, Loss: 1.7422
Step 1840, Loss: 1.6724
Step 1850, Loss: 1.6445
Step 1860, Loss: 1.5830
Step 1870, Loss: 1.6245
Step 1880, Loss: 1.5529
Step 1890, Loss: 1.6616
Step 1900, Loss: 1.6706
Step 1910, Loss: 1.5408
Step 1920, Loss: 1.5668
Step 1930, Loss: 1.6307
Step 1940, Loss: 1.6342
Step 1950, Loss: 1.7384
Step 1960, Loss: 1.5959
Step 1970, Loss: 1.7567
Step 1980, Loss: 1.6621
Step 1990, Loss: 1.5744
Epoch 10, Average Loss: 1.6432
[Info] 模型檢查點已保存至 ./checkpoints/20250106_184054/epoch_10.pt
